This is pdfTeX, Version 3.14159265-2.6-1.40.17 (TeX Live 2016) (preloaded format=pdflatex 2018.8.21)  28 MAY 2021 13:34
entering extended mode
 \write18 enabled.
 %&-line parsing enabled.
**livret_MITIC_4e_v11.tex
(./livret_MITIC_4e_v11.tex
LaTeX2e <2016/03/31>
Babel <3.9r> and hyphenation patterns for 83 language(s) loaded.
(./moncours.cls
Document Class: moncours 
(/usr/local/texlive/2016/texmf-dist/tex/latex/base/book.cls
Document Class: book 2014/09/29 v1.4h Standard LaTeX document class
(/usr/local/texlive/2016/texmf-dist/tex/latex/base/fleqn.clo
File: fleqn.clo 2015/03/31 v1.1i Standard LaTeX option (flush left equations)
\mathindent=\dimen102
Applying: [2015/01/01] Make \[ robust on input line 50.
LaTeX Info: Redefining \[ on input line 51.
Already applied: [0000/00/00] Make \[ robust on input line 62.
Applying: [2015/01/01] Make \] robust on input line 74.
LaTeX Info: Redefining \] on input line 75.
Already applied: [0000/00/00] Make \] robust on input line 83.
)
(/usr/local/texlive/2016/texmf-dist/tex/latex/base/bk12.clo
File: bk12.clo 2014/09/29 v1.4h Standard LaTeX file (size option)
)
\c@part=\count79
\c@chapter=\count80
\c@section=\count81
\c@subsection=\count82
\c@subsubsection=\count83
\c@paragraph=\count84
\c@subparagraph=\count85
\c@figure=\count86
\c@table=\count87
\abovecaptionskip=\skip41
\belowcaptionskip=\skip42
\bibindent=\dimen103
)
(/usr/local/texlive/2016/texmf-dist/tex/latex/geometry/geometry.sty
Package: geometry 2010/09/12 v5.6 Page Geometry

(/usr/local/texlive/2016/texmf-dist/tex/latex/graphics/keyval.sty
Package: keyval 2014/10/28 v1.15 key=value parser (DPC)
\KV@toks@=\toks14
)
(/usr/local/texlive/2016/texmf-dist/tex/generic/oberdiek/ifpdf.sty
Package: ifpdf 2016/05/14 v3.1 Provides the ifpdf switch
)
(/usr/local/texlive/2016/texmf-dist/tex/generic/oberdiek/ifvtex.sty
Package: ifvtex 2016/05/16 v1.6 Detect VTeX and its facilities (HO)
Package ifvtex Info: VTeX not detected.
)
(/usr/local/texlive/2016/texmf-dist/tex/generic/ifxetex/ifxetex.sty
Package: ifxetex 2010/09/12 v0.6 Provides ifxetex conditional
)
\Gm@cnth=\count88
\Gm@cntv=\count89
\c@Gm@tempcnt=\count90
\Gm@bindingoffset=\dimen104
\Gm@wd@mp=\dimen105
\Gm@odd@mp=\dimen106
\Gm@even@mp=\dimen107
\Gm@layoutwidth=\dimen108
\Gm@layoutheight=\dimen109
\Gm@layouthoffset=\dimen110
\Gm@layoutvoffset=\dimen111
\Gm@dimlist=\toks15
)
(/usr/local/texlive/2016/texmf-dist/tex/latex/base/inputenc.sty
Package: inputenc 2015/03/17 v1.2c Input encoding file
\inpenc@prehook=\toks16
\inpenc@posthook=\toks17

(/usr/local/texlive/2016/texmf-dist/tex/latex/base/utf8.def
File: utf8.def 2016/02/28 v1.1s UTF-8 support for inputenc
Now handling font encoding OML ...
... no UTF-8 mapping file for font encoding OML
Now handling font encoding T1 ...
... processing UTF-8 mapping file for font encoding T1

(/usr/local/texlive/2016/texmf-dist/tex/latex/base/t1enc.dfu
File: t1enc.dfu 2016/02/28 v1.1s UTF-8 support for inputenc
   defining Unicode char U+00A0 (decimal 160)
   defining Unicode char U+00A1 (decimal 161)
   defining Unicode char U+00A3 (decimal 163)
   defining Unicode char U+00AB (decimal 171)
   defining Unicode char U+00AD (decimal 173)
   defining Unicode char U+00BB (decimal 187)
   defining Unicode char U+00BF (decimal 191)
   defining Unicode char U+00C0 (decimal 192)
   defining Unicode char U+00C1 (decimal 193)
   defining Unicode char U+00C2 (decimal 194)
   defining Unicode char U+00C3 (decimal 195)
   defining Unicode char U+00C4 (decimal 196)
   defining Unicode char U+00C5 (decimal 197)
   defining Unicode char U+00C6 (decimal 198)
   defining Unicode char U+00C7 (decimal 199)
   defining Unicode char U+00C8 (decimal 200)
   defining Unicode char U+00C9 (decimal 201)
   defining Unicode char U+00CA (decimal 202)
   defining Unicode char U+00CB (decimal 203)
   defining Unicode char U+00CC (decimal 204)
   defining Unicode char U+00CD (decimal 205)
   defining Unicode char U+00CE (decimal 206)
   defining Unicode char U+00CF (decimal 207)
   defining Unicode char U+00D0 (decimal 208)
   defining Unicode char U+00D1 (decimal 209)
   defining Unicode char U+00D2 (decimal 210)
   defining Unicode char U+00D3 (decimal 211)
   defining Unicode char U+00D4 (decimal 212)
   defining Unicode char U+00D5 (decimal 213)
   defining Unicode char U+00D6 (decimal 214)
   defining Unicode char U+00D8 (decimal 216)
   defining Unicode char U+00D9 (decimal 217)
   defining Unicode char U+00DA (decimal 218)
   defining Unicode char U+00DB (decimal 219)
   defining Unicode char U+00DC (decimal 220)
   defining Unicode char U+00DD (decimal 221)
   defining Unicode char U+00DE (decimal 222)
   defining Unicode char U+00DF (decimal 223)
   defining Unicode char U+00E0 (decimal 224)
   defining Unicode char U+00E1 (decimal 225)
   defining Unicode char U+00E2 (decimal 226)
   defining Unicode char U+00E3 (decimal 227)
   defining Unicode char U+00E4 (decimal 228)
   defining Unicode char U+00E5 (decimal 229)
   defining Unicode char U+00E6 (decimal 230)
   defining Unicode char U+00E7 (decimal 231)
   defining Unicode char U+00E8 (decimal 232)
   defining Unicode char U+00E9 (decimal 233)
   defining Unicode char U+00EA (decimal 234)
   defining Unicode char U+00EB (decimal 235)
   defining Unicode char U+00EC (decimal 236)
   defining Unicode char U+00ED (decimal 237)
   defining Unicode char U+00EE (decimal 238)
   defining Unicode char U+00EF (decimal 239)
   defining Unicode char U+00F0 (decimal 240)
   defining Unicode char U+00F1 (decimal 241)
   defining Unicode char U+00F2 (decimal 242)
   defining Unicode char U+00F3 (decimal 243)
   defining Unicode char U+00F4 (decimal 244)
   defining Unicode char U+00F5 (decimal 245)
   defining Unicode char U+00F6 (decimal 246)
   defining Unicode char U+00F8 (decimal 248)
   defining Unicode char U+00F9 (decimal 249)
   defining Unicode char U+00FA (decimal 250)
   defining Unicode char U+00FB (decimal 251)
   defining Unicode char U+00FC (decimal 252)
   defining Unicode char U+00FD (decimal 253)
   defining Unicode char U+00FE (decimal 254)
   defining Unicode char U+00FF (decimal 255)
   defining Unicode char U+0100 (decimal 256)
   defining Unicode char U+0101 (decimal 257)
   defining Unicode char U+0102 (decimal 258)
   defining Unicode char U+0103 (decimal 259)
   defining Unicode char U+0104 (decimal 260)
   defining Unicode char U+0105 (decimal 261)
   defining Unicode char U+0106 (decimal 262)
   defining Unicode char U+0107 (decimal 263)
   defining Unicode char U+0108 (decimal 264)
   defining Unicode char U+0109 (decimal 265)
   defining Unicode char U+010A (decimal 266)
   defining Unicode char U+010B (decimal 267)
   defining Unicode char U+010C (decimal 268)
   defining Unicode char U+010D (decimal 269)
   defining Unicode char U+010E (decimal 270)
   defining Unicode char U+010F (decimal 271)
   defining Unicode char U+0110 (decimal 272)
   defining Unicode char U+0111 (decimal 273)
   defining Unicode char U+0112 (decimal 274)
   defining Unicode char U+0113 (decimal 275)
   defining Unicode char U+0114 (decimal 276)
   defining Unicode char U+0115 (decimal 277)
   defining Unicode char U+0116 (decimal 278)
   defining Unicode char U+0117 (decimal 279)
   defining Unicode char U+0118 (decimal 280)
   defining Unicode char U+0119 (decimal 281)
   defining Unicode char U+011A (decimal 282)
   defining Unicode char U+011B (decimal 283)
   defining Unicode char U+011C (decimal 284)
   defining Unicode char U+011D (decimal 285)
   defining Unicode char U+011E (decimal 286)
   defining Unicode char U+011F (decimal 287)
   defining Unicode char U+0120 (decimal 288)
   defining Unicode char U+0121 (decimal 289)
   defining Unicode char U+0122 (decimal 290)
   defining Unicode char U+0123 (decimal 291)
   defining Unicode char U+0124 (decimal 292)
   defining Unicode char U+0125 (decimal 293)
   defining Unicode char U+0128 (decimal 296)
   defining Unicode char U+0129 (decimal 297)
   defining Unicode char U+012A (decimal 298)
   defining Unicode char U+012B (decimal 299)
   defining Unicode char U+012C (decimal 300)
   defining Unicode char U+012D (decimal 301)
   defining Unicode char U+012E (decimal 302)
   defining Unicode char U+012F (decimal 303)
   defining Unicode char U+0130 (decimal 304)
   defining Unicode char U+0131 (decimal 305)
   defining Unicode char U+0132 (decimal 306)
   defining Unicode char U+0133 (decimal 307)
   defining Unicode char U+0134 (decimal 308)
   defining Unicode char U+0135 (decimal 309)
   defining Unicode char U+0136 (decimal 310)
   defining Unicode char U+0137 (decimal 311)
   defining Unicode char U+0139 (decimal 313)
   defining Unicode char U+013A (decimal 314)
   defining Unicode char U+013B (decimal 315)
   defining Unicode char U+013C (decimal 316)
   defining Unicode char U+013D (decimal 317)
   defining Unicode char U+013E (decimal 318)
   defining Unicode char U+0141 (decimal 321)
   defining Unicode char U+0142 (decimal 322)
   defining Unicode char U+0143 (decimal 323)
   defining Unicode char U+0144 (decimal 324)
   defining Unicode char U+0145 (decimal 325)
   defining Unicode char U+0146 (decimal 326)
   defining Unicode char U+0147 (decimal 327)
   defining Unicode char U+0148 (decimal 328)
   defining Unicode char U+014A (decimal 330)
   defining Unicode char U+014B (decimal 331)
   defining Unicode char U+014C (decimal 332)
   defining Unicode char U+014D (decimal 333)
   defining Unicode char U+014E (decimal 334)
   defining Unicode char U+014F (decimal 335)
   defining Unicode char U+0150 (decimal 336)
   defining Unicode char U+0151 (decimal 337)
   defining Unicode char U+0152 (decimal 338)
   defining Unicode char U+0153 (decimal 339)
   defining Unicode char U+0154 (decimal 340)
   defining Unicode char U+0155 (decimal 341)
   defining Unicode char U+0156 (decimal 342)
   defining Unicode char U+0157 (decimal 343)
   defining Unicode char U+0158 (decimal 344)
   defining Unicode char U+0159 (decimal 345)
   defining Unicode char U+015A (decimal 346)
   defining Unicode char U+015B (decimal 347)
   defining Unicode char U+015C (decimal 348)
   defining Unicode char U+015D (decimal 349)
   defining Unicode char U+015E (decimal 350)
   defining Unicode char U+015F (decimal 351)
   defining Unicode char U+0160 (decimal 352)
   defining Unicode char U+0161 (decimal 353)
   defining Unicode char U+0162 (decimal 354)
   defining Unicode char U+0163 (decimal 355)
   defining Unicode char U+0164 (decimal 356)
   defining Unicode char U+0165 (decimal 357)
   defining Unicode char U+0168 (decimal 360)
   defining Unicode char U+0169 (decimal 361)
   defining Unicode char U+016A (decimal 362)
   defining Unicode char U+016B (decimal 363)
   defining Unicode char U+016C (decimal 364)
   defining Unicode char U+016D (decimal 365)
   defining Unicode char U+016E (decimal 366)
   defining Unicode char U+016F (decimal 367)
   defining Unicode char U+0170 (decimal 368)
   defining Unicode char U+0171 (decimal 369)
   defining Unicode char U+0172 (decimal 370)
   defining Unicode char U+0173 (decimal 371)
   defining Unicode char U+0174 (decimal 372)
   defining Unicode char U+0175 (decimal 373)
   defining Unicode char U+0176 (decimal 374)
   defining Unicode char U+0177 (decimal 375)
   defining Unicode char U+0178 (decimal 376)
   defining Unicode char U+0179 (decimal 377)
   defining Unicode char U+017A (decimal 378)
   defining Unicode char U+017B (decimal 379)
   defining Unicode char U+017C (decimal 380)
   defining Unicode char U+017D (decimal 381)
   defining Unicode char U+017E (decimal 382)
   defining Unicode char U+01CD (decimal 461)
   defining Unicode char U+01CE (decimal 462)
   defining Unicode char U+01CF (decimal 463)
   defining Unicode char U+01D0 (decimal 464)
   defining Unicode char U+01D1 (decimal 465)
   defining Unicode char U+01D2 (decimal 466)
   defining Unicode char U+01D3 (decimal 467)
   defining Unicode char U+01D4 (decimal 468)
   defining Unicode char U+01E2 (decimal 482)
   defining Unicode char U+01E3 (decimal 483)
   defining Unicode char U+01E6 (decimal 486)
   defining Unicode char U+01E7 (decimal 487)
   defining Unicode char U+01E8 (decimal 488)
   defining Unicode char U+01E9 (decimal 489)
   defining Unicode char U+01EA (decimal 490)
   defining Unicode char U+01EB (decimal 491)
   defining Unicode char U+01F0 (decimal 496)
   defining Unicode char U+01F4 (decimal 500)
   defining Unicode char U+01F5 (decimal 501)
   defining Unicode char U+0218 (decimal 536)
   defining Unicode char U+0219 (decimal 537)
   defining Unicode char U+021A (decimal 538)
   defining Unicode char U+021B (decimal 539)
   defining Unicode char U+1E02 (decimal 7682)
   defining Unicode char U+1E03 (decimal 7683)
   defining Unicode char U+200C (decimal 8204)
   defining Unicode char U+2010 (decimal 8208)
   defining Unicode char U+2011 (decimal 8209)
   defining Unicode char U+2012 (decimal 8210)
   defining Unicode char U+2013 (decimal 8211)
   defining Unicode char U+2014 (decimal 8212)
   defining Unicode char U+2015 (decimal 8213)
   defining Unicode char U+2018 (decimal 8216)
   defining Unicode char U+2019 (decimal 8217)
   defining Unicode char U+201A (decimal 8218)
   defining Unicode char U+201C (decimal 8220)
   defining Unicode char U+201D (decimal 8221)
   defining Unicode char U+201E (decimal 8222)
   defining Unicode char U+2030 (decimal 8240)
   defining Unicode char U+2031 (decimal 8241)
   defining Unicode char U+2039 (decimal 8249)
   defining Unicode char U+203A (decimal 8250)
   defining Unicode char U+2423 (decimal 9251)
)
Now handling font encoding OT1 ...
... processing UTF-8 mapping file for font encoding OT1

(/usr/local/texlive/2016/texmf-dist/tex/latex/base/ot1enc.dfu
File: ot1enc.dfu 2016/02/28 v1.1s UTF-8 support for inputenc
   defining Unicode char U+00A0 (decimal 160)
   defining Unicode char U+00A1 (decimal 161)
   defining Unicode char U+00A3 (decimal 163)
   defining Unicode char U+00AD (decimal 173)
   defining Unicode char U+00B8 (decimal 184)
   defining Unicode char U+00BF (decimal 191)
   defining Unicode char U+00C5 (decimal 197)
   defining Unicode char U+00C6 (decimal 198)
   defining Unicode char U+00D8 (decimal 216)
   defining Unicode char U+00DF (decimal 223)
   defining Unicode char U+00E6 (decimal 230)
   defining Unicode char U+00EC (decimal 236)
   defining Unicode char U+00ED (decimal 237)
   defining Unicode char U+00EE (decimal 238)
   defining Unicode char U+00EF (decimal 239)
   defining Unicode char U+00F8 (decimal 248)
   defining Unicode char U+0131 (decimal 305)
   defining Unicode char U+0141 (decimal 321)
   defining Unicode char U+0142 (decimal 322)
   defining Unicode char U+0152 (decimal 338)
   defining Unicode char U+0153 (decimal 339)
   defining Unicode char U+0174 (decimal 372)
   defining Unicode char U+0175 (decimal 373)
   defining Unicode char U+0176 (decimal 374)
   defining Unicode char U+0177 (decimal 375)
   defining Unicode char U+0218 (decimal 536)
   defining Unicode char U+0219 (decimal 537)
   defining Unicode char U+021A (decimal 538)
   defining Unicode char U+021B (decimal 539)
   defining Unicode char U+2013 (decimal 8211)
   defining Unicode char U+2014 (decimal 8212)
   defining Unicode char U+2018 (decimal 8216)
   defining Unicode char U+2019 (decimal 8217)
   defining Unicode char U+201C (decimal 8220)
   defining Unicode char U+201D (decimal 8221)
)
Now handling font encoding OMS ...
... processing UTF-8 mapping file for font encoding OMS

(/usr/local/texlive/2016/texmf-dist/tex/latex/base/omsenc.dfu
File: omsenc.dfu 2016/02/28 v1.1s UTF-8 support for inputenc
   defining Unicode char U+00A7 (decimal 167)
   defining Unicode char U+00B6 (decimal 182)
   defining Unicode char U+00B7 (decimal 183)
   defining Unicode char U+2020 (decimal 8224)
   defining Unicode char U+2021 (decimal 8225)
   defining Unicode char U+2022 (decimal 8226)
)
Now handling font encoding OMX ...
... no UTF-8 mapping file for font encoding OMX
Now handling font encoding U ...
... no UTF-8 mapping file for font encoding U
   defining Unicode char U+00A9 (decimal 169)
   defining Unicode char U+00AA (decimal 170)
   defining Unicode char U+00AE (decimal 174)
   defining Unicode char U+00BA (decimal 186)
   defining Unicode char U+02C6 (decimal 710)
   defining Unicode char U+02DC (decimal 732)
   defining Unicode char U+200C (decimal 8204)
   defining Unicode char U+2026 (decimal 8230)
   defining Unicode char U+2122 (decimal 8482)
   defining Unicode char U+2423 (decimal 9251)
))
(/usr/local/texlive/2016/texmf-dist/tex/latex/base/fontenc.sty
Package: fontenc 2005/09/27 v1.99g Standard LaTeX package

(/usr/local/texlive/2016/texmf-dist/tex/latex/base/t1enc.def
File: t1enc.def 2005/09/27 v1.99g Standard LaTeX file
LaTeX Font Info:    Redeclaring font encoding T1 on input line 48.
))
(/usr/local/texlive/2016/texmf-dist/tex/latex/lm/lmodern.sty
Package: lmodern 2009/10/30 v1.6 Latin Modern Fonts
LaTeX Font Info:    Overwriting symbol font `operators' in version `normal'
(Font)                  OT1/cmr/m/n --> OT1/lmr/m/n on input line 22.
LaTeX Font Info:    Overwriting symbol font `letters' in version `normal'
(Font)                  OML/cmm/m/it --> OML/lmm/m/it on input line 23.
LaTeX Font Info:    Overwriting symbol font `symbols' in version `normal'
(Font)                  OMS/cmsy/m/n --> OMS/lmsy/m/n on input line 24.
LaTeX Font Info:    Overwriting symbol font `largesymbols' in version `normal'
(Font)                  OMX/cmex/m/n --> OMX/lmex/m/n on input line 25.
LaTeX Font Info:    Overwriting symbol font `operators' in version `bold'
(Font)                  OT1/cmr/bx/n --> OT1/lmr/bx/n on input line 26.
LaTeX Font Info:    Overwriting symbol font `letters' in version `bold'
(Font)                  OML/cmm/b/it --> OML/lmm/b/it on input line 27.
LaTeX Font Info:    Overwriting symbol font `symbols' in version `bold'
(Font)                  OMS/cmsy/b/n --> OMS/lmsy/b/n on input line 28.
LaTeX Font Info:    Overwriting symbol font `largesymbols' in version `bold'
(Font)                  OMX/cmex/m/n --> OMX/lmex/m/n on input line 29.
LaTeX Font Info:    Overwriting math alphabet `\mathbf' in version `normal'
(Font)                  OT1/cmr/bx/n --> OT1/lmr/bx/n on input line 31.
LaTeX Font Info:    Overwriting math alphabet `\mathsf' in version `normal'
(Font)                  OT1/cmss/m/n --> OT1/lmss/m/n on input line 32.
LaTeX Font Info:    Overwriting math alphabet `\mathit' in version `normal'
(Font)                  OT1/cmr/m/it --> OT1/lmr/m/it on input line 33.
LaTeX Font Info:    Overwriting math alphabet `\mathtt' in version `normal'
(Font)                  OT1/cmtt/m/n --> OT1/lmtt/m/n on input line 34.
LaTeX Font Info:    Overwriting math alphabet `\mathbf' in version `bold'
(Font)                  OT1/cmr/bx/n --> OT1/lmr/bx/n on input line 35.
LaTeX Font Info:    Overwriting math alphabet `\mathsf' in version `bold'
(Font)                  OT1/cmss/bx/n --> OT1/lmss/bx/n on input line 36.
LaTeX Font Info:    Overwriting math alphabet `\mathit' in version `bold'
(Font)                  OT1/cmr/bx/it --> OT1/lmr/bx/it on input line 37.
LaTeX Font Info:    Overwriting math alphabet `\mathtt' in version `bold'
(Font)                  OT1/cmtt/m/n --> OT1/lmtt/m/n on input line 38.
)
(/usr/local/texlive/2016/texmf-dist/tex/generic/babel/babel.sty
Package: babel 2016/04/23 3.9r The Babel package

(/usr/local/texlive/2016/texmf-dist/tex/generic/babel-french/frenchb.ldf
Language: frenchb 2016/05/14 v3.2c French support from the babel system

(/usr/local/texlive/2016/texmf-dist/tex/generic/babel/babel.def
File: babel.def 2016/04/23 3.9r Babel common definitions
\babel@savecnt=\count91
\U@D=\dimen112
)
\l@acadian = a dialect from \language\l@french 
\l@canadien = a dialect from \language\l@french 
\FB@nonchar=\count92
\FBcolonskip=\skip43
\FBthinskip=\skip44
Package babel Info: Making : an active character on input line 365.
Package babel Info: Making ; an active character on input line 366.
Package babel Info: Making ! an active character on input line 367.
Package babel Info: Making ? an active character on input line 368.
\FBguillskip=\skip45
\FBguill@level=\count93
\FB@everypar=\toks18
\FB@Mht=\dimen113
\std@mcc=\count94
\dec@mcc=\count95
\listindentFB=\skip46
\labelwidthFB=\skip47
\leftmarginFB=\skip48
\parindentFFN=\dimen114
\FBfnindent=\skip49
))
(/usr/local/texlive/2016/texmf-dist/tex/latex/carlisle/scalefnt.sty)
(/usr/local/texlive/2016/texmf-dist/tex/latex/graphics/graphicx.sty
Package: graphicx 2014/10/28 v1.0g Enhanced LaTeX Graphics (DPC,SPQR)

(/usr/local/texlive/2016/texmf-dist/tex/latex/graphics/graphics.sty
Package: graphics 2016/05/09 v1.0r Standard LaTeX Graphics (DPC,SPQR)

(/usr/local/texlive/2016/texmf-dist/tex/latex/graphics/trig.sty
Package: trig 2016/01/03 v1.10 sin cos tan (DPC)
)
(/usr/local/texlive/2016/texmf-dist/tex/latex/graphics-cfg/graphics.cfg
File: graphics.cfg 2016/01/02 v1.10 sample graphics configuration
)
Package graphics Info: Driver file: pdftex.def on input line 96.

(/usr/local/texlive/2016/texmf-dist/tex/latex/pdftex-def/pdftex.def
File: pdftex.def 2011/05/27 v0.06d Graphics/color for pdfTeX

(/usr/local/texlive/2016/texmf-dist/tex/generic/oberdiek/infwarerr.sty
Package: infwarerr 2016/05/16 v1.4 Providing info/warning/error messages (HO)
)
(/usr/local/texlive/2016/texmf-dist/tex/generic/oberdiek/ltxcmds.sty
Package: ltxcmds 2016/05/16 v1.23 LaTeX kernel commands for general use (HO)
)
\Gread@gobject=\count96
))
\Gin@req@height=\dimen115
\Gin@req@width=\dimen116
)
(/usr/local/texlive/2016/texmf-dist/tex/latex/eso-pic/eso-pic.sty
Package: eso-pic 2015/07/21 v2.0g eso-pic (RN)

(/usr/local/texlive/2016/texmf-dist/tex/generic/oberdiek/atbegshi.sty
Package: atbegshi 2016/05/16 v1.17 At begin shipout hook (HO)
)
(/usr/local/texlive/2016/texmf-dist/tex/latex/xcolor/xcolor.sty
Package: xcolor 2016/05/11 v2.12 LaTeX color extensions (UK)

(/usr/local/texlive/2016/texmf-dist/tex/latex/graphics-cfg/color.cfg
File: color.cfg 2016/01/02 v1.6 sample color configuration
)
Package xcolor Info: Driver file: pdftex.def on input line 225.
Package xcolor Info: Model `cmy' substituted by `cmy0' on input line 1348.
Package xcolor Info: Model `hsb' substituted by `rgb' on input line 1352.
Package xcolor Info: Model `RGB' extended on input line 1364.
Package xcolor Info: Model `HTML' substituted by `rgb' on input line 1366.
Package xcolor Info: Model `Hsb' substituted by `hsb' on input line 1367.
Package xcolor Info: Model `tHsb' substituted by `hsb' on input line 1368.
Package xcolor Info: Model `HSB' substituted by `hsb' on input line 1369.
Package xcolor Info: Model `Gray' substituted by `gray' on input line 1370.
Package xcolor Info: Model `wave' substituted by `hsb' on input line 1371.
))
(/usr/local/texlive/2016/texmf-dist/tex/latex/base/ifthen.sty
Package: ifthen 2014/09/29 v1.1c Standard LaTeX ifthen package (DPC)
)
(/usr/local/texlive/2016/texmf-dist/tex/latex/hyperref/hyperref.sty
Package: hyperref 2016/05/05 v6.83n Hypertext links for LaTeX

(/usr/local/texlive/2016/texmf-dist/tex/generic/oberdiek/hobsub-hyperref.sty
Package: hobsub-hyperref 2016/05/16 v1.14 Bundle oberdiek, subset hyperref (HO)


(/usr/local/texlive/2016/texmf-dist/tex/generic/oberdiek/hobsub-generic.sty
Package: hobsub-generic 2016/05/16 v1.14 Bundle oberdiek, subset generic (HO)
Package: hobsub 2016/05/16 v1.14 Construct package bundles (HO)
Package hobsub Info: Skipping package `infwarerr' (already loaded).
Package hobsub Info: Skipping package `ltxcmds' (already loaded).
Package: ifluatex 2016/05/16 v1.4 Provides the ifluatex switch (HO)
Package ifluatex Info: LuaTeX not detected.
Package hobsub Info: Skipping package `ifvtex' (already loaded).
Package: intcalc 2016/05/16 v1.2 Expandable calculations with integers (HO)
Package hobsub Info: Skipping package `ifpdf' (already loaded).
Package: etexcmds 2016/05/16 v1.6 Avoid name clashes with e-TeX commands (HO)
Package etexcmds Info: Could not find \expanded.
(etexcmds)             That can mean that you are not using pdfTeX 1.50 or
(etexcmds)             that some package has redefined \expanded.
(etexcmds)             In the latter case, load this package earlier.
Package: kvsetkeys 2016/05/16 v1.17 Key value parser (HO)
Package: kvdefinekeys 2016/05/16 v1.4 Define keys (HO)
Package: pdftexcmds 2016/05/10 v0.21 Utility functions of pdfTeX for LuaTeX (HO
)
Package pdftexcmds Info: LuaTeX not detected.
Package pdftexcmds Info: \pdf@primitive is available.
Package pdftexcmds Info: \pdf@ifprimitive is available.
Package pdftexcmds Info: \pdfdraftmode found.
Package: pdfescape 2016/05/16 v1.14 Implements pdfTeX's escape features (HO)
Package: bigintcalc 2016/05/16 v1.4 Expandable calculations on big integers (HO
)
Package: bitset 2016/05/16 v1.2 Handle bit-vector datatype (HO)
Package: uniquecounter 2016/05/16 v1.3 Provide unlimited unique counter (HO)
)
Package hobsub Info: Skipping package `hobsub' (already loaded).
Package: letltxmacro 2016/05/16 v1.5 Let assignment for LaTeX macros (HO)
Package: hopatch 2016/05/16 v1.3 Wrapper for package hooks (HO)
Package: xcolor-patch 2016/05/16 xcolor patch
Package: atveryend 2016/05/16 v1.9 Hooks at the very end of document (HO)
Package atveryend Info: \enddocument detected (standard20110627).
Package hobsub Info: Skipping package `atbegshi' (already loaded).
Package: refcount 2016/05/16 v3.5 Data extraction from label references (HO)
Package: hycolor 2016/05/16 v1.8 Color options for hyperref/bookmark (HO)
)
(/usr/local/texlive/2016/texmf-dist/tex/latex/oberdiek/auxhook.sty
Package: auxhook 2016/05/16 v1.4 Hooks for auxiliary files (HO)
)
(/usr/local/texlive/2016/texmf-dist/tex/latex/oberdiek/kvoptions.sty
Package: kvoptions 2016/05/16 v3.12 Key value format for package options (HO)
)
\@linkdim=\dimen117
\Hy@linkcounter=\count97
\Hy@pagecounter=\count98

(/usr/local/texlive/2016/texmf-dist/tex/latex/hyperref/pd1enc.def
File: pd1enc.def 2016/05/05 v6.83n Hyperref: PDFDocEncoding definition (HO)
Now handling font encoding PD1 ...
... no UTF-8 mapping file for font encoding PD1
)
\Hy@SavedSpaceFactor=\count99

(/usr/local/texlive/2016/texmf-dist/tex/latex/latexconfig/hyperref.cfg
File: hyperref.cfg 2002/06/06 v1.2 hyperref configuration of TeXLive
)
Package hyperref Info: Hyper figures OFF on input line 4446.
Package hyperref Info: Link nesting OFF on input line 4451.
Package hyperref Info: Hyper index ON on input line 4454.
Package hyperref Info: Plain pages OFF on input line 4461.
Package hyperref Info: Backreferencing OFF on input line 4466.
Package hyperref Info: Implicit mode ON; LaTeX internals redefined.
Package hyperref Info: Bookmarks ON on input line 4691.
\c@Hy@tempcnt=\count100

(/usr/local/texlive/2016/texmf-dist/tex/latex/url/url.sty
\Urlmuskip=\muskip10
Package: url 2013/09/16  ver 3.4  Verb mode for urls, etc.
)
LaTeX Info: Redefining \url on input line 5044.
\XeTeXLinkMargin=\dimen118
\Fld@menulength=\count101
\Field@Width=\dimen119
\Fld@charsize=\dimen120
Package hyperref Info: Hyper figures OFF on input line 6298.
Package hyperref Info: Link nesting OFF on input line 6303.
Package hyperref Info: Hyper index ON on input line 6306.
Package hyperref Info: backreferencing OFF on input line 6313.
Package hyperref Info: Link coloring OFF on input line 6318.
Package hyperref Info: Link coloring with OCG OFF on input line 6323.
Package hyperref Info: PDF/A mode OFF on input line 6328.
LaTeX Info: Redefining \ref on input line 6368.
LaTeX Info: Redefining \pageref on input line 6372.
\Hy@abspage=\count102
\c@Item=\count103
\c@Hfootnote=\count104
)

Package hyperref Message: Driver (autodetected): hpdftex.

(/usr/local/texlive/2016/texmf-dist/tex/latex/hyperref/hpdftex.def
File: hpdftex.def 2016/05/05 v6.83n Hyperref driver for pdfTeX
\Fld@listcount=\count105
\c@bookmark@seq@number=\count106

(/usr/local/texlive/2016/texmf-dist/tex/latex/oberdiek/rerunfilecheck.sty
Package: rerunfilecheck 2016/05/16 v1.8 Rerun checks for auxiliary files (HO)
Package uniquecounter Info: New unique counter `rerunfilecheck' on input line 2
82.
)
\Hy@SectionHShift=\skip50
)
(/usr/local/texlive/2016/texmf-dist/tex/latex/base/makeidx.sty
Package: makeidx 2014/09/29 v1.0m Standard LaTeX package
)
(/usr/local/texlive/2016/texmf-dist/tex/latex/tools/varioref.sty
Package: varioref 2016/02/16 v1.5c package for extended references (FMi)
\c@vrcnt=\count107
)
(/usr/local/texlive/2016/texmf-dist/tex/latex/colortbl/colortbl.sty
Package: colortbl 2012/02/13 v1.0a Color table columns (DPC)

(/usr/local/texlive/2016/texmf-dist/tex/latex/tools/array.sty
Package: array 2014/10/28 v2.4c Tabular extension package (FMi)
\col@sep=\dimen121
\extrarowheight=\dimen122
\NC@list=\toks19
\extratabsurround=\skip51
\backup@length=\skip52
)
\everycr=\toks20
\minrowclearance=\skip53
)
(/usr/local/texlive/2016/texmf-dist/tex/latex/multirow/multirow.sty
\bigstrutjot=\dimen123
)
(/usr/local/texlive/2016/texmf-dist/tex/latex/pgf/frontendlayer/tikz.sty
(/usr/local/texlive/2016/texmf-dist/tex/latex/pgf/basiclayer/pgf.sty
(/usr/local/texlive/2016/texmf-dist/tex/latex/pgf/utilities/pgfrcs.sty
(/usr/local/texlive/2016/texmf-dist/tex/generic/pgf/utilities/pgfutil-common.te
x
\pgfutil@everybye=\toks21
\pgfutil@tempdima=\dimen124
\pgfutil@tempdimb=\dimen125

(/usr/local/texlive/2016/texmf-dist/tex/generic/pgf/utilities/pgfutil-common-li
sts.tex))
(/usr/local/texlive/2016/texmf-dist/tex/generic/pgf/utilities/pgfutil-latex.def
\pgfutil@abb=\box26
(/usr/local/texlive/2016/texmf-dist/tex/latex/ms/everyshi.sty
Package: everyshi 2001/05/15 v3.00 EveryShipout Package (MS)
))
(/usr/local/texlive/2016/texmf-dist/tex/generic/pgf/utilities/pgfrcs.code.tex
Package: pgfrcs 2015/08/07 v3.0.1a (rcs-revision 1.31)
))
Package: pgf 2015/08/07 v3.0.1a (rcs-revision 1.15)
(/usr/local/texlive/2016/texmf-dist/tex/latex/pgf/basiclayer/pgfcore.sty
(/usr/local/texlive/2016/texmf-dist/tex/latex/pgf/systemlayer/pgfsys.sty
(/usr/local/texlive/2016/texmf-dist/tex/generic/pgf/systemlayer/pgfsys.code.tex
Package: pgfsys 2014/07/09 v3.0.1a (rcs-revision 1.48)
(/usr/local/texlive/2016/texmf-dist/tex/generic/pgf/utilities/pgfkeys.code.tex
\pgfkeys@pathtoks=\toks22
\pgfkeys@temptoks=\toks23

(/usr/local/texlive/2016/texmf-dist/tex/generic/pgf/utilities/pgfkeysfiltered.c
ode.tex
\pgfkeys@tmptoks=\toks24
))
\pgf@x=\dimen126
\pgf@y=\dimen127
\pgf@xa=\dimen128
\pgf@ya=\dimen129
\pgf@xb=\dimen130
\pgf@yb=\dimen131
\pgf@xc=\dimen132
\pgf@yc=\dimen133
\w@pgf@writea=\write3
\r@pgf@reada=\read1
\c@pgf@counta=\count108
\c@pgf@countb=\count109
\c@pgf@countc=\count110
\c@pgf@countd=\count111
\t@pgf@toka=\toks25
\t@pgf@tokb=\toks26
\t@pgf@tokc=\toks27

(/usr/local/texlive/2016/texmf-dist/tex/generic/pgf/systemlayer/pgf.cfg
File: pgf.cfg 2008/05/14  (rcs-revision 1.7)
)
Driver file for pgf: pgfsys-pdftex.def

(/usr/local/texlive/2016/texmf-dist/tex/generic/pgf/systemlayer/pgfsys-pdftex.d
ef
File: pgfsys-pdftex.def 2014/10/11  (rcs-revision 1.35)

(/usr/local/texlive/2016/texmf-dist/tex/generic/pgf/systemlayer/pgfsys-common-p
df.def
File: pgfsys-common-pdf.def 2013/10/10  (rcs-revision 1.13)
)))
(/usr/local/texlive/2016/texmf-dist/tex/generic/pgf/systemlayer/pgfsyssoftpath.
code.tex
File: pgfsyssoftpath.code.tex 2013/09/09  (rcs-revision 1.9)
\pgfsyssoftpath@smallbuffer@items=\count112
\pgfsyssoftpath@bigbuffer@items=\count113
)
(/usr/local/texlive/2016/texmf-dist/tex/generic/pgf/systemlayer/pgfsysprotocol.
code.tex
File: pgfsysprotocol.code.tex 2006/10/16  (rcs-revision 1.4)
))
(/usr/local/texlive/2016/texmf-dist/tex/generic/pgf/basiclayer/pgfcore.code.tex
Package: pgfcore 2010/04/11 v3.0.1a (rcs-revision 1.7)
(/usr/local/texlive/2016/texmf-dist/tex/generic/pgf/math/pgfmath.code.tex
(/usr/local/texlive/2016/texmf-dist/tex/generic/pgf/math/pgfmathcalc.code.tex
(/usr/local/texlive/2016/texmf-dist/tex/generic/pgf/math/pgfmathutil.code.tex)
(/usr/local/texlive/2016/texmf-dist/tex/generic/pgf/math/pgfmathparser.code.tex
\pgfmath@dimen=\dimen134
\pgfmath@count=\count114
\pgfmath@box=\box27
\pgfmath@toks=\toks28
\pgfmath@stack@operand=\toks29
\pgfmath@stack@operation=\toks30
)
(/usr/local/texlive/2016/texmf-dist/tex/generic/pgf/math/pgfmathfunctions.code.
tex
(/usr/local/texlive/2016/texmf-dist/tex/generic/pgf/math/pgfmathfunctions.basic
.code.tex)
(/usr/local/texlive/2016/texmf-dist/tex/generic/pgf/math/pgfmathfunctions.trigo
nometric.code.tex)
(/usr/local/texlive/2016/texmf-dist/tex/generic/pgf/math/pgfmathfunctions.rando
m.code.tex)
(/usr/local/texlive/2016/texmf-dist/tex/generic/pgf/math/pgfmathfunctions.compa
rison.code.tex)
(/usr/local/texlive/2016/texmf-dist/tex/generic/pgf/math/pgfmathfunctions.base.
code.tex)
(/usr/local/texlive/2016/texmf-dist/tex/generic/pgf/math/pgfmathfunctions.round
.code.tex)
(/usr/local/texlive/2016/texmf-dist/tex/generic/pgf/math/pgfmathfunctions.misc.
code.tex)
(/usr/local/texlive/2016/texmf-dist/tex/generic/pgf/math/pgfmathfunctions.integ
erarithmetics.code.tex)))
(/usr/local/texlive/2016/texmf-dist/tex/generic/pgf/math/pgfmathfloat.code.tex
\c@pgfmathroundto@lastzeros=\count115
))
(/usr/local/texlive/2016/texmf-dist/tex/generic/pgf/basiclayer/pgfcorepoints.co
de.tex
File: pgfcorepoints.code.tex 2013/10/07  (rcs-revision 1.27)
\pgf@picminx=\dimen135
\pgf@picmaxx=\dimen136
\pgf@picminy=\dimen137
\pgf@picmaxy=\dimen138
\pgf@pathminx=\dimen139
\pgf@pathmaxx=\dimen140
\pgf@pathminy=\dimen141
\pgf@pathmaxy=\dimen142
\pgf@xx=\dimen143
\pgf@xy=\dimen144
\pgf@yx=\dimen145
\pgf@yy=\dimen146
\pgf@zx=\dimen147
\pgf@zy=\dimen148
)
(/usr/local/texlive/2016/texmf-dist/tex/generic/pgf/basiclayer/pgfcorepathconst
ruct.code.tex
File: pgfcorepathconstruct.code.tex 2013/10/07  (rcs-revision 1.29)
\pgf@path@lastx=\dimen149
\pgf@path@lasty=\dimen150
)
(/usr/local/texlive/2016/texmf-dist/tex/generic/pgf/basiclayer/pgfcorepathusage
.code.tex
File: pgfcorepathusage.code.tex 2014/11/02  (rcs-revision 1.24)
\pgf@shorten@end@additional=\dimen151
\pgf@shorten@start@additional=\dimen152
)
(/usr/local/texlive/2016/texmf-dist/tex/generic/pgf/basiclayer/pgfcorescopes.co
de.tex
File: pgfcorescopes.code.tex 2015/05/08  (rcs-revision 1.46)
\pgfpic=\box28
\pgf@hbox=\box29
\pgf@layerbox@main=\box30
\pgf@picture@serial@count=\count116
)
(/usr/local/texlive/2016/texmf-dist/tex/generic/pgf/basiclayer/pgfcoregraphicst
ate.code.tex
File: pgfcoregraphicstate.code.tex 2014/11/02  (rcs-revision 1.12)
\pgflinewidth=\dimen153
)
(/usr/local/texlive/2016/texmf-dist/tex/generic/pgf/basiclayer/pgfcoretransform
ations.code.tex
File: pgfcoretransformations.code.tex 2015/08/07  (rcs-revision 1.20)
\pgf@pt@x=\dimen154
\pgf@pt@y=\dimen155
\pgf@pt@temp=\dimen156
)
(/usr/local/texlive/2016/texmf-dist/tex/generic/pgf/basiclayer/pgfcorequick.cod
e.tex
File: pgfcorequick.code.tex 2008/10/09  (rcs-revision 1.3)
)
(/usr/local/texlive/2016/texmf-dist/tex/generic/pgf/basiclayer/pgfcoreobjects.c
ode.tex
File: pgfcoreobjects.code.tex 2006/10/11  (rcs-revision 1.2)
)
(/usr/local/texlive/2016/texmf-dist/tex/generic/pgf/basiclayer/pgfcorepathproce
ssing.code.tex
File: pgfcorepathprocessing.code.tex 2013/09/09  (rcs-revision 1.9)
)
(/usr/local/texlive/2016/texmf-dist/tex/generic/pgf/basiclayer/pgfcorearrows.co
de.tex
File: pgfcorearrows.code.tex 2015/05/14  (rcs-revision 1.43)
\pgfarrowsep=\dimen157
)
(/usr/local/texlive/2016/texmf-dist/tex/generic/pgf/basiclayer/pgfcoreshade.cod
e.tex
File: pgfcoreshade.code.tex 2013/07/15  (rcs-revision 1.15)
\pgf@max=\dimen158
\pgf@sys@shading@range@num=\count117
)
(/usr/local/texlive/2016/texmf-dist/tex/generic/pgf/basiclayer/pgfcoreimage.cod
e.tex
File: pgfcoreimage.code.tex 2013/07/15  (rcs-revision 1.18)

(/usr/local/texlive/2016/texmf-dist/tex/generic/pgf/basiclayer/pgfcoreexternal.
code.tex
File: pgfcoreexternal.code.tex 2014/07/09  (rcs-revision 1.21)
\pgfexternal@startupbox=\box31
))
(/usr/local/texlive/2016/texmf-dist/tex/generic/pgf/basiclayer/pgfcorelayers.co
de.tex
File: pgfcorelayers.code.tex 2013/07/18  (rcs-revision 1.7)
)
(/usr/local/texlive/2016/texmf-dist/tex/generic/pgf/basiclayer/pgfcoretranspare
ncy.code.tex
File: pgfcoretransparency.code.tex 2013/09/30  (rcs-revision 1.5)
)
(/usr/local/texlive/2016/texmf-dist/tex/generic/pgf/basiclayer/pgfcorepatterns.
code.tex
File: pgfcorepatterns.code.tex 2013/11/07  (rcs-revision 1.5)
)))
(/usr/local/texlive/2016/texmf-dist/tex/generic/pgf/modules/pgfmoduleshapes.cod
e.tex
File: pgfmoduleshapes.code.tex 2014/03/21  (rcs-revision 1.35)
\pgfnodeparttextbox=\box32
)
(/usr/local/texlive/2016/texmf-dist/tex/generic/pgf/modules/pgfmoduleplot.code.
tex
File: pgfmoduleplot.code.tex 2015/08/03  (rcs-revision 1.13)
)
(/usr/local/texlive/2016/texmf-dist/tex/latex/pgf/compatibility/pgfcomp-version
-0-65.sty
Package: pgfcomp-version-0-65 2007/07/03 v3.0.1a (rcs-revision 1.7)
\pgf@nodesepstart=\dimen159
\pgf@nodesepend=\dimen160
)
(/usr/local/texlive/2016/texmf-dist/tex/latex/pgf/compatibility/pgfcomp-version
-1-18.sty
Package: pgfcomp-version-1-18 2007/07/23 v3.0.1a (rcs-revision 1.1)
))
(/usr/local/texlive/2016/texmf-dist/tex/latex/pgf/utilities/pgffor.sty
(/usr/local/texlive/2016/texmf-dist/tex/latex/pgf/utilities/pgfkeys.sty
(/usr/local/texlive/2016/texmf-dist/tex/generic/pgf/utilities/pgfkeys.code.tex)
) (/usr/local/texlive/2016/texmf-dist/tex/latex/pgf/math/pgfmath.sty
(/usr/local/texlive/2016/texmf-dist/tex/generic/pgf/math/pgfmath.code.tex))
(/usr/local/texlive/2016/texmf-dist/tex/generic/pgf/utilities/pgffor.code.tex
Package: pgffor 2013/12/13 v3.0.1a (rcs-revision 1.25)

(/usr/local/texlive/2016/texmf-dist/tex/generic/pgf/math/pgfmath.code.tex)
\pgffor@iter=\dimen161
\pgffor@skip=\dimen162
\pgffor@stack=\toks31
\pgffor@toks=\toks32
))
(/usr/local/texlive/2016/texmf-dist/tex/generic/pgf/frontendlayer/tikz/tikz.cod
e.tex
Package: tikz 2015/08/07 v3.0.1a (rcs-revision 1.151)

(/usr/local/texlive/2016/texmf-dist/tex/generic/pgf/libraries/pgflibraryplothan
dlers.code.tex
File: pgflibraryplothandlers.code.tex 2013/08/31 v3.0.1a (rcs-revision 1.20)
\pgf@plot@mark@count=\count118
\pgfplotmarksize=\dimen163
)
\tikz@lastx=\dimen164
\tikz@lasty=\dimen165
\tikz@lastxsaved=\dimen166
\tikz@lastysaved=\dimen167
\tikzleveldistance=\dimen168
\tikzsiblingdistance=\dimen169
\tikz@figbox=\box33
\tikz@figbox@bg=\box34
\tikz@tempbox=\box35
\tikz@tempbox@bg=\box36
\tikztreelevel=\count119
\tikznumberofchildren=\count120
\tikznumberofcurrentchild=\count121
\tikz@fig@count=\count122

(/usr/local/texlive/2016/texmf-dist/tex/generic/pgf/modules/pgfmodulematrix.cod
e.tex
File: pgfmodulematrix.code.tex 2013/09/17  (rcs-revision 1.8)
\pgfmatrixcurrentrow=\count123
\pgfmatrixcurrentcolumn=\count124
\pgf@matrix@numberofcolumns=\count125
)
\tikz@expandcount=\count126

(/usr/local/texlive/2016/texmf-dist/tex/generic/pgf/frontendlayer/tikz/librarie
s/tikzlibrarytopaths.code.tex
File: tikzlibrarytopaths.code.tex 2008/06/17 v3.0.1a (rcs-revision 1.2)
)))
(/usr/local/texlive/2016/texmf-dist/tex/latex/fancyhdr/fancyhdr.sty
\fancy@headwidth=\skip54
\f@ncyO@elh=\skip55
\f@ncyO@erh=\skip56
\f@ncyO@olh=\skip57
\f@ncyO@orh=\skip58
\f@ncyO@elf=\skip59
\f@ncyO@erf=\skip60
\f@ncyO@olf=\skip61
\f@ncyO@orf=\skip62
)
(/usr/local/texlive/2016/texmf-dist/tex/latex/titlesec/titletoc.sty
Package: titletoc 2011/12/15 v1.6 TOC entries
\ttl@leftsep=\dimen170
)
(./headings.tex
\textlarg=\skip63
)) (/usr/local/texlive/2016/texmf-dist/tex/latex/float/float.sty
Package: float 2001/11/08 v1.3d Float enhancements (AL)
\c@float@type=\count127
\float@exts=\toks33
\float@box=\box37
\@float@everytoks=\toks34
\@floatcapt=\box38
) (/usr/local/texlive/2016/texmf-dist/tex/latex/amsfonts/amssymb.sty
Package: amssymb 2013/01/14 v3.01 AMS font symbols

(/usr/local/texlive/2016/texmf-dist/tex/latex/amsfonts/amsfonts.sty
Package: amsfonts 2013/01/14 v3.01 Basic AMSFonts support
\@emptytoks=\toks35
\symAMSa=\mathgroup4
\symAMSb=\mathgroup5
LaTeX Font Info:    Overwriting math alphabet `\mathfrak' in version `bold'
(Font)                  U/euf/m/n --> U/euf/b/n on input line 106.
))
\@indexfile=\write4
\openout4 = `livret_MITIC_4e_v11.idx'.


Writing index file livret_MITIC_4e_v11.idx
(./livret_MITIC_4e_v11.aux)
\openout1 = `livret_MITIC_4e_v11.aux'.

LaTeX Font Info:    Checking defaults for OML/cmm/m/it on input line 9.
LaTeX Font Info:    ... okay on input line 9.
LaTeX Font Info:    Checking defaults for T1/cmr/m/n on input line 9.
LaTeX Font Info:    ... okay on input line 9.
LaTeX Font Info:    Checking defaults for OT1/cmr/m/n on input line 9.
LaTeX Font Info:    ... okay on input line 9.
LaTeX Font Info:    Checking defaults for OMS/cmsy/m/n on input line 9.
LaTeX Font Info:    ... okay on input line 9.
LaTeX Font Info:    Checking defaults for OMX/cmex/m/n on input line 9.
LaTeX Font Info:    ... okay on input line 9.
LaTeX Font Info:    Checking defaults for U/cmr/m/n on input line 9.
LaTeX Font Info:    ... okay on input line 9.
LaTeX Font Info:    Checking defaults for PD1/pdf/m/n on input line 9.
LaTeX Font Info:    ... okay on input line 9.
LaTeX Font Info:    Try loading font information for T1+lmr on input line 9.

(/usr/local/texlive/2016/texmf-dist/tex/latex/lm/t1lmr.fd
File: t1lmr.fd 2009/10/30 v1.6 Font defs for Latin Modern
)
*geometry* driver: auto-detecting
*geometry* detected driver: pdftex
*geometry* verbose mode - [ preamble ] result:
* driver: pdftex
* paper: a4paper
* layout: <same size as paper>
* layoutoffset:(h,v)=(0.0pt,0.0pt)
* modes: twoside 
* h-part:(L,W,R)=(85.35826pt, 455.24411pt, 56.9055pt)
* v-part:(T,H,B)=(85.35826pt, 674.33032pt, 85.35826pt)
* \paperwidth=597.50787pt
* \paperheight=845.04684pt
* \textwidth=455.24411pt
* \textheight=674.33032pt
* \oddsidemargin=13.08827pt
* \evensidemargin=-15.36449pt
* \topmargin=-8.91173pt
* \headheight=12.0pt
* \headsep=10.0pt
* \topskip=12.0pt
* \footskip=30.0pt
* \marginparwidth=156.9055pt
* \marginparsep=14.22636pt
* \columnsep=10.0pt
* \skip\footins=10.8pt plus 4.0pt minus 2.0pt
* \hoffset=0.0pt
* \voffset=0.0pt
* \mag=1000
* \@twocolumnfalse
* \@twosidetrue
* \@mparswitchtrue
* \@reversemarginfalse
* (1in=72.27pt=25.4mm, 1cm=28.453pt)

LaTeX Info: Redefining \degres on input line 9.
LaTeX Info: Redefining \dots on input line 9.
LaTeX Info: Redefining \up on input line 9.
(/usr/local/texlive/2016/texmf-dist/tex/context/base/mkii/supp-pdf.mkii
[Loading MPS to PDF converter (version 2006.09.02).]
\scratchcounter=\count128
\scratchdimen=\dimen171
\scratchbox=\box39
\nofMPsegments=\count129
\nofMParguments=\count130
\everyMPshowfont=\toks36
\MPscratchCnt=\count131
\MPscratchDim=\dimen172
\MPnumerator=\count132
\makeMPintoPDFobject=\count133
\everyMPtoPDFconversion=\toks37
) (/usr/local/texlive/2016/texmf-dist/tex/latex/oberdiek/epstopdf-base.sty
Package: epstopdf-base 2016/05/15 v2.6 Base part for package epstopdf

(/usr/local/texlive/2016/texmf-dist/tex/latex/oberdiek/grfext.sty
Package: grfext 2016/05/16 v1.2 Manage graphics extensions (HO)
)
Package grfext Info: Graphics extension search list:
(grfext)             [.png,.pdf,.jpg,.mps,.jpeg,.jbig2,.jb2,.PNG,.PDF,.JPG,.JPE
G,.JBIG2,.JB2,.eps]
(grfext)             \AppendGraphicsExtensions on input line 456.

(/usr/local/texlive/2016/texmf-dist/tex/latex/latexconfig/epstopdf-sys.cfg
File: epstopdf-sys.cfg 2010/07/13 v1.3 Configuration of (r)epstopdf for TeX Liv
e
))
\AtBeginShipoutBox=\box40
Package hyperref Info: Link coloring OFF on input line 9.

(/usr/local/texlive/2016/texmf-dist/tex/latex/hyperref/nameref.sty
Package: nameref 2012/10/27 v2.43 Cross-referencing by name of section

(/usr/local/texlive/2016/texmf-dist/tex/generic/oberdiek/gettitlestring.sty
Package: gettitlestring 2016/05/16 v1.5 Cleanup title references (HO)
)
\c@section@level=\count134
LaTeX Info: Redefining \Ref on input line 513.
)
LaTeX Info: Redefining \ref on input line 9.
LaTeX Info: Redefining \pageref on input line 9.
LaTeX Info: Redefining \nameref on input line 9.

(./livret_MITIC_4e_v11.out) (./livret_MITIC_4e_v11.out)
\@outlinefile=\write5
\openout5 = `livret_MITIC_4e_v11.out'.

LaTeX Info: Redefining \Ref on input line 9.

ABD: EveryShipout initializing macros
\c@tmp=\count135

<./images/couvertureFlo4e_v11.png, id=99, 597.432pt x 847.0044pt>
File: ./images/couvertureFlo4e_v11.png Graphic file (type png)

<use ./images/couvertureFlo4e_v11.png>
Package pdftex.def Info: ./images/couvertureFlo4e_v11.png used on input line 18
.
(pdftex.def)             Requested size: 597.43054pt x 847.00232pt.
 [1


 <./images/couvertureFlo4e_v11.png>]
LaTeX Font Info:    Try loading font information for OMS+lmr on input line 18.

(/usr/local/texlive/2016/texmf-dist/tex/latex/lm/omslmr.fd
File: omslmr.fd 2009/10/30 v1.6 Font defs for Latin Modern
)
LaTeX Font Info:    Try loading font information for OMS+lmsy on input line 18.


(/usr/local/texlive/2016/texmf-dist/tex/latex/lm/omslmsy.fd
File: omslmsy.fd 2009/10/30 v1.6 Font defs for Latin Modern
)
LaTeX Font Info:    Font shape `OMS/lmr/m/n' in size <12> not available
(Font)              Font shape `OMS/lmsy/m/n' tried instead on input line 18.

Underfull \hbox (badness 10000) in paragraph at lines 18--18

 []

<./images/logo_flo.pdf, id=107, 232.4685pt x 41.6757pt>
File: ./images/logo_flo.pdf Graphic file (type pdf)

<use ./images/logo_flo.pdf>
Package pdftex.def Info: ./images/logo_flo.pdf used on input line 18.
(pdftex.def)             Requested size: 232.46793pt x 41.67558pt.

Underfull \hbox (badness 10000) in paragraph at lines 18--18

 []

[2{/usr/local/texlive/2016/texmf-var/fonts/map/pdftex/updmap/pdftex.map} <./ima
ges/logo_flo.pdf>]
LaTeX Font Info:    Calculating math sizes for size <35.83> on input line 18.
LaTeX Font Info:    Try loading font information for OT1+lmr on input line 18.
 (/usr/local/texlive/2016/texmf-dist/tex/latex/lm/ot1lmr.fd
File: ot1lmr.fd 2009/10/30 v1.6 Font defs for Latin Modern
)
LaTeX Font Info:    Try loading font information for OML+lmm on input line 18.

(/usr/local/texlive/2016/texmf-dist/tex/latex/lm/omllmm.fd
File: omllmm.fd 2009/10/30 v1.6 Font defs for Latin Modern
)
LaTeX Font Info:    Try loading font information for OMX+lmex on input line 18.


(/usr/local/texlive/2016/texmf-dist/tex/latex/lm/omxlmex.fd
File: omxlmex.fd 2009/10/30 v1.6 Font defs for Latin Modern
)
LaTeX Font Info:    External font `lmex10' loaded for size
(Font)              <35.83> on input line 18.
LaTeX Font Info:    External font `lmex10' loaded for size
(Font)              <25.08089> on input line 18.
LaTeX Font Info:    External font `lmex10' loaded for size
(Font)              <17.915> on input line 18.
LaTeX Font Info:    Try loading font information for U+msa on input line 18.

(/usr/local/texlive/2016/texmf-dist/tex/latex/amsfonts/umsa.fd
File: umsa.fd 2013/01/14 v3.01 AMS symbols A
)
LaTeX Font Info:    Try loading font information for U+msb on input line 18.

(/usr/local/texlive/2016/texmf-dist/tex/latex/amsfonts/umsb.fd
File: umsb.fd 2013/01/14 v3.01 AMS symbols B
) [3] [4

]
(./livret_MITIC_4e_v11.toc
LaTeX Font Info:    Try loading font information for T1+lmtt on input line 41.

(/usr/local/texlive/2016/texmf-dist/tex/latex/lm/t1lmtt.fd
File: t1lmtt.fd 2009/10/30 v1.6 Font defs for Latin Modern
))
\tf@toc=\write6
\openout6 = `livret_MITIC_4e_v11.toc'.

 [5] [6

]
(./sources/clavier.tex
<./images/generales/clavierTouches.png, id=215, 847.4862pt x 351.714pt>
File: ./images/generales/clavierTouches.png Graphic file (type png)

<use ./images/generales/clavierTouches.png>
Package pdftex.def Info: ./images/generales/clavierTouches.png used on input li
ne 6.
(pdftex.def)             Requested size: 847.48413pt x 351.71315pt.

Underfull \vbox (badness 10000) has occurred while \output is active []



Package Fancyhdr Warning: \headheight is too small (12.0pt): 
 Make it at least 14.49998pt.
 We now make it that large for the rest of the document.
 This may cause the page layout to be inconsistent, however.

[7

]
Overfull \vbox (12.13051pt too high) has occurred while \output is active []


[8 <./images/generales/clavierTouches.png>]) (./sources/philosophie.tex
LaTeX Font Info:    External font `lmex10' loaded for size
(Font)              <12> on input line 10.
LaTeX Font Info:    External font `lmex10' loaded for size
(Font)              <8> on input line 10.
LaTeX Font Info:    External font `lmex10' loaded for size
(Font)              <6> on input line 10.
)
Underfull \vbox (badness 10000) has occurred while \output is active []

pdfTeX warning (ext4): destination with the same identifier (name{page.i}) has 
been already used, duplicate ignored
<to be read again> 
                   \relax 
l.38 \mainmatter
                 [1


]pdfTeX warning (ext4): destination with the same identifier (name{page.ii}) ha
s been already used, duplicate ignored
<to be read again> 
                   \relax 
l.38 \mainmatter
                 [2

] (./sources/scratch03/scratch03.tex
Chapitre 1.
<./images/chapitreVinci4e.png, id=237, 597.432pt x 284.7438pt>
File: ./images/chapitreVinci4e.png Graphic file (type png)

<use ./images/chapitreVinci4e.png>
Package pdftex.def Info: ./images/chapitreVinci4e.png used on input line 1.
(pdftex.def)             Requested size: 597.50787pt x 284.80392pt.
LaTeX Font Info:    External font `lmex10' loaded for size
(Font)              <10> on input line 8.
LaTeX Font Info:    External font `lmex10' loaded for size
(Font)              <7> on input line 8.
LaTeX Font Info:    External font `lmex10' loaded for size
(Font)              <5> on input line 8.
 [1

 <./images/chapitreVinci4e.png>]
Underfull \hbox (badness 10000) in paragraph at lines 76--77

 []

<./images/scratch03/changerLangue.png, id=250, 47.17625pt x 37.13875pt>
File: ./images/scratch03/changerLangue.png Graphic file (type png)

<use ./images/scratch03/changerLangue.png>
Package pdftex.def Info: ./images/scratch03/changerLangue.png used on input lin
e 85.
(pdftex.def)             Requested size: 28.45274pt x 22.39902pt.

<./images/scratch03/french.png, id=251, 287.0725pt x 52.195pt>
File: ./images/scratch03/french.png Graphic file (type png)

<use ./images/scratch03/french.png>
Package pdftex.def Info: ./images/scratch03/french.png used on input line 87.
(pdftex.def)             Requested size: 287.0718pt x 52.19487pt.

Overfull \hbox (6.0pt too wide) in paragraph at lines 104--105
[][][][][][][]
 []

[2 <./images/scratch03/changerLangue.png> <./images/scratch03/french.png>]
<./images/scratch03/fonction/Scratch_Fonctions_01.png, id=262, 828.09375pt x 66
2.475pt>
File: ./images/scratch03/fonction/Scratch_Fonctions_01.png Graphic file (type p
ng)
 <use ./images/scratch03/fonction/Scratch_Fonctions_01.png>
Package pdftex.def Info: ./images/scratch03/fonction/Scratch_Fonctions_01.png u
sed on input line 113.
(pdftex.def)             Requested size: 828.09174pt x 662.47339pt.

<./images/scratch03/fonction/Scratch_Fonctions_02.png, id=263, 427.5975pt x 404
.51125pt>
File: ./images/scratch03/fonction/Scratch_Fonctions_02.png Graphic file (type p
ng)
 <use ./images/scratch03/fonction/Scratch_Fonctions_02.png>
Package pdftex.def Info: ./images/scratch03/fonction/Scratch_Fonctions_02.png u
sed on input line 114.
(pdftex.def)             Requested size: 25.6073pt x 24.22025pt.

<./images/scratch03/fonction/Scratch_Fonctions_03.png, id=264, 845.1575pt x 703
.62875pt>
File: ./images/scratch03/fonction/Scratch_Fonctions_03.png Graphic file (type p
ng)
 <use ./images/scratch03/fonction/Scratch_Fonctions_03.png>
Package pdftex.def Info: ./images/scratch03/fonction/Scratch_Fonctions_03.png u
sed on input line 120.
(pdftex.def)             Requested size: 845.15544pt x 703.62703pt.

<./images/scratch03/fonction/Scratch_Fonctions_04.png, id=265, 546.04pt x 139.5
2126pt>
File: ./images/scratch03/fonction/Scratch_Fonctions_04.png Graphic file (type p
ng)
 <use ./images/scratch03/fonction/Scratch_Fonctions_04.png>
Package pdftex.def Info: ./images/scratch03/fonction/Scratch_Fonctions_04.png u
sed on input line 122.
(pdftex.def)             Requested size: 71.13188pt x 18.17458pt.
 [3 <./images/scratch03/fonction/Scratch_Fonctions_01.png> <./images/scratch03/
fonction/Scratch_Fonctions_02.png> <./images/scratch03/fonction/Scratch_Fonctio
ns_03.png>]
<./images/scratch03/fonction/Scratch_Fonctions_05.png, id=276, 722.7pt x 733.74
126pt>
File: ./images/scratch03/fonction/Scratch_Fonctions_05.png Graphic file (type p
ng)
 <use ./images/scratch03/fonction/Scratch_Fonctions_05.png>
Package pdftex.def Info: ./images/scratch03/fonction/Scratch_Fonctions_05.png u
sed on input line 130.
(pdftex.def)             Requested size: 722.69823pt x 733.73947pt.

<./images/scratch03/fonction/creerBloc1.png, id=277, 314.17375pt x 417.56pt>
File: ./images/scratch03/fonction/creerBloc1.png Graphic file (type png)

<use ./images/scratch03/fonction/creerBloc1.png>
Package pdftex.def Info: ./images/scratch03/fonction/creerBloc1.png used on inp
ut line 148.
(pdftex.def)             Requested size: 155.69441pt x 206.92538pt.

Underfull \vbox (badness 10000) has occurred while \output is active []

 [4 <./images/scratch03/fonction/Scratch_Fonctions_04.png> <./images/scratch03/
fonction/Scratch_Fonctions_05.png>]
<./images/scratch03/fonction/creerBloc2.png, id=285, 713.66624pt x 537.00626pt>
File: ./images/scratch03/fonction/creerBloc2.png Graphic file (type png)
<use ./images/scratch03/fonction/creerBloc2.png>
Package pdftex.def Info: ./images/scratch03/fonction/creerBloc2.png used on inp
ut line 151.
(pdftex.def)             Requested size: 713.66449pt x 537.00494pt.

<./images/scratch03/fonction/definirBloc.png, id=286, 195.73125pt x 270.00874pt
>
File: ./images/scratch03/fonction/definirBloc.png Graphic file (type png)
 <use ./images/scratch03/fonction/definirBloc.png>
Package pdftex.def Info: ./images/scratch03/fonction/definirBloc.png used on in
put line 155.
(pdftex.def)             Requested size: 113.81102pt x 157.00069pt.

<./images/scratch03/fonction/bloc.png, id=287, 50.1875pt x 43.16125pt>
File: ./images/scratch03/fonction/bloc.png Graphic file (type png)

<use ./images/scratch03/fonction/bloc.png>
Package pdftex.def Info: ./images/scratch03/fonction/bloc.png used on input lin
e 158.
(pdftex.def)             Requested size: 28.45274pt x 24.46977pt.
 [5 <./images/scratch03/fonction/creerBloc1.png> <./images/scratch03/fonction/c
reerBloc2.png> <./images/scratch03/fonction/definirBloc.png> <./images/scratch0
3/fonction/bloc.png>]
Overfull \hbox (6.79999pt too wide) in paragraph at lines 162--162
[] 
 []

<./images/scratch03/fonction/modifierBloc.png, id=294, 208.78pt x 62.2325pt>
File: ./images/scratch03/fonction/modifierBloc.png Graphic file (type png)

<use ./images/scratch03/fonction/modifierBloc.png>
Package pdftex.def Info: ./images/scratch03/fonction/modifierBloc.png used on i
nput line 192.
(pdftex.def)             Requested size: 113.81102pt x 33.92505pt.

<./images/scratch03/fonction/blocTaille.png, id=295, 716.6775pt x 539.01375pt>
File: ./images/scratch03/fonction/blocTaille.png Graphic file (type png)

<use ./images/scratch03/fonction/blocTaille.png>
Package pdftex.def Info: ./images/scratch03/fonction/blocTaille.png used on inp
ut line 198.
(pdftex.def)             Requested size: 716.67577pt x 539.01242pt.

Underfull \vbox (badness 10000) has occurred while \output is active []

 [6 <./images/scratch03/fonction/modifierBloc.png>]
File: ./images/scratch03/fonction/modifierBloc.png Graphic file (type png)

<use ./images/scratch03/fonction/modifierBloc.png>
Package pdftex.def Info: ./images/scratch03/fonction/modifierBloc.png used on i
nput line 216.
(pdftex.def)             Requested size: 113.81102pt x 33.92505pt.

<./images/scratch03/fonction/blocEtiquette.png, id=304, 716.6775pt x 538.01pt>
File: ./images/scratch03/fonction/blocEtiquette.png Graphic file (type png)

<use ./images/scratch03/fonction/blocEtiquette.png>
Package pdftex.def Info: ./images/scratch03/fonction/blocEtiquette.png used on 
input line 222.
(pdftex.def)             Requested size: 716.67577pt x 538.00868pt.

Underfull \vbox (badness 10000) has occurred while \output is active []

 [7 <./images/scratch03/fonction/blocTaille.png>]
Overfull \hbox (6.79999pt too wide) in paragraph at lines 237--237
[] 
 []


LaTeX Warning: Reference `TeamsRemettreDevoir' on page 8 undefined on input lin
e 240.


<./images/scratch03/fonction/Scratch_Fonctions_11.png, id=311, 544.0325pt x 119
.44624pt>
File: ./images/scratch03/fonction/Scratch_Fonctions_11.png Graphic file (type p
ng)
 <use ./images/scratch03/fonction/Scratch_Fonctions_11.png>
Package pdftex.def Info: ./images/scratch03/fonction/Scratch_Fonctions_11.png u
sed on input line 246.
(pdftex.def)             Requested size: 85.35826pt x 18.73997pt.

<./images/scratch03/fonction/bloc_allerPlusLoin.png, id=312, 254.9525pt x 71.26
625pt>
File: ./images/scratch03/fonction/bloc_allerPlusLoin.png Graphic file (type png
)
 <use ./images/scratch03/fonction/bloc_allerPlusLoin.png>
Package pdftex.def Info: ./images/scratch03/fonction/bloc_allerPlusLoin.png use
d on input line 250.
(pdftex.def)             Requested size: 142.26378pt x 39.76852pt.
 [8 <./images/scratch03/fonction/blocEtiquette.png> <./images/scratch03/fonctio
n/Scratch_Fonctions_11.png>]
<./images/scratch03/fonction/fonctionTriangle.png, id=321, 188.705pt x 350.3087
5pt>
File: ./images/scratch03/fonction/fonctionTriangle.png Graphic file (type png)
 <use ./images/scratch03/fonction/fonctionTriangle.png>
Package pdftex.def Info: ./images/scratch03/fonction/fonctionTriangle.png used 
on input line 261.
(pdftex.def)             Requested size: 188.70453pt x 350.30789pt.

<./images/scratch03/fonction/resultat_fonctionTriangle.png, id=322, 408.52625pt
 x 342.27875pt>
File: ./images/scratch03/fonction/resultat_fonctionTriangle.png Graphic file (t
ype png)

<use ./images/scratch03/fonction/resultat_fonctionTriangle.png>
Package pdftex.def Info: ./images/scratch03/fonction/resultat_fonctionTriangle.
png used on input line 267.
(pdftex.def)             Requested size: 408.52525pt x 342.2779pt.
 [9 <./images/scratch03/fonction/bloc_allerPlusLoin.png> <./images/scratch03/fo
nction/fonctionTriangle.png> <./images/scratch03/fonction/resultat_fonctionTria
ngle.png>]
<./images/scratch03/fonction/Scratch_Fonctions_14.png, id=333, 707.64375pt x 61
1.28375pt>
File: ./images/scratch03/fonction/Scratch_Fonctions_14.png Graphic file (type p
ng)
 <use ./images/scratch03/fonction/Scratch_Fonctions_14.png>
Package pdftex.def Info: ./images/scratch03/fonction/Scratch_Fonctions_14.png u
sed on input line 276.
(pdftex.def)             Requested size: 707.64203pt x 611.28226pt.
 [10 <./images/scratch03/fonction/Scratch_Fonctions_14.png>]
Underfull \hbox (badness 10000) in paragraph at lines 296--297

 []


<./images/scratch03/flappy/screenshotFlappy.jpg, id=340, 813.0375pt x 457.71pt>
File: ./images/scratch03/flappy/screenshotFlappy.jpg Graphic file (type jpg)
<use ./images/scratch03/flappy/screenshotFlappy.jpg>
Package pdftex.def Info: ./images/scratch03/flappy/screenshotFlappy.jpg used on
 input line 318.
(pdftex.def)             Requested size: 813.03552pt x 457.7089pt.

Underfull \hbox (badness 10000) in paragraph at lines 318--318

 []


Overfull \hbox (6.0pt too wide) in paragraph at lines 318--319
[][][][][][][]
 []


Underfull \vbox (badness 10000) has occurred while \output is active []

 [11]
<./images/scratch03/flappy/screenshotFlappyClone01.png, id=346, 1123.19624pt x 
843.15pt>
File: ./images/scratch03/flappy/screenshotFlappyClone01.png Graphic file (type 
png)
 <use ./images/scratch03/flappy/screenshotFlappyClone01.png>
Package pdftex.def Info: ./images/scratch03/flappy/screenshotFlappyClone01.png 
used on input line 357.
(pdftex.def)             Requested size: 1123.1935pt x 843.14793pt.

<./images/scratch03/flappy/screenshotFlappyClone02.png, id=347, 1131.22626pt x 
850.17625pt>
File: ./images/scratch03/flappy/screenshotFlappyClone02.png Graphic file (type 
png)
 <use ./images/scratch03/flappy/screenshotFlappyClone02.png>
Package pdftex.def Info: ./images/scratch03/flappy/screenshotFlappyClone02.png 
used on input line 357.
(pdftex.def)             Requested size: 1131.2235pt x 850.17418pt.

Underfull \hbox (badness 10000) in paragraph at lines 357--357

 []

<./images/scratch03/flappy/scene03.png, id=348, 475.7775pt x 354.32375pt>
File: ./images/scratch03/flappy/scene03.png Graphic file (type png)

<use ./images/scratch03/flappy/scene03.png>
Package pdftex.def Info: ./images/scratch03/flappy/scene03.png used on input li
ne 357.
(pdftex.def)             Requested size: 475.77632pt x 354.32288pt.

<./images/scratch03/flappy/scene04.png, id=349, 476.78125pt x 358.33875pt>
File: ./images/scratch03/flappy/scene04.png Graphic file (type png)

<use ./images/scratch03/flappy/scene04.png>
Package pdftex.def Info: ./images/scratch03/flappy/scene04.png used on input li
ne 357.
(pdftex.def)             Requested size: 476.78008pt x 358.33788pt.

<./images/scratch03/flappy/LutinOiseau03.png, id=350, 223.83624pt x 147.55125pt
>
File: ./images/scratch03/flappy/LutinOiseau03.png Graphic file (type png)
 <use ./images/scratch03/flappy/LutinOiseau03.png>
Package pdftex.def Info: ./images/scratch03/flappy/LutinOiseau03.png used on in
put line 357.
(pdftex.def)             Requested size: 223.8357pt x 147.55087pt.

<./images/scratch03/flappy/LutinOiseau04.png, id=351, 280.04625pt x 235.88126pt
>
File: ./images/scratch03/flappy/LutinOiseau04.png Graphic file (type png)
 <use ./images/scratch03/flappy/LutinOiseau04.png>
Package pdftex.def Info: ./images/scratch03/flappy/LutinOiseau04.png used on in
put line 357.
(pdftex.def)             Requested size: 280.04555pt x 235.88068pt.

<./images/scratch03/flappy/lutinPipe00.png, id=352, 60.225pt x 381.425pt>
File: ./images/scratch03/flappy/lutinPipe00.png Graphic file (type png)

<use ./images/scratch03/flappy/lutinPipe00.png>
Package pdftex.def Info: ./images/scratch03/flappy/lutinPipe00.png used on inpu
t line 357.
(pdftex.def)             Requested size: 60.22484pt x 381.42406pt.

<./images/scratch03/flappy/lutinPipe00b.png, id=353, 60.225pt x 381.425pt>
File: ./images/scratch03/flappy/lutinPipe00b.png Graphic file (type png)

<use ./images/scratch03/flappy/lutinPipe00b.png>
Package pdftex.def Info: ./images/scratch03/flappy/lutinPipe00b.png used on inp
ut line 357.
(pdftex.def)             Requested size: 60.22484pt x 381.42406pt.

<./images/scratch03/flappy/lutinPipe00c.png, id=354, 60.225pt x 381.425pt>
File: ./images/scratch03/flappy/lutinPipe00c.png Graphic file (type png)

<use ./images/scratch03/flappy/lutinPipe00c.png>
Package pdftex.def Info: ./images/scratch03/flappy/lutinPipe00c.png used on inp
ut line 357.
(pdftex.def)             Requested size: 60.22484pt x 381.42406pt.

Overfull \hbox (6.0pt too wide) in paragraph at lines 357--358
[][][][][][][]
 []


Underfull \vbox (badness 10000) has occurred while \output is active []

 [12 <./images/scratch03/flappy/screenshotFlappy.jpg>]
Underfull \vbox (badness 10000) has occurred while \output is active []

 [13 <./images/scratch03/flappy/screenshotFlappyClone01.png> <./images/scratch0
3/flappy/screenshotFlappyClone02.png> <./images/scratch03/flappy/scene03.png> <
./images/scratch03/flappy/scene04.png> <./images/scratch03/flappy/LutinOiseau03
.png> <./images/scratch03/flappy/LutinOiseau04.png> <./images/scratch03/flappy/
lutinPipe00.png> <./images/scratch03/flappy/lutinPipe00b.png> <./images/scratch
03/flappy/lutinPipe00c.png>]

LaTeX Warning: Reference `TeamsRemettreDevoir' on page 14 undefined on input li
ne 361.


Overfull \hbox (6.0pt too wide) in paragraph at lines 361--362
[][][][][][][]
 []

[14]
Underfull \hbox (badness 10000) in paragraph at lines 401--402

 []


<./images/scratch03/traceFx/screenshot1.png, id=378, 1146.2825pt x 897.3525pt>
File: ./images/scratch03/traceFx/screenshot1.png Graphic file (type png)

<use ./images/scratch03/traceFx/screenshot1.png>
Package pdftex.def Info: ./images/scratch03/traceFx/screenshot1.png used on inp
ut line 422.
(pdftex.def)             Requested size: 1146.27971pt x 897.3503pt.

<./images/scratch03/traceFx/screenshot2.png, id=379, 1146.2825pt x 898.35625pt>
File: ./images/scratch03/traceFx/screenshot2.png Graphic file (type png)
<use ./images/scratch03/traceFx/screenshot2.png>
Package pdftex.def Info: ./images/scratch03/traceFx/screenshot2.png used on inp
ut line 422.
(pdftex.def)             Requested size: 1146.27971pt x 898.35405pt.

Overfull \hbox (6.0pt too wide) in paragraph at lines 422--423
[][][][][][][]
 []


Underfull \hbox (badness 10000) in paragraph at lines 436--436

 []


LaTeX Warning: Reference `TeamsRemettreDevoir' on page 15 undefined on input li
ne 436.


Overfull \hbox (6.0pt too wide) in paragraph at lines 436--437
[][][][][][][]
 []


Underfull \vbox (badness 7540) has occurred while \output is active []

 [15 <./images/scratch03/traceFx/screenshot1.png> <./images/scratch03/traceFx/s
creenshot2.png>] [16]
<./images/scratch03/flappy/scene_flappy.png, id=394, 1396.21625pt x 766.865pt>
File: ./images/scratch03/flappy/scene_flappy.png Graphic file (type png)

<use ./images/scratch03/flappy/scene_flappy.png>
Package pdftex.def Info: ./images/scratch03/flappy/scene_flappy.png used on inp
ut line 477.
(pdftex.def)             Requested size: 1396.21286pt x 766.86314pt.

<./images/scratch03/flappy/scene_flappy2.png, id=395, 202.7575pt x 378.41376pt>
File: ./images/scratch03/flappy/scene_flappy2.png Graphic file (type png)
<use ./images/scratch03/flappy/scene_flappy2.png>
Package pdftex.def Info: ./images/scratch03/flappy/scene_flappy2.png used on in
put line 486.
(pdftex.def)             Requested size: 202.757pt x 378.41283pt.

Underfull \vbox (badness 6758) has occurred while \output is active []

 [17 <./images/scratch03/flappy/scene_flappy.png>]
Underfull \hbox (badness 10000) in paragraph at lines 488--489

 []

<./images/scratch03/flappy/perdu.png, id=401, 877.2775pt x 657.45625pt>
File: ./images/scratch03/flappy/perdu.png Graphic file (type png)

<use ./images/scratch03/flappy/perdu.png>
Package pdftex.def Info: ./images/scratch03/flappy/perdu.png used on input line
 492.
(pdftex.def)             Requested size: 877.27536pt x 657.45465pt.

<./images/scratch03/flappy/basculeArrierePlan.png, id=402, 327.2225pt x 119.446
24pt>
File: ./images/scratch03/flappy/basculeArrierePlan.png Graphic file (type png)
 <use ./images/scratch03/flappy/basculeArrierePlan.png>
Package pdftex.def Info: ./images/scratch03/flappy/basculeArrierePlan.png used 
on input line 498.
(pdftex.def)             Requested size: 327.2217pt x 119.44594pt.
 [18 <./images/scratch03/flappy/scene_flappy2.png> <./images/scratch03/flappy/p
erdu.png>]
LaTeX Font Info:    Font shape `T1/lmtt/bx/n' in size <12> not available
(Font)              Font shape `T1/lmtt/b/n' tried instead on input line 506.

<./images/scratch03/flappy/supprimerSprite.png, id=408, 88.33pt x 80.3pt>
File: ./images/scratch03/flappy/supprimerSprite.png Graphic file (type png)

<use ./images/scratch03/flappy/supprimerSprite.png>
Package pdftex.def Info: ./images/scratch03/flappy/supprimerSprite.png used on 
input line 519.
(pdftex.def)             Requested size: 88.32977pt x 80.29979pt.

<./images/scratch03/flappy/peindreSprite.png, id=409, 151.56625pt x 124.465pt>
File: ./images/scratch03/flappy/peindreSprite.png Graphic file (type png)

<use ./images/scratch03/flappy/peindreSprite.png>
Package pdftex.def Info: ./images/scratch03/flappy/peindreSprite.png used on in
put line 519.
(pdftex.def)             Requested size: 151.56587pt x 124.46469pt.

<./images/scratch03/flappy/creationOiseau.png, id=410, 832.10875pt x 607.26875p
t>
File: ./images/scratch03/flappy/creationOiseau.png Graphic file (type png)
 <use ./images/scratch03/flappy/creationOiseau.png>
Package pdftex.def Info: ./images/scratch03/flappy/creationOiseau.png used on i
nput line 523.
(pdftex.def)             Requested size: 832.10672pt x 607.26727pt.
 [19 <./images/scratch03/flappy/basculeArrierePlan.png> <./images/scratch03/fla
ppy/supprimerSprite.png> <./images/scratch03/flappy/peindreSprite.png> <./image
s/scratch03/flappy/creationOiseau.png>]
<./images/scratch03/flappy/peindre.png, id=423, 158.5925pt x 198.7425pt>
File: ./images/scratch03/flappy/peindre.png Graphic file (type png)

<use ./images/scratch03/flappy/peindre.png>
Package pdftex.def Info: ./images/scratch03/flappy/peindre.png used on input li
ne 530.
(pdftex.def)             Requested size: 158.59209pt x 198.742pt.

<./images/scratch03/flappy/costume2.png, id=424, 832.10875pt x 605.26125pt>
File: ./images/scratch03/flappy/costume2.png Graphic file (type png)

<use ./images/scratch03/flappy/costume2.png>
Package pdftex.def Info: ./images/scratch03/flappy/costume2.png used on input l
ine 534.
(pdftex.def)             Requested size: 832.10672pt x 605.25975pt.

<./images/scratch03/flappy/blocBasculerCostume.png, id=425, 258.9675pt x 74.277
5pt>
File: ./images/scratch03/flappy/blocBasculerCostume.png Graphic file (type png)

 <use ./images/scratch03/flappy/blocBasculerCostume.png>
Package pdftex.def Info: ./images/scratch03/flappy/blocBasculerCostume.png used
 on input line 539.
(pdftex.def)             Requested size: 258.96684pt x 74.27731pt.

<./images/scratch03/flappy/changerNomSprite.png, id=426, 89.33376pt x 87.32625p
t>
File: ./images/scratch03/flappy/changerNomSprite.png Graphic file (type png)
 <use ./images/scratch03/flappy/changerNomSprite.png>
Package pdftex.def Info: ./images/scratch03/flappy/changerNomSprite.png used on
 input line 545.
(pdftex.def)             Requested size: 89.33353pt x 87.32603pt.

<./images/scratch03/flappy/changerNomSprite2.png, id=427, 408.52625pt x 101.378
75pt>
File: ./images/scratch03/flappy/changerNomSprite2.png Graphic file (type png)
 <use ./images/scratch03/flappy/changerNomSprite2.png>
Package pdftex.def Info: ./images/scratch03/flappy/changerNomSprite2.png used o
n input line 545.
(pdftex.def)             Requested size: 408.52525pt x 101.3785pt.
 [20 <./images/scratch03/flappy/peindre.png> <./images/scratch03/flappy/costume
2.png> <./images/scratch03/flappy/blocBasculerCostume.png> <./images/scratch03/
flappy/changerNomSprite.png> <./images/scratch03/flappy/changerNomSprite2.png>]

<./images/scratch03/flappy/decorsTuyau.png, id=436, 879.285pt x 653.44125pt>
File: ./images/scratch03/flappy/decorsTuyau.png Graphic file (type png)

<use ./images/scratch03/flappy/decorsTuyau.png>
Package pdftex.def Info: ./images/scratch03/flappy/decorsTuyau.png used on inpu
t line 556.
(pdftex.def)             Requested size: 879.28287pt x 653.43965pt.

<./images/scratch03/flappy/decorsTuyau2.png, id=437, 473.77pt x 460.72125pt>
File: ./images/scratch03/flappy/decorsTuyau2.png Graphic file (type png)

<use ./images/scratch03/flappy/decorsTuyau2.png>
Package pdftex.def Info: ./images/scratch03/flappy/decorsTuyau2.png used on inp
ut line 562.
(pdftex.def)             Requested size: 473.76884pt x 460.72012pt.

<./images/scratch03/flappy/decorsTuyau3.png, id=438, 474.77374pt x 470.75874pt>
File: ./images/scratch03/flappy/decorsTuyau3.png Graphic file (type png)
<use ./images/scratch03/flappy/decorsTuyau3.png>
Package pdftex.def Info: ./images/scratch03/flappy/decorsTuyau3.png used on inp
ut line 562.
(pdftex.def)             Requested size: 474.77258pt x 470.7576pt.

Underfull \vbox (badness 10000) has occurred while \output is active []

 [21 <./images/scratch03/flappy/decorsTuyau.png>]
<./images/scratch03/flappy/ScriptScene.pdf, id=445, 226.31001pt x 232.66924pt>
File: ./images/scratch03/flappy/ScriptScene.pdf Graphic file (type pdf)

<use ./images/scratch03/flappy/ScriptScene.pdf>
Package pdftex.def Info: ./images/scratch03/flappy/ScriptScene.pdf used on inpu
t line 580.
(pdftex.def)             Requested size: 226.30946pt x 232.66867pt.
 [22 <./images/scratch03/flappy/decorsTuyau2.png> <./images/scratch03/flappy/de
corsTuyau3.png> <./images/scratch03/flappy/ScriptScene.pdf>]
<./images/scratch03/flappy/ScriptOiseau1.pdf, id=476, 174.09041pt x 121.253pt>
File: ./images/scratch03/flappy/ScriptOiseau1.pdf Graphic file (type pdf)

<use ./images/scratch03/flappy/ScriptOiseau1.pdf>
Package pdftex.def Info: ./images/scratch03/flappy/ScriptOiseau1.pdf used on in
put line 593.
(pdftex.def)             Requested size: 174.08997pt x 121.2527pt.
 [23 <./images/scratch03/flappy/ScriptOiseau1.pdf>]
<./images/scratch03/flappy/ScriptOiseau2.pdf, id=492, 255.18541pt x 673.84842pt
>
File: ./images/scratch03/flappy/ScriptOiseau2.pdf Graphic file (type pdf)
 <use ./images/scratch03/flappy/ScriptOiseau2.pdf>
Package pdftex.def Info: ./images/scratch03/flappy/ScriptOiseau2.pdf used on in
put line 601.
(pdftex.def)             Requested size: 255.18477pt x 673.84677pt.
 [24 <./images/scratch03/flappy/ScriptOiseau2.pdf>]
<./images/scratch03/flappy/ScriptTuyau1.pdf, id=517, 242.07529pt x 300.42236pt>
File: ./images/scratch03/flappy/ScriptTuyau1.pdf Graphic file (type pdf)
<use ./images/scratch03/flappy/ScriptTuyau1.pdf>
Package pdftex.def Info: ./images/scratch03/flappy/ScriptTuyau1.pdf used on inp
ut line 608.
(pdftex.def)             Requested size: 242.07469pt x 300.42162pt.

<./images/scratch03/flappy/ScriptTuyau2b.pdf, id=518, 326.97824pt x 408.03357pt
>
File: ./images/scratch03/flappy/ScriptTuyau2b.pdf Graphic file (type pdf)
 <use ./images/scratch03/flappy/ScriptTuyau2b.pdf>
Package pdftex.def Info: ./images/scratch03/flappy/ScriptTuyau2b.pdf used on in
put line 615.
(pdftex.def)             Requested size: 326.97743pt x 408.03256pt.

Underfull \vbox (badness 10000) has occurred while \output is active []

 [25 <./images/scratch03/flappy/ScriptTuyau1.pdf>]
<./images/scratch03/traceFx/entreeDonnees.png, id=546, 132.495pt x 258.9675pt>
File: ./images/scratch03/traceFx/entreeDonnees.png Graphic file (type png)

<use ./images/scratch03/traceFx/entreeDonnees.png>
Package pdftex.def Info: ./images/scratch03/traceFx/entreeDonnees.png used on i
nput line 638.
(pdftex.def)             Requested size: 132.49466pt x 258.96684pt.
 [26 <./images/scratch03/flappy/ScriptTuyau2b.pdf>]
<./images/scratch03/traceFx/nouveauxBlocs1.png, id=565, 273.02pt x 46.1725pt>
File: ./images/scratch03/traceFx/nouveauxBlocs1.png Graphic file (type png)

<use ./images/scratch03/traceFx/nouveauxBlocs1.png>
Package pdftex.def Info: ./images/scratch03/traceFx/nouveauxBlocs1.png used on 
input line 646.
(pdftex.def)             Requested size: 273.01933pt x 46.17236pt.
LaTeX Font Info:    Font shape `T1/lmtt/bx/n' in size <14.4> not available
(Font)              Font shape `T1/lmtt/b/n' tried instead on input line 650.

<./images/scratch03/traceFx/bloc_entreeDonnees.png, id=566, 164.615pt x 69.2587
4pt>
File: ./images/scratch03/traceFx/bloc_entreeDonnees.png Graphic file (type png)

 <use ./images/scratch03/traceFx/bloc_entreeDonnees.png>
Package pdftex.def Info: ./images/scratch03/traceFx/bloc_entreeDonnees.png used
 on input line 652.
(pdftex.def)             Requested size: 164.6146pt x 69.25856pt.

<./images/scratch03/traceFx/questionReponse.png, id=567, 352.31625pt x 32.12pt>
File: ./images/scratch03/traceFx/questionReponse.png Graphic file (type png)
<use ./images/scratch03/traceFx/questionReponse.png>
Package pdftex.def Info: ./images/scratch03/traceFx/questionReponse.png used on
 input line 660.
(pdftex.def)             Requested size: 352.31538pt x 32.1199pt.

<./images/scratch03/traceFx/bloc_calcule.png, id=568, 118.4425pt x 67.25125pt>
File: ./images/scratch03/traceFx/bloc_calcule.png Graphic file (type png)

<use ./images/scratch03/traceFx/bloc_calcule.png>
Package pdftex.def Info: ./images/scratch03/traceFx/bloc_calcule.png used on in
put line 667.
(pdftex.def)             Requested size: 118.4422pt x 67.25107pt.

<./images/scratch03/traceFx/definir_trace.png, id=569, 110.4125pt x 71.26625pt>
File: ./images/scratch03/traceFx/definir_trace.png Graphic file (type png)
<use ./images/scratch03/traceFx/definir_trace.png>
Package pdftex.def Info: ./images/scratch03/traceFx/definir_trace.png used on i
nput line 676.
(pdftex.def)             Requested size: 110.41222pt x 71.26605pt.
 [27 <./images/scratch03/traceFx/entreeDonnees.png> <./images/scratch03/traceFx
/nouveauxBlocs1.png> <./images/scratch03/traceFx/bloc_entreeDonnees.png> <./ima
ges/scratch03/traceFx/questionReponse.png> <./images/scratch03/traceFx/bloc_cal
cule.png>])
No file livret_MITIC_4e_v11.ind.
[28 <./images/scratch03/traceFx/definir_trace.png>]
Package atveryend Info: Empty hook `BeforeClearDocument' on input line 65.
Package atveryend Info: Empty hook `AfterLastShipout' on input line 65.
 (./livret_MITIC_4e_v11.aux)
Package atveryend Info: Executing hook `AtVeryEndDocument' on input line 65.
Package atveryend Info: Executing hook `AtEndAfterFileList' on input line 65.
Package rerunfilecheck Info: File `livret_MITIC_4e_v11.out' has not changed.
(rerunfilecheck)             Checksum: 9B250DC4A260BC57B9E5902BE8C37A63;1846.

LaTeX Warning: There were undefined references.

Package atveryend Info: Empty hook `AtVeryVeryEnd' on input line 65.
 ) 
Here is how much of TeX's memory you used:
 18657 strings out of 493014
 346486 string characters out of 6133351
 405916 words of memory out of 5000000
 21624 multiletter control sequences out of 15000+600000
 117208 words of font info for 91 fonts, out of 8000000 for 9000
 1141 hyphenation exceptions out of 8191
 62i,12n,56p,753b,1075s stack positions out of 5000i,500n,10000p,200000b,80000s
{/usr/local/texlive/2016/texmf-dist/fonts/enc/dvips/lm/lm-ec.enc}{/usr/local/
texlive/2016/texmf-dist/fonts/enc/dvips/lm/lm-rm.enc}{/usr/local/texlive/2016/t
exmf-dist/fonts/enc/dvips/lm/lm-mathit.enc}{/usr/local/texlive/2016/texmf-dist/
fonts/enc/dvips/lm/lm-mathsy.enc}</usr/local/texlive/2016/texmf-dist/fonts/type
1/public/lm/lmbx10.pfb></usr/local/texlive/2016/texmf-dist/fonts/type1/public/l
m/lmbx12.pfb></usr/local/texlive/2016/texmf-dist/fonts/type1/public/lm/lmbxi10.
pfb></usr/local/texlive/2016/texmf-dist/fonts/type1/public/lm/lmbxo10.pfb></usr
/local/texlive/2016/texmf-dist/fonts/type1/public/lm/lmmi12.pfb></usr/local/tex
live/2016/texmf-dist/fonts/type1/public/lm/lmr10.pfb></usr/local/texlive/2016/t
exmf-dist/fonts/type1/public/lm/lmr12.pfb></usr/local/texlive/2016/texmf-dist/f
onts/type1/public/lm/lmr17.pfb></usr/local/texlive/2016/texmf-dist/fonts/type1/
public/lm/lmr8.pfb></usr/local/texlive/2016/texmf-dist/fonts/type1/public/lm/lm
ri10.pfb></usr/local/texlive/2016/texmf-dist/fonts/type1/public/lm/lmri12.pfb><
/usr/local/texlive/2016/texmf-dist/fonts/type1/public/lm/lmro12.pfb></usr/local
/texlive/2016/texmf-dist/fonts/type1/public/lm/lmro8.pfb></usr/local/texlive/20
16/texmf-dist/fonts/type1/public/lm/lmsy10.pfb></usr/local/texlive/2016/texmf-d
ist/fonts/type1/public/lm/lmtk10.pfb></usr/local/texlive/2016/texmf-dist/fonts/
type1/public/lm/lmtt10.pfb></usr/local/texlive/2016/texmf-dist/fonts/type1/publ
ic/lm/lmtt12.pfb></usr/local/texlive/2016/texmf-dist/fonts/type1/public/lm/lmtt
8.pfb></usr/local/texlive/2016/texmf-dist/fonts/type1/public/lm/lmtti10.pfb>
Output written on livret_MITIC_4e_v11.pdf (38 pages, 4126255 bytes).
PDF statistics:
 671 PDF objects out of 1000 (max. 8388607)
 454 compressed objects within 5 object streams
 88 named destinations out of 1000 (max. 500000)
 502 words of extra memory for PDF output out of 10000 (max. 10000000)

