\BOOKMARK [0][-]{chapter.1}{Microsoft Teams}{}% 1
\BOOKMARK [1][-]{section.1.1}{Connexion \340 Office 365 et Teams}{chapter.1}% 2
\BOOKMARK [1][-]{section.1.2}{Utilisation de la Publication}{chapter.1}% 3
\BOOKMARK [1][-]{section.1.3}{Consulter et t\351l\351charger un document}{chapter.1}% 4
\BOOKMARK [1][-]{section.1.4}{Les devoirs}{chapter.1}% 5
\BOOKMARK [2][-]{subsection.1.4.1}{Consulter le sujet d'un devoir en pi\350ce jointe}{section.1.4}% 6
\BOOKMARK [2][-]{subsection.1.4.2}{Remettre son devoir}{section.1.4}% 7
\BOOKMARK [1][-]{section.1.5}{Acc\351der \340 mon bloc-note}{chapter.1}% 8
\BOOKMARK [1][-]{section.1.6}{Rejoindre une t\351l\351conf\351rence}{chapter.1}% 9
\BOOKMARK [1][-]{section.1.7}{Pour aller plus loin}{chapter.1}% 10
\BOOKMARK [2][-]{subsection.1.7.1}{Apparence de la page d'accueil}{section.1.7}% 11
\BOOKMARK [0][-]{chapter.2}{Traitement d'images 3}{}% 12
\BOOKMARK [1][-]{section.2.1}{Les outils dont vous aurez besoin}{chapter.2}% 13
\BOOKMARK [2][-]{subsection.2.1.1}{Cr\351er et modifier un chemin}{section.2.1}% 14
\BOOKMARK [2][-]{subsection.2.1.2}{Travailler avec les chemins et les calques}{section.2.1}% 15
\BOOKMARK [2][-]{subsection.2.1.3}{Tracer un trait le long d'un chemin}{section.2.1}% 16
\BOOKMARK [2][-]{subsection.2.1.4}{\311crire un texte le long d'un chemin}{section.2.1}% 17
\BOOKMARK [2][-]{subsection.2.1.5}{Utiliser les guides}{section.2.1}% 18
\BOOKMARK [2][-]{subsection.2.1.6}{Extraire un objet de son arri\350re plan \(d\351tourage\)}{section.2.1}% 19
\BOOKMARK [1][-]{section.2.2}{S\351ance 1 : l\351gender une image \(SVT\)}{chapter.2}% 20
\BOOKMARK [1][-]{section.2.3}{S\351ance 2 : un calligramme \(fran\347ais\)}{chapter.2}% 21
\BOOKMARK [1][-]{section.2.4}{S\351ance 3 : composition d'une image \(arts visuels\)}{chapter.2}% 22
