\BOOKMARK [1][-]{section.0.1}{D\351couverte Python et module Turtle}{}% 1
\BOOKMARK [2][-]{subsection.0.1.1}{Pour bien commencer}{section.0.1}% 2
\BOOKMARK [2][-]{subsection.0.1.2}{L'activit\351 demand\351e}{section.0.1}% 3
\BOOKMARK [1][-]{section.0.2}{Factorisation et d\351veloppement}{}% 4
\BOOKMARK [2][-]{subsection.0.2.1}{Pour bien commencer...}{section.0.2}% 5
\BOOKMARK [2][-]{subsection.0.2.2}{L'activit\351 demand\351e}{section.0.2}% 6
\BOOKMARK [2][-]{subsection.0.2.3}{Pour aller plus loin...}{section.0.2}% 7
\BOOKMARK [1][-]{section.0.3}{Annexe - Microsoft Teams}{}% 8
\BOOKMARK [2][-]{subsection.0.3.1}{Connexion \340 Office 365 et Teams}{section.0.3}% 9
\BOOKMARK [2][-]{subsection.0.3.2}{Utilisation de la Publication}{section.0.3}% 10
\BOOKMARK [2][-]{subsection.0.3.3}{Consulter et t\351l\351charger un document}{section.0.3}% 11
\BOOKMARK [2][-]{subsection.0.3.4}{Les devoirs}{section.0.3}% 12
\BOOKMARK [2][-]{subsection.0.3.5}{Acc\351der \340 mon bloc-note}{section.0.3}% 13
\BOOKMARK [2][-]{subsection.0.3.6}{Rejoindre une t\351l\351conf\351rence}{section.0.3}% 14
\BOOKMARK [2][-]{subsection.0.3.7}{Pour aller plus loin}{section.0.3}% 15
\BOOKMARK [1][-]{section.0.4}{S\351ance 1 - utilisation de Geogebra pour construire la droite d'Euler}{}% 16
\BOOKMARK [1][-]{section.0.5}{S\351ance 2 - d\351couverte Python et module turtle}{}% 17
\BOOKMARK [1][-]{section.0.6}{S\351ance 22 - d\351couverte Python sur les variables et conditions}{}% 18
\BOOKMARK [1][-]{section.0.7}{S\351ance 3 - dessin d'une courbe en Python}{}% 19
\BOOKMARK [1][-]{section.0.8}{S\351ance 4 - exp\351rience physique et courbes en Python}{}% 20
\BOOKMARK [1][-]{section.0.9}{S\351aence 5 - r\351sistivit\351 Sebastien Perrad}{}% 21
\BOOKMARK [1][-]{section.0.10}{S\351ance 6 de traitement de l'image avec Python}{}% 22
\BOOKMARK [1][-]{section.0.11}{S\351ance 7 calcul litt\351ral - factorisation, d\351veloppement}{}% 23
\BOOKMARK [1][-]{section.0.12}{S\351ance 8 - utilisation des moteurs de recherches - social dilemma}{}% 24
\BOOKMARK [1][-]{section.0.13}{S\351ance 9 - statistique descriptive avec Excel}{}% 25
\BOOKMARK [1][-]{section.0.14}{S\351ance 10 - statistique descriptive avec Python}{}% 26
\BOOKMARK [1][-]{section.0.15}{S\351ance 11 cr\351ation site Web avec WordPress}{}% 27
