\BOOKMARK [0][-]{chapter.1}{Tableur 2}{}% 1
\BOOKMARK [1][-]{section.1.1}{Les outils dont vous aurez besoin}{chapter.1}% 2
\BOOKMARK [2][-]{subsection.1.1.1}{Le s\351parateur d\351cimal}{section.1.1}% 3
\BOOKMARK [2][-]{subsection.1.1.2}{Formater le contenu d'une cellule}{section.1.1}% 4
\BOOKMARK [2][-]{subsection.1.1.3}{Formater la page}{section.1.1}% 5
\BOOKMARK [2][-]{subsection.1.1.4}{Ajouter une courbe de tendance}{section.1.1}% 6
\BOOKMARK [2][-]{subsection.1.1.5}{Cr\351er un diagramme circulaire}{section.1.1}% 7
\BOOKMARK [1][-]{section.1.2}{S\351ance 1 : caract\351ristique d'une r\351sistance}{chapter.1}% 8
\BOOKMARK [1][-]{section.1.3}{S\351ance 2 : inventaire des tables du coll\350ge}{chapter.1}% 9
\BOOKMARK [1][-]{section.1.4}{S\351ance 3 : r\351partition de la population mondiale}{chapter.1}% 10
\BOOKMARK [0][-]{chapter.2}{Traitement de texte 2}{}% 11
\BOOKMARK [1][-]{section.2.1}{Les outils dont vous aurez besoin}{chapter.2}% 12
\BOOKMARK [2][-]{subsection.2.1.1}{Ins\351rer un tableau}{section.2.1}% 13
\BOOKMARK [2][-]{subsection.2.1.2}{Cr\351er une liste \340 puces}{section.2.1}% 14
\BOOKMARK [2][-]{subsection.2.1.3}{Ajouter un lien hypertexte}{section.2.1}% 15
\BOOKMARK [2][-]{subsection.2.1.4}{Ins\351rer une note de bas de page}{section.2.1}% 16
\BOOKMARK [2][-]{subsection.2.1.5}{Utiliser le correcteur d'orthographe}{section.2.1}% 17
\BOOKMARK [2][-]{subsection.2.1.6}{Ins\351rer une image et adapter le texte autour de l'image}{section.2.1}% 18
\BOOKMARK [1][-]{section.2.2}{S\351ance 1 : mise en forme d'un texte en fran\347ais}{chapter.2}% 19
\BOOKMARK [1][-]{section.2.3}{S\351ance 2 : mise en forme d'un texte en anglais}{chapter.2}% 20
\BOOKMARK [1][-]{section.2.4}{S\351ance 3 : mise en forme d'une fiche historique}{chapter.2}% 21
\BOOKMARK [0][-]{chapter.3}{Traitement d'images 2}{}% 22
\BOOKMARK [1][-]{section.3.1}{Les outils dont vous aurez besoin}{chapter.3}% 23
\BOOKMARK [2][-]{subsection.3.1.1}{Ajouter un texte}{section.3.1}% 24
\BOOKMARK [2][-]{subsection.3.1.2}{Appliquer un filtre sur une portion de l'image}{section.3.1}% 25
\BOOKMARK [2][-]{subsection.3.1.3}{Convertir une image en noir et blanc}{section.3.1}% 26
\BOOKMARK [2][-]{subsection.3.1.4}{Travailler avec les calques}{section.3.1}% 27
\BOOKMARK [2][-]{subsection.3.1.5}{R\351aliser une copie d'\351cran}{section.3.1}% 28
\BOOKMARK [1][-]{section.3.2}{S\351ance 1 : un ha\357ku \351crit sur une image}{chapter.3}% 29
\BOOKMARK [1][-]{section.3.3}{S\351ance 2 : superposition d'images}{chapter.3}% 30
\BOOKMARK [0][-]{chapter.4}{Traitement du son 1}{}% 31
\BOOKMARK [1][-]{section.4.1}{Introduction}{chapter.4}% 32
\BOOKMARK [1][-]{section.4.2}{L'interface graphique d'Audacity}{chapter.4}% 33
\BOOKMARK [1][-]{section.4.3}{Les outils dont vous aurez besoin}{chapter.4}% 34
\BOOKMARK [2][-]{subsection.4.3.1}{Passer une piste st\351r\351o en mono}{section.4.3}% 35
\BOOKMARK [2][-]{subsection.4.3.2}{Ajouter une piste}{section.4.3}% 36
\BOOKMARK [2][-]{subsection.4.3.3}{Copier et coller une partie de piste}{section.4.3}% 37
\BOOKMARK [2][-]{subsection.4.3.4}{D\351placer une partie de piste \(glissement temporel\)}{section.4.3}% 38
\BOOKMARK [2][-]{subsection.4.3.5}{Rendre silencieuse une partie de piste}{section.4.3}% 39
\BOOKMARK [2][-]{subsection.4.3.6}{Supprimer et raccorder}{section.4.3}% 40
\BOOKMARK [2][-]{subsection.4.3.7}{R\351aliser un fondu en ouverture ou en fermeture}{section.4.3}% 41
\BOOKMARK [2][-]{subsection.4.3.8}{Modifier le volume d'une piste}{section.4.3}% 42
\BOOKMARK [2][-]{subsection.4.3.9}{Exporter un projet au format MP3 ou WAV}{section.4.3}% 43
\BOOKMARK [1][-]{section.4.4}{S\351ance 1 : composer une phrase en anglais}{chapter.4}% 44
\BOOKMARK [0][-]{chapter.5}{Programmation Scratch 2}{}% 45
\BOOKMARK [1][-]{section.5.1}{S\351ance 1 : un programme qui dessine une spirale}{chapter.5}% 46
\BOOKMARK [2][-]{subsection.5.1.1}{Avant de commencer...}{section.5.1}% 47
\BOOKMARK [2][-]{subsection.5.1.2}{Premi\350re \351tape : cr\351ation d'une variable}{section.5.1}% 48
\BOOKMARK [2][-]{subsection.5.1.3}{Deuxi\350me \351tape : le script qui dessine la spirale}{section.5.1}% 49
\BOOKMARK [2][-]{subsection.5.1.4}{Troisi\350me \351tape : un script qui efface l'\351cran}{section.5.1}% 50
\BOOKMARK [2][-]{subsection.5.1.5}{Quatri\350me \351tape : \340 vous de jouer !}{section.5.1}% 51
\BOOKMARK [2][-]{subsection.5.1.6}{Rendre le programme}{section.5.1}% 52
\BOOKMARK [2][-]{subsection.5.1.7}{Pour aller plus loin...}{section.5.1}% 53
\BOOKMARK [1][-]{section.5.2}{S\351ance 2 : un quiz de calcul mental}{chapter.5}% 54
\BOOKMARK [2][-]{subsection.5.2.1}{Avant de commencer...}{section.5.2}% 55
\BOOKMARK [2][-]{subsection.5.2.2}{Algorithme du programme}{section.5.2}% 56
\BOOKMARK [2][-]{subsection.5.2.3}{Aide pour l'\351criture du programme}{section.5.2}% 57
\BOOKMARK [2][-]{subsection.5.2.4}{Rendre le programme}{section.5.2}% 58
\BOOKMARK [2][-]{subsection.5.2.5}{Pour aller plus loin...}{section.5.2}% 59
\BOOKMARK [1][-]{section.5.3}{S\351ance 3 : cr\351er un jeu de <<Pong>> en Scratch}{chapter.5}% 60
\BOOKMARK [2][-]{subsection.5.3.1}{Avant de commencer...}{section.5.3}% 61
\BOOKMARK [2][-]{subsection.5.3.2}{Premi\350re \351tape : cr\351ation de l'arri\350re plan et choix des lutins}{section.5.3}% 62
\BOOKMARK [2][-]{subsection.5.3.3}{D\351finition du mouvement de la balle}{section.5.3}% 63
\BOOKMARK [2][-]{subsection.5.3.4}{Mouvements de la raquette et rebond de la balle sur la raquette}{section.5.3}% 64
\BOOKMARK [2][-]{subsection.5.3.5}{Fin du jeu}{section.5.3}% 65
\BOOKMARK [2][-]{subsection.5.3.6}{Rendre le programme}{section.5.3}% 66
\BOOKMARK [2][-]{subsection.5.3.7}{Pour aller plus loin...}{section.5.3}% 67
\BOOKMARK [0][-]{chapter.6}{La plateforme Flore}{}% 68
\BOOKMARK [1][-]{section.6.1}{Se connecter \340 la plateforme Flore}{chapter.6}% 69
\BOOKMARK [1][-]{section.6.2}{Se connecter \340 la plateforme Pronote}{chapter.6}% 70
\BOOKMARK [1][-]{section.6.3}{Se connecter \340 la plateforme Moodle}{chapter.6}% 71
\BOOKMARK [1][-]{section.6.4}{R\351cup\351rer un document sur la plateforme Moodle}{chapter.6}% 72
\BOOKMARK [1][-]{section.6.5}{Remettre un devoir sur la plateforme Moodle}{chapter.6}% 73
