\BOOKMARK [0][-]{chapter.1}{Traitement de texte 1}{}% 1
\BOOKMARK [1][-]{section.1.1}{Introduction}{chapter.1}% 2
\BOOKMARK [1][-]{section.1.2}{Ouvrir Microsoft Word}{chapter.1}% 3
\BOOKMARK [1][-]{section.1.3}{S\351ance 1 : mise en forme de La Belle et la B\352te}{chapter.1}% 4
\BOOKMARK [2][-]{subsection.1.3.1}{Ouvrir le fichier \340 traiter}{section.1.3}% 5
\BOOKMARK [2][-]{subsection.1.3.2}{Sauvegarder le fichier}{section.1.3}% 6
\BOOKMARK [2][-]{subsection.1.3.3}{L'activit\351 demand\351e}{section.1.3}% 7
\BOOKMARK [1][-]{section.1.4}{S\351ance 2 : mise en forme d'un texte de J. Swift}{chapter.1}% 8
\BOOKMARK [2][-]{subsection.1.4.1}{L'activit\351 demand\351e}{section.1.4}% 9
\BOOKMARK [1][-]{section.1.5}{S\351ance 3 : mettre en forme un compte rendu d'exp\351rience}{chapter.1}% 10
\BOOKMARK [1][-]{section.1.6}{Aide pour Word S\351ance 1 Word}{chapter.1}% 11
\BOOKMARK [2][-]{subsection.1.6.1}{Mettre en forme la page}{section.1.6}% 12
\BOOKMARK [2][-]{subsection.1.6.2}{Choisir une police de caract\350res}{section.1.6}% 13
\BOOKMARK [2][-]{subsection.1.6.3}{Modifier la taille des caract\350res}{section.1.6}% 14
\BOOKMARK [2][-]{subsection.1.6.4}{Centrer du texte}{section.1.6}% 15
\BOOKMARK [2][-]{subsection.1.6.5}{Souligner du texte}{section.1.6}% 16
\BOOKMARK [2][-]{subsection.1.6.6}{Mettre un texte en gras ou en italique}{section.1.6}% 17
\BOOKMARK [2][-]{subsection.1.6.7}{Modifier la couleur des caract\350res}{section.1.6}% 18
\BOOKMARK [2][-]{subsection.1.6.8}{Mettre en forme des paragraphes}{section.1.6}% 19
\BOOKMARK [2][-]{subsection.1.6.9}{Justifier un paragraphe}{section.1.6}% 20
\BOOKMARK [2][-]{subsection.1.6.10}{Aligner \340 droite}{section.1.6}% 21
\BOOKMARK [2][-]{subsection.1.6.11}{Exporter au format PDF}{section.1.6}% 22
\BOOKMARK [2][-]{subsection.1.6.12}{Remettre le travail achev\351 sur Teams}{section.1.6}% 23
\BOOKMARK [2][-]{subsection.1.6.13}{Pour aller plus loin...}{section.1.6}% 24
\BOOKMARK [1][-]{section.1.7}{Aide pour Word S\351ance 2}{chapter.1}% 25
\BOOKMARK [2][-]{subsection.1.7.1}{Passer le texte en majuscule}{section.1.7}% 26
\BOOKMARK [2][-]{subsection.1.7.2}{Encadrer un paragraphe}{section.1.7}% 27
\BOOKMARK [2][-]{subsection.1.7.3}{Pour aller plus loin...}{section.1.7}% 28
\BOOKMARK [1][-]{section.1.8}{Aide pour Word S\351ance 3}{chapter.1}% 29
\BOOKMARK [2][-]{subsection.1.8.1}{Ins\351rer une image}{section.1.8}% 30
