This is pdfTeX, Version 3.14159265-2.6-1.40.19 (TeX Live 2019/dev/Debian) (preloaded format=pdflatex 2019.7.14)  11 SEP 2019 21:34
entering extended mode
 restricted \write18 enabled.
 %&-line parsing enabled.
**livret_MITIC_4e_v1.tex
(./livret_MITIC_4e_v1.tex
LaTeX2e <2018-12-01>

! LaTeX Error: Missing \begin{document}.

See the LaTeX manual or LaTeX Companion for explanation.
Type  H <return>  for immediate help.
 ...                                              
                                                  
l.1 l
     Ef«E‰pVâE‹çEÿË¸ˇˇˇãE‹ãUÿâ^^CÉ˙^^Gt(ãÜ§^^@^^@^^@@Ö“âÜ§^^@^^@^^@t
? x
 
Here is how much of TeX's memory you used:
 6 strings out of 492615
 319 string characters out of 6131390
 57404 words of memory out of 5000000
 4018 multiletter control sequences out of 15000+600000
 3640 words of font info for 14 fonts, out of 8000000 for 9000
 1141 hyphenation exceptions out of 8191
 5i,0n,4p,75b,14s stack positions out of 5000i,500n,10000p,200000b,80000s
No pages of output.
PDF statistics:
 0 PDF objects out of 1000 (max. 8388607)
 0 named destinations out of 1000 (max. 500000)
 1 words of extra memory for PDF output out of 10000 (max. 10000000)

