\BOOKMARK [0][-]{chapter.1}{Tableur 3}{}% 1
\BOOKMARK [1][-]{section.1.1}{Les outils dont vous aurez besoin}{chapter.1}% 2
\BOOKMARK [2][-]{subsection.1.1.1}{Le s\351parateur d\351cimal}{section.1.1}% 3
\BOOKMARK [2][-]{subsection.1.1.2}{Importer un fichier au format CSV}{section.1.1}% 4
\BOOKMARK [2][-]{subsection.1.1.3}{R\351f\351rence variable et r\351f\351rence fixe}{section.1.1}% 5
\BOOKMARK [2][-]{subsection.1.1.4}{Trier des donn\351es}{section.1.1}% 6
\BOOKMARK [2][-]{subsection.1.1.5}{Utiliser une condition pour d\351finir le contenu d'une cellule}{section.1.1}% 7
\BOOKMARK [2][-]{subsection.1.1.6}{Compter le nombre de cellules v\351rifiant une condition}{section.1.1}% 8
\BOOKMARK [2][-]{subsection.1.1.7}{Ajouter la valeur du contenu de plusieurs cellules}{section.1.1}% 9
\BOOKMARK [2][-]{subsection.1.1.8}{Fixer une ligne ou une colonne \340 l'affichage}{section.1.1}% 10
\BOOKMARK [2][-]{subsection.1.1.9}{Naviguer dans une grande feuille de calcul}{section.1.1}% 11
\BOOKMARK [1][-]{section.1.2}{S\351ance 1 : Moyennes avec coefficients \(maths\)}{chapter.1}% 12
\BOOKMARK [1][-]{section.1.3}{S\351ance 2 : Traitement de donn\351es \(Sc. physiques\)}{chapter.1}% 13
\BOOKMARK [1][-]{section.1.4}{S\351ance 3 : Ressources en eau \(g\351ographie\)}{chapter.1}% 14
\BOOKMARK [2][-]{subsection.1.4.1}{Ressources en eau des diff\351rents pays}{section.1.4}% 15
\BOOKMARK [2][-]{subsection.1.4.2}{Ressources en eau, classement des pays en trois groupes}{section.1.4}% 16
\BOOKMARK [2][-]{subsection.1.4.3}{Pour aller plus loin...}{section.1.4}% 17
\BOOKMARK [0][-]{chapter.2}{Traitement de texte 3}{}% 18
\BOOKMARK [1][-]{section.2.1}{Les outils dont vous aurez besoin}{chapter.2}% 19
\BOOKMARK [2][-]{subsection.2.1.1}{La gestion des styles}{section.2.1}% 20
\BOOKMARK [2][-]{subsection.2.1.2}{Travailler avec les styles}{section.2.1}% 21
\BOOKMARK [2][-]{subsection.2.1.3}{Ins\351rer une table des mati\350res}{section.2.1}% 22
\BOOKMARK [2][-]{subsection.2.1.4}{En-t\352te et pied de page}{section.2.1}% 23
\BOOKMARK [2][-]{subsection.2.1.5}{Ins\351rer un champ automatique \(num\351ro de page\)}{section.2.1}% 24
\BOOKMARK [2][-]{subsection.2.1.6}{Mettre du texte en exposant et en indice}{section.2.1}% 25
\BOOKMARK [2][-]{subsection.2.1.7}{Ins\351rer des caract\350res sp\351ciaux}{section.2.1}% 26
\BOOKMARK [2][-]{subsection.2.1.8}{\311crire des formules math\351matiques}{section.2.1}% 27
\BOOKMARK [1][-]{section.2.2}{S\351ance 1 : un expos\351 sur un pays \(anglais\)}{chapter.2}% 28
\BOOKMARK [1][-]{section.2.3}{S\351ance 2 : une fiche de lecture \(fran\347ais\)}{chapter.2}% 29
\BOOKMARK [1][-]{section.2.4}{S\351ance 3 : correction d'exercices sur les fonctions}{chapter.2}% 30
\BOOKMARK [0][-]{chapter.3}{Traitement d'images 3}{}% 31
\BOOKMARK [1][-]{section.3.1}{Les outils dont vous aurez besoin}{chapter.3}% 32
\BOOKMARK [2][-]{subsection.3.1.1}{Cr\351er et modifier un chemin}{section.3.1}% 33
\BOOKMARK [2][-]{subsection.3.1.2}{Travailler avec les chemins et les calques}{section.3.1}% 34
\BOOKMARK [2][-]{subsection.3.1.3}{Tracer un trait le long d'un chemin}{section.3.1}% 35
\BOOKMARK [2][-]{subsection.3.1.4}{\311crire un texte le long d'un chemin}{section.3.1}% 36
\BOOKMARK [2][-]{subsection.3.1.5}{Utiliser les guides}{section.3.1}% 37
\BOOKMARK [2][-]{subsection.3.1.6}{Extraire un objet de son arri\350re plan \(d\351tourage\)}{section.3.1}% 38
\BOOKMARK [1][-]{section.3.2}{S\351ance 1 : l\351gender une image \(SVT\)}{chapter.3}% 39
\BOOKMARK [1][-]{section.3.3}{S\351ance 2 : un calligramme \(fran\347ais\)}{chapter.3}% 40
\BOOKMARK [1][-]{section.3.4}{S\351ance 3 : composition d'une image \(arts visuels\)}{chapter.3}% 41
\BOOKMARK [0][-]{chapter.4}{Programmation Scratch 3}{}% 42
\BOOKMARK [1][-]{section.4.1}{S\351ance 1 : Cr\351er des nouveaux blocs}{chapter.4}% 43
\BOOKMARK [2][-]{subsection.4.1.1}{Cr\351er une ou plusieurs \351toiles \340 5 branches}{section.4.1}% 44
\BOOKMARK [2][-]{subsection.4.1.2}{Cr\351ation d'un nouveau bloc}{section.4.1}% 45
\BOOKMARK [2][-]{subsection.4.1.3}{Param\351trer un nouveau bloc \340 l\220aide d\220une variable}{section.4.1}% 46
\BOOKMARK [2][-]{subsection.4.1.4}{Ajouter un commentaire \340 un nouveau bloc}{section.4.1}% 47
\BOOKMARK [2][-]{subsection.4.1.5}{Pour aller plus loin...}{section.4.1}% 48
\BOOKMARK [1][-]{section.4.2}{S\351ance 2 : Un clone de Flappy Bird}{chapter.4}% 49
\BOOKMARK [2][-]{subsection.4.2.1}{Cr\351ation des \351l\351ments graphiques}{section.4.2}% 50
\BOOKMARK [2][-]{subsection.4.2.2}{Script associ\351 \340 la sc\350ne}{section.4.2}% 51
\BOOKMARK [2][-]{subsection.4.2.3}{Scripts associ\351s au lutin Oiseau}{section.4.2}% 52
\BOOKMARK [2][-]{subsection.4.2.4}{Scripts associ\351s au lutin Tuyau}{section.4.2}% 53
\BOOKMARK [2][-]{subsection.4.2.5}{Pour aller plus loin...}{section.4.2}% 54
\BOOKMARK [1][-]{section.4.3}{S\351ance 3 : Tracer une fonction affine}{chapter.4}% 55
\BOOKMARK [2][-]{subsection.4.3.1}{Premiers r\351glages}{section.4.3}% 56
\BOOKMARK [2][-]{subsection.4.3.2}{Cr\351ation du bloc entr\351e des donn\351es}{section.4.3}% 57
\BOOKMARK [2][-]{subsection.4.3.3}{Cr\351ation du bloc calcule f\(x\)}{section.4.3}% 58
\BOOKMARK [2][-]{subsection.4.3.4}{Cr\351ation du bloc trace f\(x\)}{section.4.3}% 59
\BOOKMARK [2][-]{subsection.4.3.5}{Pour aller plus loin...}{section.4.3}% 60
\BOOKMARK [0][-]{chapter.5}{La plateforme Flore}{}% 61
\BOOKMARK [1][-]{section.5.1}{Se connecter \340 la plateforme Flore}{chapter.5}% 62
\BOOKMARK [1][-]{section.5.2}{Se connecter \340 la plateforme Pronote}{chapter.5}% 63
\BOOKMARK [1][-]{section.5.3}{Se connecter \340 la plateforme Moodle}{chapter.5}% 64
\BOOKMARK [1][-]{section.5.4}{R\351cup\351rer un document sur la plateforme Moodle}{chapter.5}% 65
\BOOKMARK [1][-]{section.5.5}{Remettre un devoir sur la plateforme Moodle}{chapter.5}% 66
