\BOOKMARK [0][-]{chapter.1}{Microsoft Teams}{}% 1
\BOOKMARK [1][-]{section.1.1}{Connexion \340 Office 365 et Teams}{chapter.1}% 2
\BOOKMARK [1][-]{section.1.2}{Utilisation de la Publication}{chapter.1}% 3
\BOOKMARK [1][-]{section.1.3}{Consulter et t\351l\351charger un document}{chapter.1}% 4
\BOOKMARK [1][-]{section.1.4}{Les devoirs}{chapter.1}% 5
\BOOKMARK [2][-]{subsection.1.4.1}{Consulter le sujet d'un devoir en pi\350ce jointe}{section.1.4}% 6
\BOOKMARK [2][-]{subsection.1.4.2}{Remettre son devoir}{section.1.4}% 7
\BOOKMARK [1][-]{section.1.5}{Acc\351der \340 mon bloc-note}{chapter.1}% 8
\BOOKMARK [1][-]{section.1.6}{Rejoindre une visio-conf\351rence}{chapter.1}% 9
\BOOKMARK [1][-]{section.1.7}{Pour aller plus loin}{chapter.1}% 10
\BOOKMARK [2][-]{subsection.1.7.1}{Apparence de la page d'accueil}{section.1.7}% 11
\BOOKMARK [2][-]{subsection.1.7.2}{Activit\351 d'exploration de Teams}{section.1.7}% 12
\BOOKMARK [0][-]{chapter.2}{Traitement de texte}{}% 13
\BOOKMARK [1][-]{section.2.1}{S\351ance 1 : mise en forme d'un texte en fran\347ais}{chapter.2}% 14
\BOOKMARK [2][-]{subsection.2.1.1}{Pour pr\351parer l'activit\351...}{section.2.1}% 15
\BOOKMARK [2][-]{subsection.2.1.2}{Pour bien d\351marrer...}{section.2.1}% 16
\BOOKMARK [2][-]{subsection.2.1.3}{Sujet de l'activit\351...}{section.2.1}% 17
\BOOKMARK [2][-]{subsection.2.1.4}{Pour aller plus loin...}{section.2.1}% 18
\BOOKMARK [1][-]{section.2.2}{S\351ance 2 : mise en forme d'un texte en anglais}{chapter.2}% 19
\BOOKMARK [2][-]{subsection.2.2.1}{Pour pr\351parer l'activit\351...}{section.2.2}% 20
\BOOKMARK [2][-]{subsection.2.2.2}{Pour bien d\351marrer...}{section.2.2}% 21
\BOOKMARK [2][-]{subsection.2.2.3}{Sujet de l'activit\351...}{section.2.2}% 22
\BOOKMARK [2][-]{subsection.2.2.4}{Pour aller plus loin...}{section.2.2}% 23
\BOOKMARK [1][-]{section.2.3}{S\351ance 3 : mise en forme d'une fiche historique}{chapter.2}% 24
\BOOKMARK [2][-]{subsection.2.3.1}{Pour pr\351parer l'activit\351...}{section.2.3}% 25
\BOOKMARK [2][-]{subsection.2.3.2}{Pour bien d\351marrer...}{section.2.3}% 26
\BOOKMARK [2][-]{subsection.2.3.3}{Sujet de l'activit\351...}{section.2.3}% 27
\BOOKMARK [2][-]{subsection.2.3.4}{Pour aller plus loin...}{section.2.3}% 28
\BOOKMARK [1][-]{section.2.4}{Aide pour r\351aliser les activit\351s}{chapter.2}% 29
\BOOKMARK [2][-]{subsection.2.4.1}{Ins\351rer un tableau}{section.2.4}% 30
\BOOKMARK [2][-]{subsection.2.4.2}{Cr\351er une liste \340 puces}{section.2.4}% 31
\BOOKMARK [2][-]{subsection.2.4.3}{Ajouter un lien hypertexte}{section.2.4}% 32
\BOOKMARK [2][-]{subsection.2.4.4}{Ins\351rer une note de bas de page}{section.2.4}% 33
\BOOKMARK [2][-]{subsection.2.4.5}{Utiliser le correcteur d'orthographe}{section.2.4}% 34
\BOOKMARK [2][-]{subsection.2.4.6}{Ins\351rer une image et adapter le texte autour de l'image}{section.2.4}% 35
\BOOKMARK [0][-]{chapter.3}{Tableur}{}% 36
\BOOKMARK [1][-]{section.3.1}{S\351ance 1 : caract\351ristique d'une r\351sistance}{chapter.3}% 37
\BOOKMARK [2][-]{subsection.3.1.1}{Pour bien d\351marrer...}{section.3.1}% 38
\BOOKMARK [2][-]{subsection.3.1.2}{Sujet de l'activit\351...}{section.3.1}% 39
\BOOKMARK [2][-]{subsection.3.1.3}{Pour aller plus loin...}{section.3.1}% 40
\BOOKMARK [1][-]{section.3.2}{S\351ance 2 : inventaire des tables du coll\350ge}{chapter.3}% 41
\BOOKMARK [2][-]{subsection.3.2.1}{Pour bien d\351marrer...}{section.3.2}% 42
\BOOKMARK [2][-]{subsection.3.2.2}{Sujet de l'activit\351...}{section.3.2}% 43
\BOOKMARK [2][-]{subsection.3.2.3}{Pour aller plus loin...}{section.3.2}% 44
\BOOKMARK [1][-]{section.3.3}{S\351ance 3 : r\351partition de la population mondiale}{chapter.3}% 45
\BOOKMARK [2][-]{subsection.3.3.1}{Pour bien d\351marrer...}{section.3.3}% 46
\BOOKMARK [2][-]{subsection.3.3.2}{Sujet de l'activit\351...}{section.3.3}% 47
\BOOKMARK [2][-]{subsection.3.3.3}{Pour aller plus loin...}{section.3.3}% 48
\BOOKMARK [1][-]{section.3.4}{Aide pour r\351aliser les activit\351s}{chapter.3}% 49
\BOOKMARK [2][-]{subsection.3.4.1}{Le s\351parateur d\351cimal}{section.3.4}% 50
\BOOKMARK [2][-]{subsection.3.4.2}{Formater le contenu d'une cellule}{section.3.4}% 51
\BOOKMARK [2][-]{subsection.3.4.3}{Formater la page}{section.3.4}% 52
\BOOKMARK [2][-]{subsection.3.4.4}{Ajouter une courbe de tendance}{section.3.4}% 53
\BOOKMARK [2][-]{subsection.3.4.5}{Cr\351er un diagramme circulaire}{section.3.4}% 54
\BOOKMARK [0][-]{chapter.4}{Programmation Scratch}{}% 55
\BOOKMARK [1][-]{section.4.1}{S\351ance 1 : dessiner une spirale}{chapter.4}% 56
\BOOKMARK [2][-]{subsection.4.1.1}{Pour bien d\351marrer...}{section.4.1}% 57
\BOOKMARK [2][-]{subsection.4.1.2}{Sujet de l'activit\351...}{section.4.1}% 58
\BOOKMARK [2][-]{subsection.4.1.3}{Pour aller plus loin...}{section.4.1}% 59
\BOOKMARK [1][-]{section.4.2}{S\351ance 2 : un quiz de calcul mental}{chapter.4}% 60
\BOOKMARK [2][-]{subsection.4.2.1}{Pour bien d\351marrer...}{section.4.2}% 61
\BOOKMARK [2][-]{subsection.4.2.2}{Sujet de l'activit\351...}{section.4.2}% 62
\BOOKMARK [2][-]{subsection.4.2.3}{Pour aller plus loin...}{section.4.2}% 63
\BOOKMARK [1][-]{section.4.3}{S\351ance 3 : cr\351er un jeu de <<Pong>> en Scratch}{chapter.4}% 64
\BOOKMARK [2][-]{subsection.4.3.1}{Pour bien d\351marrer...}{section.4.3}% 65
\BOOKMARK [2][-]{subsection.4.3.2}{Sujet de l'activit\351...}{section.4.3}% 66
\BOOKMARK [2][-]{subsection.4.3.3}{Pour aller plus loin...}{section.4.3}% 67
\BOOKMARK [1][-]{section.4.4}{Aide pour r\351aliser les activit\351s}{chapter.4}% 68
\BOOKMARK [2][-]{subsection.4.4.1}{Aide pour la s\351ance 1}{section.4.4}% 69
\BOOKMARK [2][-]{subsection.4.4.2}{Aide pour la s\351ance 2}{section.4.4}% 70
\BOOKMARK [2][-]{subsection.4.4.3}{Aide pour la s\351ance 3}{section.4.4}% 71
\BOOKMARK [0][-]{chapter.5}{Traitement d'images}{}% 72
\BOOKMARK [1][-]{section.5.1}{S\351ance 1 : un ha\357ku \351crit sur une image}{chapter.5}% 73
\BOOKMARK [2][-]{subsection.5.1.1}{Pour bien d\351marrer...}{section.5.1}% 74
\BOOKMARK [2][-]{subsection.5.1.2}{Sujet de l'activit\351...}{section.5.1}% 75
\BOOKMARK [2][-]{subsection.5.1.3}{Pour aller plus loin...}{section.5.1}% 76
\BOOKMARK [1][-]{section.5.2}{S\351ance 2 : superposition d'images}{chapter.5}% 77
\BOOKMARK [2][-]{subsection.5.2.1}{Pour bien d\351marrer...}{section.5.2}% 78
\BOOKMARK [2][-]{subsection.5.2.2}{Sujet de l'activit\351...}{section.5.2}% 79
\BOOKMARK [2][-]{subsection.5.2.3}{Pour aller plus loin...}{section.5.2}% 80
\BOOKMARK [1][-]{section.5.3}{Aide pour r\351aliser les activit\351s}{chapter.5}% 81
\BOOKMARK [2][-]{subsection.5.3.1}{Ajouter un texte}{section.5.3}% 82
\BOOKMARK [2][-]{subsection.5.3.2}{Appliquer un filtre sur une portion de l'image}{section.5.3}% 83
\BOOKMARK [2][-]{subsection.5.3.3}{Convertir une image en noir et blanc}{section.5.3}% 84
\BOOKMARK [2][-]{subsection.5.3.4}{Travailler avec les calques}{section.5.3}% 85
\BOOKMARK [2][-]{subsection.5.3.5}{R\351aliser une copie d'\351cran}{section.5.3}% 86
\BOOKMARK [0][-]{chapter.6}{Traitement du son}{}% 87
\BOOKMARK [1][-]{section.6.1}{S\351ance 1 : composer une phrase en anglais}{chapter.6}% 88
\BOOKMARK [2][-]{subsection.6.1.1}{Premiers pas avec Audacity}{section.6.1}% 89
\BOOKMARK [2][-]{subsection.6.1.2}{Pour bien d\351marrer...}{section.6.1}% 90
\BOOKMARK [2][-]{subsection.6.1.3}{Sujet de l'activit\351...}{section.6.1}% 91
\BOOKMARK [2][-]{subsection.6.1.4}{Pour aller plus loin...}{section.6.1}% 92
\BOOKMARK [1][-]{section.6.2}{Aide pour r\351aliser l'activit\351}{chapter.6}% 93
\BOOKMARK [2][-]{subsection.6.2.1}{Passer une piste st\351r\351o en mono}{section.6.2}% 94
\BOOKMARK [2][-]{subsection.6.2.2}{Ajouter une piste}{section.6.2}% 95
\BOOKMARK [2][-]{subsection.6.2.3}{Copier et coller une partie de piste}{section.6.2}% 96
\BOOKMARK [2][-]{subsection.6.2.4}{D\351placer une partie de piste \(glissement temporel\)}{section.6.2}% 97
\BOOKMARK [2][-]{subsection.6.2.5}{Rendre silencieuse une partie de piste}{section.6.2}% 98
\BOOKMARK [2][-]{subsection.6.2.6}{Supprimer et raccorder}{section.6.2}% 99
\BOOKMARK [2][-]{subsection.6.2.7}{R\351aliser un fondu en ouverture ou en fermeture}{section.6.2}% 100
\BOOKMARK [2][-]{subsection.6.2.8}{Modifier le volume d'une piste}{section.6.2}% 101
\BOOKMARK [2][-]{subsection.6.2.9}{Exporter un projet au format MP3 ou WAV}{section.6.2}% 102
