This is pdfTeX, Version 3.14159265-2.6-1.40.17 (TeX Live 2016) (preloaded format=pdflatex 2018.8.21)  1 DEC 2020 13:44
entering extended mode
 restricted \write18 enabled.
 %&-line parsing enabled.
**nouveau_livret_MITIC_5e_v11.tex
(./nouveau_livret_MITIC_5e_v11.tex
LaTeX2e <2016/03/31>
Babel <3.9r> and hyphenation patterns for 83 language(s) loaded.
(./moncours.cls
Document Class: moncours 
(/usr/local/texlive/2016/texmf-dist/tex/latex/base/book.cls
Document Class: book 2014/09/29 v1.4h Standard LaTeX document class
(/usr/local/texlive/2016/texmf-dist/tex/latex/base/fleqn.clo
File: fleqn.clo 2015/03/31 v1.1i Standard LaTeX option (flush left equations)
\mathindent=\dimen102
Applying: [2015/01/01] Make \[ robust on input line 50.
LaTeX Info: Redefining \[ on input line 51.
Already applied: [0000/00/00] Make \[ robust on input line 62.
Applying: [2015/01/01] Make \] robust on input line 74.
LaTeX Info: Redefining \] on input line 75.
Already applied: [0000/00/00] Make \] robust on input line 83.
)
(/usr/local/texlive/2016/texmf-dist/tex/latex/base/bk12.clo
File: bk12.clo 2014/09/29 v1.4h Standard LaTeX file (size option)
)
\c@part=\count79
\c@chapter=\count80
\c@section=\count81
\c@subsection=\count82
\c@subsubsection=\count83
\c@paragraph=\count84
\c@subparagraph=\count85
\c@figure=\count86
\c@table=\count87
\abovecaptionskip=\skip41
\belowcaptionskip=\skip42
\bibindent=\dimen103
)
(/usr/local/texlive/2016/texmf-dist/tex/latex/geometry/geometry.sty
Package: geometry 2010/09/12 v5.6 Page Geometry

(/usr/local/texlive/2016/texmf-dist/tex/latex/graphics/keyval.sty
Package: keyval 2014/10/28 v1.15 key=value parser (DPC)
\KV@toks@=\toks14
)
(/usr/local/texlive/2016/texmf-dist/tex/generic/oberdiek/ifpdf.sty
Package: ifpdf 2016/05/14 v3.1 Provides the ifpdf switch
)
(/usr/local/texlive/2016/texmf-dist/tex/generic/oberdiek/ifvtex.sty
Package: ifvtex 2016/05/16 v1.6 Detect VTeX and its facilities (HO)
Package ifvtex Info: VTeX not detected.
)
(/usr/local/texlive/2016/texmf-dist/tex/generic/ifxetex/ifxetex.sty
Package: ifxetex 2010/09/12 v0.6 Provides ifxetex conditional
)
\Gm@cnth=\count88
\Gm@cntv=\count89
\c@Gm@tempcnt=\count90
\Gm@bindingoffset=\dimen104
\Gm@wd@mp=\dimen105
\Gm@odd@mp=\dimen106
\Gm@even@mp=\dimen107
\Gm@layoutwidth=\dimen108
\Gm@layoutheight=\dimen109
\Gm@layouthoffset=\dimen110
\Gm@layoutvoffset=\dimen111
\Gm@dimlist=\toks15
)
(/usr/local/texlive/2016/texmf-dist/tex/latex/base/inputenc.sty
Package: inputenc 2015/03/17 v1.2c Input encoding file
\inpenc@prehook=\toks16
\inpenc@posthook=\toks17

(/usr/local/texlive/2016/texmf-dist/tex/latex/base/utf8.def
File: utf8.def 2016/02/28 v1.1s UTF-8 support for inputenc
Now handling font encoding OML ...
... no UTF-8 mapping file for font encoding OML
Now handling font encoding T1 ...
... processing UTF-8 mapping file for font encoding T1

(/usr/local/texlive/2016/texmf-dist/tex/latex/base/t1enc.dfu
File: t1enc.dfu 2016/02/28 v1.1s UTF-8 support for inputenc
   defining Unicode char U+00A0 (decimal 160)
   defining Unicode char U+00A1 (decimal 161)
   defining Unicode char U+00A3 (decimal 163)
   defining Unicode char U+00AB (decimal 171)
   defining Unicode char U+00AD (decimal 173)
   defining Unicode char U+00BB (decimal 187)
   defining Unicode char U+00BF (decimal 191)
   defining Unicode char U+00C0 (decimal 192)
   defining Unicode char U+00C1 (decimal 193)
   defining Unicode char U+00C2 (decimal 194)
   defining Unicode char U+00C3 (decimal 195)
   defining Unicode char U+00C4 (decimal 196)
   defining Unicode char U+00C5 (decimal 197)
   defining Unicode char U+00C6 (decimal 198)
   defining Unicode char U+00C7 (decimal 199)
   defining Unicode char U+00C8 (decimal 200)
   defining Unicode char U+00C9 (decimal 201)
   defining Unicode char U+00CA (decimal 202)
   defining Unicode char U+00CB (decimal 203)
   defining Unicode char U+00CC (decimal 204)
   defining Unicode char U+00CD (decimal 205)
   defining Unicode char U+00CE (decimal 206)
   defining Unicode char U+00CF (decimal 207)
   defining Unicode char U+00D0 (decimal 208)
   defining Unicode char U+00D1 (decimal 209)
   defining Unicode char U+00D2 (decimal 210)
   defining Unicode char U+00D3 (decimal 211)
   defining Unicode char U+00D4 (decimal 212)
   defining Unicode char U+00D5 (decimal 213)
   defining Unicode char U+00D6 (decimal 214)
   defining Unicode char U+00D8 (decimal 216)
   defining Unicode char U+00D9 (decimal 217)
   defining Unicode char U+00DA (decimal 218)
   defining Unicode char U+00DB (decimal 219)
   defining Unicode char U+00DC (decimal 220)
   defining Unicode char U+00DD (decimal 221)
   defining Unicode char U+00DE (decimal 222)
   defining Unicode char U+00DF (decimal 223)
   defining Unicode char U+00E0 (decimal 224)
   defining Unicode char U+00E1 (decimal 225)
   defining Unicode char U+00E2 (decimal 226)
   defining Unicode char U+00E3 (decimal 227)
   defining Unicode char U+00E4 (decimal 228)
   defining Unicode char U+00E5 (decimal 229)
   defining Unicode char U+00E6 (decimal 230)
   defining Unicode char U+00E7 (decimal 231)
   defining Unicode char U+00E8 (decimal 232)
   defining Unicode char U+00E9 (decimal 233)
   defining Unicode char U+00EA (decimal 234)
   defining Unicode char U+00EB (decimal 235)
   defining Unicode char U+00EC (decimal 236)
   defining Unicode char U+00ED (decimal 237)
   defining Unicode char U+00EE (decimal 238)
   defining Unicode char U+00EF (decimal 239)
   defining Unicode char U+00F0 (decimal 240)
   defining Unicode char U+00F1 (decimal 241)
   defining Unicode char U+00F2 (decimal 242)
   defining Unicode char U+00F3 (decimal 243)
   defining Unicode char U+00F4 (decimal 244)
   defining Unicode char U+00F5 (decimal 245)
   defining Unicode char U+00F6 (decimal 246)
   defining Unicode char U+00F8 (decimal 248)
   defining Unicode char U+00F9 (decimal 249)
   defining Unicode char U+00FA (decimal 250)
   defining Unicode char U+00FB (decimal 251)
   defining Unicode char U+00FC (decimal 252)
   defining Unicode char U+00FD (decimal 253)
   defining Unicode char U+00FE (decimal 254)
   defining Unicode char U+00FF (decimal 255)
   defining Unicode char U+0100 (decimal 256)
   defining Unicode char U+0101 (decimal 257)
   defining Unicode char U+0102 (decimal 258)
   defining Unicode char U+0103 (decimal 259)
   defining Unicode char U+0104 (decimal 260)
   defining Unicode char U+0105 (decimal 261)
   defining Unicode char U+0106 (decimal 262)
   defining Unicode char U+0107 (decimal 263)
   defining Unicode char U+0108 (decimal 264)
   defining Unicode char U+0109 (decimal 265)
   defining Unicode char U+010A (decimal 266)
   defining Unicode char U+010B (decimal 267)
   defining Unicode char U+010C (decimal 268)
   defining Unicode char U+010D (decimal 269)
   defining Unicode char U+010E (decimal 270)
   defining Unicode char U+010F (decimal 271)
   defining Unicode char U+0110 (decimal 272)
   defining Unicode char U+0111 (decimal 273)
   defining Unicode char U+0112 (decimal 274)
   defining Unicode char U+0113 (decimal 275)
   defining Unicode char U+0114 (decimal 276)
   defining Unicode char U+0115 (decimal 277)
   defining Unicode char U+0116 (decimal 278)
   defining Unicode char U+0117 (decimal 279)
   defining Unicode char U+0118 (decimal 280)
   defining Unicode char U+0119 (decimal 281)
   defining Unicode char U+011A (decimal 282)
   defining Unicode char U+011B (decimal 283)
   defining Unicode char U+011C (decimal 284)
   defining Unicode char U+011D (decimal 285)
   defining Unicode char U+011E (decimal 286)
   defining Unicode char U+011F (decimal 287)
   defining Unicode char U+0120 (decimal 288)
   defining Unicode char U+0121 (decimal 289)
   defining Unicode char U+0122 (decimal 290)
   defining Unicode char U+0123 (decimal 291)
   defining Unicode char U+0124 (decimal 292)
   defining Unicode char U+0125 (decimal 293)
   defining Unicode char U+0128 (decimal 296)
   defining Unicode char U+0129 (decimal 297)
   defining Unicode char U+012A (decimal 298)
   defining Unicode char U+012B (decimal 299)
   defining Unicode char U+012C (decimal 300)
   defining Unicode char U+012D (decimal 301)
   defining Unicode char U+012E (decimal 302)
   defining Unicode char U+012F (decimal 303)
   defining Unicode char U+0130 (decimal 304)
   defining Unicode char U+0131 (decimal 305)
   defining Unicode char U+0132 (decimal 306)
   defining Unicode char U+0133 (decimal 307)
   defining Unicode char U+0134 (decimal 308)
   defining Unicode char U+0135 (decimal 309)
   defining Unicode char U+0136 (decimal 310)
   defining Unicode char U+0137 (decimal 311)
   defining Unicode char U+0139 (decimal 313)
   defining Unicode char U+013A (decimal 314)
   defining Unicode char U+013B (decimal 315)
   defining Unicode char U+013C (decimal 316)
   defining Unicode char U+013D (decimal 317)
   defining Unicode char U+013E (decimal 318)
   defining Unicode char U+0141 (decimal 321)
   defining Unicode char U+0142 (decimal 322)
   defining Unicode char U+0143 (decimal 323)
   defining Unicode char U+0144 (decimal 324)
   defining Unicode char U+0145 (decimal 325)
   defining Unicode char U+0146 (decimal 326)
   defining Unicode char U+0147 (decimal 327)
   defining Unicode char U+0148 (decimal 328)
   defining Unicode char U+014A (decimal 330)
   defining Unicode char U+014B (decimal 331)
   defining Unicode char U+014C (decimal 332)
   defining Unicode char U+014D (decimal 333)
   defining Unicode char U+014E (decimal 334)
   defining Unicode char U+014F (decimal 335)
   defining Unicode char U+0150 (decimal 336)
   defining Unicode char U+0151 (decimal 337)
   defining Unicode char U+0152 (decimal 338)
   defining Unicode char U+0153 (decimal 339)
   defining Unicode char U+0154 (decimal 340)
   defining Unicode char U+0155 (decimal 341)
   defining Unicode char U+0156 (decimal 342)
   defining Unicode char U+0157 (decimal 343)
   defining Unicode char U+0158 (decimal 344)
   defining Unicode char U+0159 (decimal 345)
   defining Unicode char U+015A (decimal 346)
   defining Unicode char U+015B (decimal 347)
   defining Unicode char U+015C (decimal 348)
   defining Unicode char U+015D (decimal 349)
   defining Unicode char U+015E (decimal 350)
   defining Unicode char U+015F (decimal 351)
   defining Unicode char U+0160 (decimal 352)
   defining Unicode char U+0161 (decimal 353)
   defining Unicode char U+0162 (decimal 354)
   defining Unicode char U+0163 (decimal 355)
   defining Unicode char U+0164 (decimal 356)
   defining Unicode char U+0165 (decimal 357)
   defining Unicode char U+0168 (decimal 360)
   defining Unicode char U+0169 (decimal 361)
   defining Unicode char U+016A (decimal 362)
   defining Unicode char U+016B (decimal 363)
   defining Unicode char U+016C (decimal 364)
   defining Unicode char U+016D (decimal 365)
   defining Unicode char U+016E (decimal 366)
   defining Unicode char U+016F (decimal 367)
   defining Unicode char U+0170 (decimal 368)
   defining Unicode char U+0171 (decimal 369)
   defining Unicode char U+0172 (decimal 370)
   defining Unicode char U+0173 (decimal 371)
   defining Unicode char U+0174 (decimal 372)
   defining Unicode char U+0175 (decimal 373)
   defining Unicode char U+0176 (decimal 374)
   defining Unicode char U+0177 (decimal 375)
   defining Unicode char U+0178 (decimal 376)
   defining Unicode char U+0179 (decimal 377)
   defining Unicode char U+017A (decimal 378)
   defining Unicode char U+017B (decimal 379)
   defining Unicode char U+017C (decimal 380)
   defining Unicode char U+017D (decimal 381)
   defining Unicode char U+017E (decimal 382)
   defining Unicode char U+01CD (decimal 461)
   defining Unicode char U+01CE (decimal 462)
   defining Unicode char U+01CF (decimal 463)
   defining Unicode char U+01D0 (decimal 464)
   defining Unicode char U+01D1 (decimal 465)
   defining Unicode char U+01D2 (decimal 466)
   defining Unicode char U+01D3 (decimal 467)
   defining Unicode char U+01D4 (decimal 468)
   defining Unicode char U+01E2 (decimal 482)
   defining Unicode char U+01E3 (decimal 483)
   defining Unicode char U+01E6 (decimal 486)
   defining Unicode char U+01E7 (decimal 487)
   defining Unicode char U+01E8 (decimal 488)
   defining Unicode char U+01E9 (decimal 489)
   defining Unicode char U+01EA (decimal 490)
   defining Unicode char U+01EB (decimal 491)
   defining Unicode char U+01F0 (decimal 496)
   defining Unicode char U+01F4 (decimal 500)
   defining Unicode char U+01F5 (decimal 501)
   defining Unicode char U+0218 (decimal 536)
   defining Unicode char U+0219 (decimal 537)
   defining Unicode char U+021A (decimal 538)
   defining Unicode char U+021B (decimal 539)
   defining Unicode char U+1E02 (decimal 7682)
   defining Unicode char U+1E03 (decimal 7683)
   defining Unicode char U+200C (decimal 8204)
   defining Unicode char U+2010 (decimal 8208)
   defining Unicode char U+2011 (decimal 8209)
   defining Unicode char U+2012 (decimal 8210)
   defining Unicode char U+2013 (decimal 8211)
   defining Unicode char U+2014 (decimal 8212)
   defining Unicode char U+2015 (decimal 8213)
   defining Unicode char U+2018 (decimal 8216)
   defining Unicode char U+2019 (decimal 8217)
   defining Unicode char U+201A (decimal 8218)
   defining Unicode char U+201C (decimal 8220)
   defining Unicode char U+201D (decimal 8221)
   defining Unicode char U+201E (decimal 8222)
   defining Unicode char U+2030 (decimal 8240)
   defining Unicode char U+2031 (decimal 8241)
   defining Unicode char U+2039 (decimal 8249)
   defining Unicode char U+203A (decimal 8250)
   defining Unicode char U+2423 (decimal 9251)
)
Now handling font encoding OT1 ...
... processing UTF-8 mapping file for font encoding OT1

(/usr/local/texlive/2016/texmf-dist/tex/latex/base/ot1enc.dfu
File: ot1enc.dfu 2016/02/28 v1.1s UTF-8 support for inputenc
   defining Unicode char U+00A0 (decimal 160)
   defining Unicode char U+00A1 (decimal 161)
   defining Unicode char U+00A3 (decimal 163)
   defining Unicode char U+00AD (decimal 173)
   defining Unicode char U+00B8 (decimal 184)
   defining Unicode char U+00BF (decimal 191)
   defining Unicode char U+00C5 (decimal 197)
   defining Unicode char U+00C6 (decimal 198)
   defining Unicode char U+00D8 (decimal 216)
   defining Unicode char U+00DF (decimal 223)
   defining Unicode char U+00E6 (decimal 230)
   defining Unicode char U+00EC (decimal 236)
   defining Unicode char U+00ED (decimal 237)
   defining Unicode char U+00EE (decimal 238)
   defining Unicode char U+00EF (decimal 239)
   defining Unicode char U+00F8 (decimal 248)
   defining Unicode char U+0131 (decimal 305)
   defining Unicode char U+0141 (decimal 321)
   defining Unicode char U+0142 (decimal 322)
   defining Unicode char U+0152 (decimal 338)
   defining Unicode char U+0153 (decimal 339)
   defining Unicode char U+0174 (decimal 372)
   defining Unicode char U+0175 (decimal 373)
   defining Unicode char U+0176 (decimal 374)
   defining Unicode char U+0177 (decimal 375)
   defining Unicode char U+0218 (decimal 536)
   defining Unicode char U+0219 (decimal 537)
   defining Unicode char U+021A (decimal 538)
   defining Unicode char U+021B (decimal 539)
   defining Unicode char U+2013 (decimal 8211)
   defining Unicode char U+2014 (decimal 8212)
   defining Unicode char U+2018 (decimal 8216)
   defining Unicode char U+2019 (decimal 8217)
   defining Unicode char U+201C (decimal 8220)
   defining Unicode char U+201D (decimal 8221)
)
Now handling font encoding OMS ...
... processing UTF-8 mapping file for font encoding OMS

(/usr/local/texlive/2016/texmf-dist/tex/latex/base/omsenc.dfu
File: omsenc.dfu 2016/02/28 v1.1s UTF-8 support for inputenc
   defining Unicode char U+00A7 (decimal 167)
   defining Unicode char U+00B6 (decimal 182)
   defining Unicode char U+00B7 (decimal 183)
   defining Unicode char U+2020 (decimal 8224)
   defining Unicode char U+2021 (decimal 8225)
   defining Unicode char U+2022 (decimal 8226)
)
Now handling font encoding OMX ...
... no UTF-8 mapping file for font encoding OMX
Now handling font encoding U ...
... no UTF-8 mapping file for font encoding U
   defining Unicode char U+00A9 (decimal 169)
   defining Unicode char U+00AA (decimal 170)
   defining Unicode char U+00AE (decimal 174)
   defining Unicode char U+00BA (decimal 186)
   defining Unicode char U+02C6 (decimal 710)
   defining Unicode char U+02DC (decimal 732)
   defining Unicode char U+200C (decimal 8204)
   defining Unicode char U+2026 (decimal 8230)
   defining Unicode char U+2122 (decimal 8482)
   defining Unicode char U+2423 (decimal 9251)
))
(/usr/local/texlive/2016/texmf-dist/tex/latex/base/fontenc.sty
Package: fontenc 2005/09/27 v1.99g Standard LaTeX package

(/usr/local/texlive/2016/texmf-dist/tex/latex/base/t1enc.def
File: t1enc.def 2005/09/27 v1.99g Standard LaTeX file
LaTeX Font Info:    Redeclaring font encoding T1 on input line 48.
))
(/usr/local/texlive/2016/texmf-dist/tex/latex/lm/lmodern.sty
Package: lmodern 2009/10/30 v1.6 Latin Modern Fonts
LaTeX Font Info:    Overwriting symbol font `operators' in version `normal'
(Font)                  OT1/cmr/m/n --> OT1/lmr/m/n on input line 22.
LaTeX Font Info:    Overwriting symbol font `letters' in version `normal'
(Font)                  OML/cmm/m/it --> OML/lmm/m/it on input line 23.
LaTeX Font Info:    Overwriting symbol font `symbols' in version `normal'
(Font)                  OMS/cmsy/m/n --> OMS/lmsy/m/n on input line 24.
LaTeX Font Info:    Overwriting symbol font `largesymbols' in version `normal'
(Font)                  OMX/cmex/m/n --> OMX/lmex/m/n on input line 25.
LaTeX Font Info:    Overwriting symbol font `operators' in version `bold'
(Font)                  OT1/cmr/bx/n --> OT1/lmr/bx/n on input line 26.
LaTeX Font Info:    Overwriting symbol font `letters' in version `bold'
(Font)                  OML/cmm/b/it --> OML/lmm/b/it on input line 27.
LaTeX Font Info:    Overwriting symbol font `symbols' in version `bold'
(Font)                  OMS/cmsy/b/n --> OMS/lmsy/b/n on input line 28.
LaTeX Font Info:    Overwriting symbol font `largesymbols' in version `bold'
(Font)                  OMX/cmex/m/n --> OMX/lmex/m/n on input line 29.
LaTeX Font Info:    Overwriting math alphabet `\mathbf' in version `normal'
(Font)                  OT1/cmr/bx/n --> OT1/lmr/bx/n on input line 31.
LaTeX Font Info:    Overwriting math alphabet `\mathsf' in version `normal'
(Font)                  OT1/cmss/m/n --> OT1/lmss/m/n on input line 32.
LaTeX Font Info:    Overwriting math alphabet `\mathit' in version `normal'
(Font)                  OT1/cmr/m/it --> OT1/lmr/m/it on input line 33.
LaTeX Font Info:    Overwriting math alphabet `\mathtt' in version `normal'
(Font)                  OT1/cmtt/m/n --> OT1/lmtt/m/n on input line 34.
LaTeX Font Info:    Overwriting math alphabet `\mathbf' in version `bold'
(Font)                  OT1/cmr/bx/n --> OT1/lmr/bx/n on input line 35.
LaTeX Font Info:    Overwriting math alphabet `\mathsf' in version `bold'
(Font)                  OT1/cmss/bx/n --> OT1/lmss/bx/n on input line 36.
LaTeX Font Info:    Overwriting math alphabet `\mathit' in version `bold'
(Font)                  OT1/cmr/bx/it --> OT1/lmr/bx/it on input line 37.
LaTeX Font Info:    Overwriting math alphabet `\mathtt' in version `bold'
(Font)                  OT1/cmtt/m/n --> OT1/lmtt/m/n on input line 38.
)
(/usr/local/texlive/2016/texmf-dist/tex/generic/babel/babel.sty
Package: babel 2016/04/23 3.9r The Babel package

(/usr/local/texlive/2016/texmf-dist/tex/generic/babel-french/frenchb.ldf
Language: frenchb 2016/05/14 v3.2c French support from the babel system

(/usr/local/texlive/2016/texmf-dist/tex/generic/babel/babel.def
File: babel.def 2016/04/23 3.9r Babel common definitions
\babel@savecnt=\count91
\U@D=\dimen112
)
\l@acadian = a dialect from \language\l@french 
\l@canadien = a dialect from \language\l@french 
\FB@nonchar=\count92
\FBcolonskip=\skip43
\FBthinskip=\skip44
Package babel Info: Making : an active character on input line 365.
Package babel Info: Making ; an active character on input line 366.
Package babel Info: Making ! an active character on input line 367.
Package babel Info: Making ? an active character on input line 368.
\FBguillskip=\skip45
\FBguill@level=\count93
\FB@everypar=\toks18
\FB@Mht=\dimen113
\std@mcc=\count94
\dec@mcc=\count95
\listindentFB=\skip46
\labelwidthFB=\skip47
\leftmarginFB=\skip48
\parindentFFN=\dimen114
\FBfnindent=\skip49
))
(/usr/local/texlive/2016/texmf-dist/tex/latex/carlisle/scalefnt.sty)
(/usr/local/texlive/2016/texmf-dist/tex/latex/graphics/graphicx.sty
Package: graphicx 2014/10/28 v1.0g Enhanced LaTeX Graphics (DPC,SPQR)

(/usr/local/texlive/2016/texmf-dist/tex/latex/graphics/graphics.sty
Package: graphics 2016/05/09 v1.0r Standard LaTeX Graphics (DPC,SPQR)

(/usr/local/texlive/2016/texmf-dist/tex/latex/graphics/trig.sty
Package: trig 2016/01/03 v1.10 sin cos tan (DPC)
)
(/usr/local/texlive/2016/texmf-dist/tex/latex/graphics-cfg/graphics.cfg
File: graphics.cfg 2016/01/02 v1.10 sample graphics configuration
)
Package graphics Info: Driver file: pdftex.def on input line 96.

(/usr/local/texlive/2016/texmf-dist/tex/latex/pdftex-def/pdftex.def
File: pdftex.def 2011/05/27 v0.06d Graphics/color for pdfTeX

(/usr/local/texlive/2016/texmf-dist/tex/generic/oberdiek/infwarerr.sty
Package: infwarerr 2016/05/16 v1.4 Providing info/warning/error messages (HO)
)
(/usr/local/texlive/2016/texmf-dist/tex/generic/oberdiek/ltxcmds.sty
Package: ltxcmds 2016/05/16 v1.23 LaTeX kernel commands for general use (HO)
)
\Gread@gobject=\count96
))
\Gin@req@height=\dimen115
\Gin@req@width=\dimen116
)
(/usr/local/texlive/2016/texmf-dist/tex/latex/eso-pic/eso-pic.sty
Package: eso-pic 2015/07/21 v2.0g eso-pic (RN)

(/usr/local/texlive/2016/texmf-dist/tex/generic/oberdiek/atbegshi.sty
Package: atbegshi 2016/05/16 v1.17 At begin shipout hook (HO)
)
(/usr/local/texlive/2016/texmf-dist/tex/latex/xcolor/xcolor.sty
Package: xcolor 2016/05/11 v2.12 LaTeX color extensions (UK)

(/usr/local/texlive/2016/texmf-dist/tex/latex/graphics-cfg/color.cfg
File: color.cfg 2016/01/02 v1.6 sample color configuration
)
Package xcolor Info: Driver file: pdftex.def on input line 225.
Package xcolor Info: Model `cmy' substituted by `cmy0' on input line 1348.
Package xcolor Info: Model `hsb' substituted by `rgb' on input line 1352.
Package xcolor Info: Model `RGB' extended on input line 1364.
Package xcolor Info: Model `HTML' substituted by `rgb' on input line 1366.
Package xcolor Info: Model `Hsb' substituted by `hsb' on input line 1367.
Package xcolor Info: Model `tHsb' substituted by `hsb' on input line 1368.
Package xcolor Info: Model `HSB' substituted by `hsb' on input line 1369.
Package xcolor Info: Model `Gray' substituted by `gray' on input line 1370.
Package xcolor Info: Model `wave' substituted by `hsb' on input line 1371.
))
(/usr/local/texlive/2016/texmf-dist/tex/latex/base/ifthen.sty
Package: ifthen 2014/09/29 v1.1c Standard LaTeX ifthen package (DPC)
)
(/usr/local/texlive/2016/texmf-dist/tex/latex/hyperref/hyperref.sty
Package: hyperref 2016/05/05 v6.83n Hypertext links for LaTeX

(/usr/local/texlive/2016/texmf-dist/tex/generic/oberdiek/hobsub-hyperref.sty
Package: hobsub-hyperref 2016/05/16 v1.14 Bundle oberdiek, subset hyperref (HO)


(/usr/local/texlive/2016/texmf-dist/tex/generic/oberdiek/hobsub-generic.sty
Package: hobsub-generic 2016/05/16 v1.14 Bundle oberdiek, subset generic (HO)
Package: hobsub 2016/05/16 v1.14 Construct package bundles (HO)
Package hobsub Info: Skipping package `infwarerr' (already loaded).
Package hobsub Info: Skipping package `ltxcmds' (already loaded).
Package: ifluatex 2016/05/16 v1.4 Provides the ifluatex switch (HO)
Package ifluatex Info: LuaTeX not detected.
Package hobsub Info: Skipping package `ifvtex' (already loaded).
Package: intcalc 2016/05/16 v1.2 Expandable calculations with integers (HO)
Package hobsub Info: Skipping package `ifpdf' (already loaded).
Package: etexcmds 2016/05/16 v1.6 Avoid name clashes with e-TeX commands (HO)
Package etexcmds Info: Could not find \expanded.
(etexcmds)             That can mean that you are not using pdfTeX 1.50 or
(etexcmds)             that some package has redefined \expanded.
(etexcmds)             In the latter case, load this package earlier.
Package: kvsetkeys 2016/05/16 v1.17 Key value parser (HO)
Package: kvdefinekeys 2016/05/16 v1.4 Define keys (HO)
Package: pdftexcmds 2016/05/10 v0.21 Utility functions of pdfTeX for LuaTeX (HO
)
Package pdftexcmds Info: LuaTeX not detected.
Package pdftexcmds Info: \pdf@primitive is available.
Package pdftexcmds Info: \pdf@ifprimitive is available.
Package pdftexcmds Info: \pdfdraftmode found.
Package: pdfescape 2016/05/16 v1.14 Implements pdfTeX's escape features (HO)
Package: bigintcalc 2016/05/16 v1.4 Expandable calculations on big integers (HO
)
Package: bitset 2016/05/16 v1.2 Handle bit-vector datatype (HO)
Package: uniquecounter 2016/05/16 v1.3 Provide unlimited unique counter (HO)
)
Package hobsub Info: Skipping package `hobsub' (already loaded).
Package: letltxmacro 2016/05/16 v1.5 Let assignment for LaTeX macros (HO)
Package: hopatch 2016/05/16 v1.3 Wrapper for package hooks (HO)
Package: xcolor-patch 2016/05/16 xcolor patch
Package: atveryend 2016/05/16 v1.9 Hooks at the very end of document (HO)
Package atveryend Info: \enddocument detected (standard20110627).
Package hobsub Info: Skipping package `atbegshi' (already loaded).
Package: refcount 2016/05/16 v3.5 Data extraction from label references (HO)
Package: hycolor 2016/05/16 v1.8 Color options for hyperref/bookmark (HO)
)
(/usr/local/texlive/2016/texmf-dist/tex/latex/oberdiek/auxhook.sty
Package: auxhook 2016/05/16 v1.4 Hooks for auxiliary files (HO)
)
(/usr/local/texlive/2016/texmf-dist/tex/latex/oberdiek/kvoptions.sty
Package: kvoptions 2016/05/16 v3.12 Key value format for package options (HO)
)
\@linkdim=\dimen117
\Hy@linkcounter=\count97
\Hy@pagecounter=\count98

(/usr/local/texlive/2016/texmf-dist/tex/latex/hyperref/pd1enc.def
File: pd1enc.def 2016/05/05 v6.83n Hyperref: PDFDocEncoding definition (HO)
Now handling font encoding PD1 ...
... no UTF-8 mapping file for font encoding PD1
)
\Hy@SavedSpaceFactor=\count99

(/usr/local/texlive/2016/texmf-dist/tex/latex/latexconfig/hyperref.cfg
File: hyperref.cfg 2002/06/06 v1.2 hyperref configuration of TeXLive
)
Package hyperref Info: Hyper figures OFF on input line 4446.
Package hyperref Info: Link nesting OFF on input line 4451.
Package hyperref Info: Hyper index ON on input line 4454.
Package hyperref Info: Plain pages OFF on input line 4461.
Package hyperref Info: Backreferencing OFF on input line 4466.
Package hyperref Info: Implicit mode ON; LaTeX internals redefined.
Package hyperref Info: Bookmarks ON on input line 4691.
\c@Hy@tempcnt=\count100

(/usr/local/texlive/2016/texmf-dist/tex/latex/url/url.sty
\Urlmuskip=\muskip10
Package: url 2013/09/16  ver 3.4  Verb mode for urls, etc.
)
LaTeX Info: Redefining \url on input line 5044.
\XeTeXLinkMargin=\dimen118
\Fld@menulength=\count101
\Field@Width=\dimen119
\Fld@charsize=\dimen120
Package hyperref Info: Hyper figures OFF on input line 6298.
Package hyperref Info: Link nesting OFF on input line 6303.
Package hyperref Info: Hyper index ON on input line 6306.
Package hyperref Info: backreferencing OFF on input line 6313.
Package hyperref Info: Link coloring OFF on input line 6318.
Package hyperref Info: Link coloring with OCG OFF on input line 6323.
Package hyperref Info: PDF/A mode OFF on input line 6328.
LaTeX Info: Redefining \ref on input line 6368.
LaTeX Info: Redefining \pageref on input line 6372.
\Hy@abspage=\count102
\c@Item=\count103
\c@Hfootnote=\count104
)

Package hyperref Message: Driver (autodetected): hpdftex.

(/usr/local/texlive/2016/texmf-dist/tex/latex/hyperref/hpdftex.def
File: hpdftex.def 2016/05/05 v6.83n Hyperref driver for pdfTeX
\Fld@listcount=\count105
\c@bookmark@seq@number=\count106

(/usr/local/texlive/2016/texmf-dist/tex/latex/oberdiek/rerunfilecheck.sty
Package: rerunfilecheck 2016/05/16 v1.8 Rerun checks for auxiliary files (HO)
Package uniquecounter Info: New unique counter `rerunfilecheck' on input line 2
82.
)
\Hy@SectionHShift=\skip50
)
(/usr/local/texlive/2016/texmf-dist/tex/latex/base/makeidx.sty
Package: makeidx 2014/09/29 v1.0m Standard LaTeX package
)
(/usr/local/texlive/2016/texmf-dist/tex/latex/tools/varioref.sty
Package: varioref 2016/02/16 v1.5c package for extended references (FMi)
\c@vrcnt=\count107
)
(/usr/local/texlive/2016/texmf-dist/tex/latex/colortbl/colortbl.sty
Package: colortbl 2012/02/13 v1.0a Color table columns (DPC)

(/usr/local/texlive/2016/texmf-dist/tex/latex/tools/array.sty
Package: array 2014/10/28 v2.4c Tabular extension package (FMi)
\col@sep=\dimen121
\extrarowheight=\dimen122
\NC@list=\toks19
\extratabsurround=\skip51
\backup@length=\skip52
)
\everycr=\toks20
\minrowclearance=\skip53
)
(/usr/local/texlive/2016/texmf-dist/tex/latex/multirow/multirow.sty
\bigstrutjot=\dimen123
)
(/usr/local/texlive/2016/texmf-dist/tex/latex/pgf/frontendlayer/tikz.sty
(/usr/local/texlive/2016/texmf-dist/tex/latex/pgf/basiclayer/pgf.sty
(/usr/local/texlive/2016/texmf-dist/tex/latex/pgf/utilities/pgfrcs.sty
(/usr/local/texlive/2016/texmf-dist/tex/generic/pgf/utilities/pgfutil-common.te
x
\pgfutil@everybye=\toks21
\pgfutil@tempdima=\dimen124
\pgfutil@tempdimb=\dimen125

(/usr/local/texlive/2016/texmf-dist/tex/generic/pgf/utilities/pgfutil-common-li
sts.tex))
(/usr/local/texlive/2016/texmf-dist/tex/generic/pgf/utilities/pgfutil-latex.def
\pgfutil@abb=\box26
(/usr/local/texlive/2016/texmf-dist/tex/latex/ms/everyshi.sty
Package: everyshi 2001/05/15 v3.00 EveryShipout Package (MS)
))
(/usr/local/texlive/2016/texmf-dist/tex/generic/pgf/utilities/pgfrcs.code.tex
Package: pgfrcs 2015/08/07 v3.0.1a (rcs-revision 1.31)
))
Package: pgf 2015/08/07 v3.0.1a (rcs-revision 1.15)
(/usr/local/texlive/2016/texmf-dist/tex/latex/pgf/basiclayer/pgfcore.sty
(/usr/local/texlive/2016/texmf-dist/tex/latex/pgf/systemlayer/pgfsys.sty
(/usr/local/texlive/2016/texmf-dist/tex/generic/pgf/systemlayer/pgfsys.code.tex
Package: pgfsys 2014/07/09 v3.0.1a (rcs-revision 1.48)
(/usr/local/texlive/2016/texmf-dist/tex/generic/pgf/utilities/pgfkeys.code.tex
\pgfkeys@pathtoks=\toks22
\pgfkeys@temptoks=\toks23

(/usr/local/texlive/2016/texmf-dist/tex/generic/pgf/utilities/pgfkeysfiltered.c
ode.tex
\pgfkeys@tmptoks=\toks24
))
\pgf@x=\dimen126
\pgf@y=\dimen127
\pgf@xa=\dimen128
\pgf@ya=\dimen129
\pgf@xb=\dimen130
\pgf@yb=\dimen131
\pgf@xc=\dimen132
\pgf@yc=\dimen133
\w@pgf@writea=\write3
\r@pgf@reada=\read1
\c@pgf@counta=\count108
\c@pgf@countb=\count109
\c@pgf@countc=\count110
\c@pgf@countd=\count111
\t@pgf@toka=\toks25
\t@pgf@tokb=\toks26
\t@pgf@tokc=\toks27

(/usr/local/texlive/2016/texmf-dist/tex/generic/pgf/systemlayer/pgf.cfg
File: pgf.cfg 2008/05/14  (rcs-revision 1.7)
)
Driver file for pgf: pgfsys-pdftex.def

(/usr/local/texlive/2016/texmf-dist/tex/generic/pgf/systemlayer/pgfsys-pdftex.d
ef
File: pgfsys-pdftex.def 2014/10/11  (rcs-revision 1.35)

(/usr/local/texlive/2016/texmf-dist/tex/generic/pgf/systemlayer/pgfsys-common-p
df.def
File: pgfsys-common-pdf.def 2013/10/10  (rcs-revision 1.13)
)))
(/usr/local/texlive/2016/texmf-dist/tex/generic/pgf/systemlayer/pgfsyssoftpath.
code.tex
File: pgfsyssoftpath.code.tex 2013/09/09  (rcs-revision 1.9)
\pgfsyssoftpath@smallbuffer@items=\count112
\pgfsyssoftpath@bigbuffer@items=\count113
)
(/usr/local/texlive/2016/texmf-dist/tex/generic/pgf/systemlayer/pgfsysprotocol.
code.tex
File: pgfsysprotocol.code.tex 2006/10/16  (rcs-revision 1.4)
))
(/usr/local/texlive/2016/texmf-dist/tex/generic/pgf/basiclayer/pgfcore.code.tex
Package: pgfcore 2010/04/11 v3.0.1a (rcs-revision 1.7)
(/usr/local/texlive/2016/texmf-dist/tex/generic/pgf/math/pgfmath.code.tex
(/usr/local/texlive/2016/texmf-dist/tex/generic/pgf/math/pgfmathcalc.code.tex
(/usr/local/texlive/2016/texmf-dist/tex/generic/pgf/math/pgfmathutil.code.tex)
(/usr/local/texlive/2016/texmf-dist/tex/generic/pgf/math/pgfmathparser.code.tex
\pgfmath@dimen=\dimen134
\pgfmath@count=\count114
\pgfmath@box=\box27
\pgfmath@toks=\toks28
\pgfmath@stack@operand=\toks29
\pgfmath@stack@operation=\toks30
)
(/usr/local/texlive/2016/texmf-dist/tex/generic/pgf/math/pgfmathfunctions.code.
tex
(/usr/local/texlive/2016/texmf-dist/tex/generic/pgf/math/pgfmathfunctions.basic
.code.tex)
(/usr/local/texlive/2016/texmf-dist/tex/generic/pgf/math/pgfmathfunctions.trigo
nometric.code.tex)
(/usr/local/texlive/2016/texmf-dist/tex/generic/pgf/math/pgfmathfunctions.rando
m.code.tex)
(/usr/local/texlive/2016/texmf-dist/tex/generic/pgf/math/pgfmathfunctions.compa
rison.code.tex)
(/usr/local/texlive/2016/texmf-dist/tex/generic/pgf/math/pgfmathfunctions.base.
code.tex)
(/usr/local/texlive/2016/texmf-dist/tex/generic/pgf/math/pgfmathfunctions.round
.code.tex)
(/usr/local/texlive/2016/texmf-dist/tex/generic/pgf/math/pgfmathfunctions.misc.
code.tex)
(/usr/local/texlive/2016/texmf-dist/tex/generic/pgf/math/pgfmathfunctions.integ
erarithmetics.code.tex)))
(/usr/local/texlive/2016/texmf-dist/tex/generic/pgf/math/pgfmathfloat.code.tex
\c@pgfmathroundto@lastzeros=\count115
))
(/usr/local/texlive/2016/texmf-dist/tex/generic/pgf/basiclayer/pgfcorepoints.co
de.tex
File: pgfcorepoints.code.tex 2013/10/07  (rcs-revision 1.27)
\pgf@picminx=\dimen135
\pgf@picmaxx=\dimen136
\pgf@picminy=\dimen137
\pgf@picmaxy=\dimen138
\pgf@pathminx=\dimen139
\pgf@pathmaxx=\dimen140
\pgf@pathminy=\dimen141
\pgf@pathmaxy=\dimen142
\pgf@xx=\dimen143
\pgf@xy=\dimen144
\pgf@yx=\dimen145
\pgf@yy=\dimen146
\pgf@zx=\dimen147
\pgf@zy=\dimen148
)
(/usr/local/texlive/2016/texmf-dist/tex/generic/pgf/basiclayer/pgfcorepathconst
ruct.code.tex
File: pgfcorepathconstruct.code.tex 2013/10/07  (rcs-revision 1.29)
\pgf@path@lastx=\dimen149
\pgf@path@lasty=\dimen150
)
(/usr/local/texlive/2016/texmf-dist/tex/generic/pgf/basiclayer/pgfcorepathusage
.code.tex
File: pgfcorepathusage.code.tex 2014/11/02  (rcs-revision 1.24)
\pgf@shorten@end@additional=\dimen151
\pgf@shorten@start@additional=\dimen152
)
(/usr/local/texlive/2016/texmf-dist/tex/generic/pgf/basiclayer/pgfcorescopes.co
de.tex
File: pgfcorescopes.code.tex 2015/05/08  (rcs-revision 1.46)
\pgfpic=\box28
\pgf@hbox=\box29
\pgf@layerbox@main=\box30
\pgf@picture@serial@count=\count116
)
(/usr/local/texlive/2016/texmf-dist/tex/generic/pgf/basiclayer/pgfcoregraphicst
ate.code.tex
File: pgfcoregraphicstate.code.tex 2014/11/02  (rcs-revision 1.12)
\pgflinewidth=\dimen153
)
(/usr/local/texlive/2016/texmf-dist/tex/generic/pgf/basiclayer/pgfcoretransform
ations.code.tex
File: pgfcoretransformations.code.tex 2015/08/07  (rcs-revision 1.20)
\pgf@pt@x=\dimen154
\pgf@pt@y=\dimen155
\pgf@pt@temp=\dimen156
)
(/usr/local/texlive/2016/texmf-dist/tex/generic/pgf/basiclayer/pgfcorequick.cod
e.tex
File: pgfcorequick.code.tex 2008/10/09  (rcs-revision 1.3)
)
(/usr/local/texlive/2016/texmf-dist/tex/generic/pgf/basiclayer/pgfcoreobjects.c
ode.tex
File: pgfcoreobjects.code.tex 2006/10/11  (rcs-revision 1.2)
)
(/usr/local/texlive/2016/texmf-dist/tex/generic/pgf/basiclayer/pgfcorepathproce
ssing.code.tex
File: pgfcorepathprocessing.code.tex 2013/09/09  (rcs-revision 1.9)
)
(/usr/local/texlive/2016/texmf-dist/tex/generic/pgf/basiclayer/pgfcorearrows.co
de.tex
File: pgfcorearrows.code.tex 2015/05/14  (rcs-revision 1.43)
\pgfarrowsep=\dimen157
)
(/usr/local/texlive/2016/texmf-dist/tex/generic/pgf/basiclayer/pgfcoreshade.cod
e.tex
File: pgfcoreshade.code.tex 2013/07/15  (rcs-revision 1.15)
\pgf@max=\dimen158
\pgf@sys@shading@range@num=\count117
)
(/usr/local/texlive/2016/texmf-dist/tex/generic/pgf/basiclayer/pgfcoreimage.cod
e.tex
File: pgfcoreimage.code.tex 2013/07/15  (rcs-revision 1.18)

(/usr/local/texlive/2016/texmf-dist/tex/generic/pgf/basiclayer/pgfcoreexternal.
code.tex
File: pgfcoreexternal.code.tex 2014/07/09  (rcs-revision 1.21)
\pgfexternal@startupbox=\box31
))
(/usr/local/texlive/2016/texmf-dist/tex/generic/pgf/basiclayer/pgfcorelayers.co
de.tex
File: pgfcorelayers.code.tex 2013/07/18  (rcs-revision 1.7)
)
(/usr/local/texlive/2016/texmf-dist/tex/generic/pgf/basiclayer/pgfcoretranspare
ncy.code.tex
File: pgfcoretransparency.code.tex 2013/09/30  (rcs-revision 1.5)
)
(/usr/local/texlive/2016/texmf-dist/tex/generic/pgf/basiclayer/pgfcorepatterns.
code.tex
File: pgfcorepatterns.code.tex 2013/11/07  (rcs-revision 1.5)
)))
(/usr/local/texlive/2016/texmf-dist/tex/generic/pgf/modules/pgfmoduleshapes.cod
e.tex
File: pgfmoduleshapes.code.tex 2014/03/21  (rcs-revision 1.35)
\pgfnodeparttextbox=\box32
)
(/usr/local/texlive/2016/texmf-dist/tex/generic/pgf/modules/pgfmoduleplot.code.
tex
File: pgfmoduleplot.code.tex 2015/08/03  (rcs-revision 1.13)
)
(/usr/local/texlive/2016/texmf-dist/tex/latex/pgf/compatibility/pgfcomp-version
-0-65.sty
Package: pgfcomp-version-0-65 2007/07/03 v3.0.1a (rcs-revision 1.7)
\pgf@nodesepstart=\dimen159
\pgf@nodesepend=\dimen160
)
(/usr/local/texlive/2016/texmf-dist/tex/latex/pgf/compatibility/pgfcomp-version
-1-18.sty
Package: pgfcomp-version-1-18 2007/07/23 v3.0.1a (rcs-revision 1.1)
))
(/usr/local/texlive/2016/texmf-dist/tex/latex/pgf/utilities/pgffor.sty
(/usr/local/texlive/2016/texmf-dist/tex/latex/pgf/utilities/pgfkeys.sty
(/usr/local/texlive/2016/texmf-dist/tex/generic/pgf/utilities/pgfkeys.code.tex)
) (/usr/local/texlive/2016/texmf-dist/tex/latex/pgf/math/pgfmath.sty
(/usr/local/texlive/2016/texmf-dist/tex/generic/pgf/math/pgfmath.code.tex))
(/usr/local/texlive/2016/texmf-dist/tex/generic/pgf/utilities/pgffor.code.tex
Package: pgffor 2013/12/13 v3.0.1a (rcs-revision 1.25)

(/usr/local/texlive/2016/texmf-dist/tex/generic/pgf/math/pgfmath.code.tex)
\pgffor@iter=\dimen161
\pgffor@skip=\dimen162
\pgffor@stack=\toks31
\pgffor@toks=\toks32
))
(/usr/local/texlive/2016/texmf-dist/tex/generic/pgf/frontendlayer/tikz/tikz.cod
e.tex
Package: tikz 2015/08/07 v3.0.1a (rcs-revision 1.151)

(/usr/local/texlive/2016/texmf-dist/tex/generic/pgf/libraries/pgflibraryplothan
dlers.code.tex
File: pgflibraryplothandlers.code.tex 2013/08/31 v3.0.1a (rcs-revision 1.20)
\pgf@plot@mark@count=\count118
\pgfplotmarksize=\dimen163
)
\tikz@lastx=\dimen164
\tikz@lasty=\dimen165
\tikz@lastxsaved=\dimen166
\tikz@lastysaved=\dimen167
\tikzleveldistance=\dimen168
\tikzsiblingdistance=\dimen169
\tikz@figbox=\box33
\tikz@figbox@bg=\box34
\tikz@tempbox=\box35
\tikz@tempbox@bg=\box36
\tikztreelevel=\count119
\tikznumberofchildren=\count120
\tikznumberofcurrentchild=\count121
\tikz@fig@count=\count122

(/usr/local/texlive/2016/texmf-dist/tex/generic/pgf/modules/pgfmodulematrix.cod
e.tex
File: pgfmodulematrix.code.tex 2013/09/17  (rcs-revision 1.8)
\pgfmatrixcurrentrow=\count123
\pgfmatrixcurrentcolumn=\count124
\pgf@matrix@numberofcolumns=\count125
)
\tikz@expandcount=\count126

(/usr/local/texlive/2016/texmf-dist/tex/generic/pgf/frontendlayer/tikz/librarie
s/tikzlibrarytopaths.code.tex
File: tikzlibrarytopaths.code.tex 2008/06/17 v3.0.1a (rcs-revision 1.2)
)))
(/usr/local/texlive/2016/texmf-dist/tex/latex/fancyhdr/fancyhdr.sty
\fancy@headwidth=\skip54
\f@ncyO@elh=\skip55
\f@ncyO@erh=\skip56
\f@ncyO@olh=\skip57
\f@ncyO@orh=\skip58
\f@ncyO@elf=\skip59
\f@ncyO@erf=\skip60
\f@ncyO@olf=\skip61
\f@ncyO@orf=\skip62
)
(/usr/local/texlive/2016/texmf-dist/tex/latex/titlesec/titletoc.sty
Package: titletoc 2011/12/15 v1.6 TOC entries
\ttl@leftsep=\dimen170
)
(./headings.tex
\textlarg=\skip63
))
\@indexfile=\write4
\openout4 = `nouveau_livret_MITIC_5e_v11.idx'.


Writing index file nouveau_livret_MITIC_5e_v11.idx
(./nouveau_livret_MITIC_5e_v11.aux)
\openout1 = `nouveau_livret_MITIC_5e_v11.aux'.

LaTeX Font Info:    Checking defaults for OML/cmm/m/it on input line 8.
LaTeX Font Info:    ... okay on input line 8.
LaTeX Font Info:    Checking defaults for T1/cmr/m/n on input line 8.
LaTeX Font Info:    ... okay on input line 8.
LaTeX Font Info:    Checking defaults for OT1/cmr/m/n on input line 8.
LaTeX Font Info:    ... okay on input line 8.
LaTeX Font Info:    Checking defaults for OMS/cmsy/m/n on input line 8.
LaTeX Font Info:    ... okay on input line 8.
LaTeX Font Info:    Checking defaults for OMX/cmex/m/n on input line 8.
LaTeX Font Info:    ... okay on input line 8.
LaTeX Font Info:    Checking defaults for U/cmr/m/n on input line 8.
LaTeX Font Info:    ... okay on input line 8.
LaTeX Font Info:    Checking defaults for PD1/pdf/m/n on input line 8.
LaTeX Font Info:    ... okay on input line 8.
LaTeX Font Info:    Try loading font information for T1+lmr on input line 8.

(/usr/local/texlive/2016/texmf-dist/tex/latex/lm/t1lmr.fd
File: t1lmr.fd 2009/10/30 v1.6 Font defs for Latin Modern
)
*geometry* driver: auto-detecting
*geometry* detected driver: pdftex
*geometry* verbose mode - [ preamble ] result:
* driver: pdftex
* paper: a4paper
* layout: <same size as paper>
* layoutoffset:(h,v)=(0.0pt,0.0pt)
* modes: twoside 
* h-part:(L,W,R)=(85.35826pt, 455.24411pt, 56.9055pt)
* v-part:(T,H,B)=(85.35826pt, 674.33032pt, 85.35826pt)
* \paperwidth=597.50787pt
* \paperheight=845.04684pt
* \textwidth=455.24411pt
* \textheight=674.33032pt
* \oddsidemargin=13.08827pt
* \evensidemargin=-15.36449pt
* \topmargin=-8.91173pt
* \headheight=12.0pt
* \headsep=10.0pt
* \topskip=12.0pt
* \footskip=30.0pt
* \marginparwidth=156.9055pt
* \marginparsep=14.22636pt
* \columnsep=10.0pt
* \skip\footins=10.8pt plus 4.0pt minus 2.0pt
* \hoffset=0.0pt
* \voffset=0.0pt
* \mag=1000
* \@twocolumnfalse
* \@twosidetrue
* \@mparswitchtrue
* \@reversemarginfalse
* (1in=72.27pt=25.4mm, 1cm=28.453pt)

LaTeX Info: Redefining \degres on input line 8.
LaTeX Info: Redefining \dots on input line 8.
LaTeX Info: Redefining \up on input line 8.
(/usr/local/texlive/2016/texmf-dist/tex/context/base/mkii/supp-pdf.mkii
[Loading MPS to PDF converter (version 2006.09.02).]
\scratchcounter=\count127
\scratchdimen=\dimen171
\scratchbox=\box37
\nofMPsegments=\count128
\nofMParguments=\count129
\everyMPshowfont=\toks33
\MPscratchCnt=\count130
\MPscratchDim=\dimen172
\MPnumerator=\count131
\makeMPintoPDFobject=\count132
\everyMPtoPDFconversion=\toks34
) (/usr/local/texlive/2016/texmf-dist/tex/latex/oberdiek/epstopdf-base.sty
Package: epstopdf-base 2016/05/15 v2.6 Base part for package epstopdf

(/usr/local/texlive/2016/texmf-dist/tex/latex/oberdiek/grfext.sty
Package: grfext 2016/05/16 v1.2 Manage graphics extensions (HO)
)
Package grfext Info: Graphics extension search list:
(grfext)             [.png,.pdf,.jpg,.mps,.jpeg,.jbig2,.jb2,.PNG,.PDF,.JPG,.JPE
G,.JBIG2,.JB2,.eps]
(grfext)             \AppendGraphicsExtensions on input line 456.

(/usr/local/texlive/2016/texmf-dist/tex/latex/latexconfig/epstopdf-sys.cfg
File: epstopdf-sys.cfg 2010/07/13 v1.3 Configuration of (r)epstopdf for TeX Liv
e
))
\AtBeginShipoutBox=\box38
Package hyperref Info: Link coloring OFF on input line 8.

(/usr/local/texlive/2016/texmf-dist/tex/latex/hyperref/nameref.sty
Package: nameref 2012/10/27 v2.43 Cross-referencing by name of section

(/usr/local/texlive/2016/texmf-dist/tex/generic/oberdiek/gettitlestring.sty
Package: gettitlestring 2016/05/16 v1.5 Cleanup title references (HO)
)
\c@section@level=\count133
LaTeX Info: Redefining \Ref on input line 513.
)
LaTeX Info: Redefining \ref on input line 8.
LaTeX Info: Redefining \pageref on input line 8.
LaTeX Info: Redefining \nameref on input line 8.

(./nouveau_livret_MITIC_5e_v11.out) (./nouveau_livret_MITIC_5e_v11.out)
\@outlinefile=\write5
\openout5 = `nouveau_livret_MITIC_5e_v11.out'.

LaTeX Info: Redefining \Ref on input line 8.

ABD: EveryShipout initializing macros
\c@tmp=\count134

<./images/couvertureFlo5e_v11.png, id=103, 595.9866pt x 845.0772pt>
File: ./images/couvertureFlo5e_v11.png Graphic file (type png)

<use ./images/couvertureFlo5e_v11.png>
Package pdftex.def Info: ./images/couvertureFlo5e_v11.png used on input line 17
.
(pdftex.def)             Requested size: 595.98515pt x 845.07513pt.
 [1


 <./images/couvertureFlo5e_v11.png>]
LaTeX Font Info:    Try loading font information for OMS+lmr on input line 17.

(/usr/local/texlive/2016/texmf-dist/tex/latex/lm/omslmr.fd
File: omslmr.fd 2009/10/30 v1.6 Font defs for Latin Modern
)
LaTeX Font Info:    Try loading font information for OMS+lmsy on input line 17.


(/usr/local/texlive/2016/texmf-dist/tex/latex/lm/omslmsy.fd
File: omslmsy.fd 2009/10/30 v1.6 Font defs for Latin Modern
)
LaTeX Font Info:    Font shape `OMS/lmr/m/n' in size <12> not available
(Font)              Font shape `OMS/lmsy/m/n' tried instead on input line 17.

Underfull \hbox (badness 10000) in paragraph at lines 17--17

 []

<./images/logo_flo.pdf, id=111, 232.4685pt x 41.6757pt>
File: ./images/logo_flo.pdf Graphic file (type pdf)

<use ./images/logo_flo.pdf>
Package pdftex.def Info: ./images/logo_flo.pdf used on input line 17.
(pdftex.def)             Requested size: 232.46793pt x 41.67558pt.

Underfull \hbox (badness 10000) in paragraph at lines 17--17

 []

[2{/usr/local/texlive/2016/texmf-var/fonts/map/pdftex/updmap/pdftex.map} <./ima
ges/logo_flo.pdf>]
LaTeX Font Info:    Calculating math sizes for size <35.83> on input line 17.
LaTeX Font Info:    Try loading font information for OT1+lmr on input line 17.
 (/usr/local/texlive/2016/texmf-dist/tex/latex/lm/ot1lmr.fd
File: ot1lmr.fd 2009/10/30 v1.6 Font defs for Latin Modern
)
LaTeX Font Info:    Try loading font information for OML+lmm on input line 17.

(/usr/local/texlive/2016/texmf-dist/tex/latex/lm/omllmm.fd
File: omllmm.fd 2009/10/30 v1.6 Font defs for Latin Modern
)
LaTeX Font Info:    Try loading font information for OMX+lmex on input line 17.


(/usr/local/texlive/2016/texmf-dist/tex/latex/lm/omxlmex.fd
File: omxlmex.fd 2009/10/30 v1.6 Font defs for Latin Modern
)
LaTeX Font Info:    External font `lmex10' loaded for size
(Font)              <35.83> on input line 17.
LaTeX Font Info:    External font `lmex10' loaded for size
(Font)              <25.08089> on input line 17.
LaTeX Font Info:    External font `lmex10' loaded for size
(Font)              <17.915> on input line 17.
 [3] [4

]
(./nouveau_livret_MITIC_5e_v11.toc)
\tf@toc=\write6
\openout6 = `nouveau_livret_MITIC_5e_v11.toc'.

 [5] [6

] (./sources/planning.tex
LaTeX Font Info:    External font `lmex10' loaded for size
(Font)              <12> on input line 10.
LaTeX Font Info:    External font `lmex10' loaded for size
(Font)              <8> on input line 10.
LaTeX Font Info:    External font `lmex10' loaded for size
(Font)              <6> on input line 10.


LaTeX Warning: Reference `ficheScratch5e1' on page vii undefined on input line 
28.


LaTeX Warning: Reference `ficheScratch5e2' on page vii undefined on input line 
38.


LaTeX Warning: Reference `ficheSon5e1' on page vii undefined on input line 39.


LaTeX Warning: Reference `ficheImage5e1' on page vii undefined on input line 44
.


LaTeX Warning: Reference `ficheScratch5e3' on page vii undefined on input line 
45.


LaTeX Warning: Reference `ficheImage5e2' on page vii undefined on input line 52
.

)

Package Fancyhdr Warning: \headheight is too small (12.0pt): 
 Make it at least 14.49998pt.
 We now make it that large for the rest of the document.
 This may cause the page layout to be inconsistent, however.

[7

] [8

] (./sources/clavier.tex
<./images/generales/clavierTouches.png, id=237, 847.4862pt x 351.714pt>
File: ./images/generales/clavierTouches.png Graphic file (type png)

<use ./images/generales/clavierTouches.png>
Package pdftex.def Info: ./images/generales/clavierTouches.png used on input li
ne 6.
(pdftex.def)             Requested size: 847.48413pt x 351.71315pt.

Overfull \vbox (12.13051pt too high) has occurred while \output is active []


[9 <./images/generales/clavierTouches.png>]) [10

] (./sources/philosophie.tex
LaTeX Font Info:    Try loading font information for T1+lmtt on input line 23.

(/usr/local/texlive/2016/texmf-dist/tex/latex/lm/t1lmtt.fd
File: t1lmtt.fd 2009/10/30 v1.6 Font defs for Latin Modern
))
Underfull \vbox (badness 2644) has occurred while \output is active []

 [11

]
[12

] (./sources/tableur02/tableur02.tex
Chapitre 1.
<./images/chapitreVinci5e.png, id=260, 597.432pt x 284.262pt>
File: ./images/chapitreVinci5e.png Graphic file (type png)

<use ./images/chapitreVinci5e.png>
Package pdftex.def Info: ./images/chapitreVinci5e.png used on input line 1.
(pdftex.def)             Requested size: 597.50787pt x 284.322pt.
LaTeX Font Info:    Font shape `OMS/lmr/m/n' in size <10> not available
(Font)              Font shape `OMS/lmsy/m/n' tried instead on input line 4.
LaTeX Font Info:    External font `lmex10' loaded for size
(Font)              <10> on input line 7.
LaTeX Font Info:    External font `lmex10' loaded for size
(Font)              <7> on input line 7.
LaTeX Font Info:    External font `lmex10' loaded for size
(Font)              <5> on input line 7.
 [1

 <./images/chapitreVinci5e.png (PNG copy)>]
<./images/tableur02/SeparateurDecimal_excel.png, id=275, 100.375pt x 103.38625p
t>
File: ./images/tableur02/SeparateurDecimal_excel.png Graphic file (type png)
 <use ./images/tableur02/SeparateurDecimal_excel.png>
Package pdftex.def Info: ./images/tableur02/SeparateurDecimal_excel.png used on
 input line 70.
(pdftex.def)             Requested size: 100.37474pt x 103.38599pt.

<./images/tableur02/changerVirgule1_excel_crop.png, id=276, 726.715pt x 423.582
5pt>
File: ./images/tableur02/changerVirgule1_excel_crop.png Graphic file (type png)

 <use ./images/tableur02/changerVirgule1_excel_crop.png>
Package pdftex.def Info: ./images/tableur02/changerVirgule1_excel_crop.png used
 on input line 78.
(pdftex.def)             Requested size: 726.71321pt x 423.58147pt.
 [2 <./images/tableur02/SeparateurDecimal_excel.png> <./images/tableur02/change
rVirgule1_excel_crop.png>]
<./images/tableur02/changerVirgule2_excel_crop.png, id=287, 547.04375pt x 314.1
7375pt>
File: ./images/tableur02/changerVirgule2_excel_crop.png Graphic file (type png)

 <use ./images/tableur02/changerVirgule2_excel_crop.png>
Package pdftex.def Info: ./images/tableur02/changerVirgule2_excel_crop.png used
 on input line 84.
(pdftex.def)             Requested size: 547.0424pt x 314.17297pt.

Overfull \hbox (6.79999pt too wide) in paragraph at lines 99--99
[] 
 []


<./images/tableur02/FormatCellule1_Excel_crop.png, id=288, 160.6pt x 184.69pt>
File: ./images/tableur02/FormatCellule1_Excel_crop.png Graphic file (type png)

<use ./images/tableur02/FormatCellule1_Excel_crop.png>
Package pdftex.def Info: ./images/tableur02/FormatCellule1_Excel_crop.png used 
on input line 101.
(pdftex.def)             Requested size: 160.5996pt x 184.68953pt.

Underfull \vbox (badness 1735) has occurred while \output is active []

 [3 <./images/tableur02/changerVirgule2_excel_crop.png>]
Overfull \hbox (1.56113pt too wide) in paragraph at lines 106--107
[]\T1/lmr/m/n/12 effectuer un clic droit sur les cel-lules s-lec-tion-nes et 
choi-sir \T1/lmtt/m/n/12 Format de cellule...
 []


<./images/tableur02/FormatCellule3_Excel_crop.png, id=296, 627.34375pt x 322.20
375pt>
File: ./images/tableur02/FormatCellule3_Excel_crop.png Graphic file (type png)
 <use ./images/tableur02/FormatCellule3_Excel_crop.png>
Package pdftex.def Info: ./images/tableur02/FormatCellule3_Excel_crop.png used 
on input line 110.
(pdftex.def)             Requested size: 627.34221pt x 322.20296pt.

Overfull \hbox (32.09537pt too wide) in paragraph at lines 110--110
 [][] 
 []


<./images/tableur02/FormatCellule2_Excel_crop.png, id=297, 269.005pt x 327.2225
pt>
File: ./images/tableur02/FormatCellule2_Excel_crop.png Graphic file (type png)
 <use ./images/tableur02/FormatCellule2_Excel_crop.png>
Package pdftex.def Info: ./images/tableur02/FormatCellule2_Excel_crop.png used 
on input line 110.
(pdftex.def)             Requested size: 269.00433pt x 327.2217pt.

<./images/tableur02/FormatCellule4_Excel_crop2.png, id=299, 631.35875pt x 611.2
8375pt>
File: ./images/tableur02/FormatCellule4_Excel_crop2.png Graphic file (type png)

 <use ./images/tableur02/FormatCellule4_Excel_crop2.png>
Package pdftex.def Info: ./images/tableur02/FormatCellule4_Excel_crop2.png used
 on input line 114.
(pdftex.def)             Requested size: 631.35721pt x 611.28226pt.

Underfull \vbox (badness 10000) has occurred while \output is active []

 [4 <./images/tableur02/FormatCellule1_Excel_crop.png> <./images/tableur02/Form
atCellule3_Excel_crop.png> <./images/tableur02/FormatCellule2_Excel_crop.png>]
<./images/tableur02/FormatPage1_Excel_crop.png, id=305, 979.66pt x 138.5175pt>
File: ./images/tableur02/FormatPage1_Excel_crop.png Graphic file (type png)

<use ./images/tableur02/FormatPage1_Excel_crop.png>
Package pdftex.def Info: ./images/tableur02/FormatPage1_Excel_crop.png used on 
input line 126.
(pdftex.def)             Requested size: 979.65762pt x 138.51715pt.

<./images/generales/portraitPaysage.pdf, id=306, 297.913pt x 121.253pt>
File: ./images/generales/portraitPaysage.pdf Graphic file (type pdf)

<use ./images/generales/portraitPaysage.pdf>
Package pdftex.def Info: ./images/generales/portraitPaysage.pdf used on input l
ine 135.
(pdftex.def)             Requested size: 297.91226pt x 121.2527pt.

<./images/tableur02/FormatPage4_Excel_crop.png, id=307, 406.51875pt x 139.52126
pt>
File: ./images/tableur02/FormatPage4_Excel_crop.png Graphic file (type png)
 <use ./images/tableur02/FormatPage4_Excel_crop.png>
Package pdftex.def Info: ./images/tableur02/FormatPage4_Excel_crop.png used on 
input line 135.
(pdftex.def)             Requested size: 406.51775pt x 139.5209pt.
 [5 <./images/tableur02/FormatCellule4_Excel_crop2.png> <./images/tableur02/For
matPage1_Excel_crop.png>]
<./images/tableur02/FormatPage5_Excel_crop.png, id=313, 843.15pt x 140.525pt>
File: ./images/tableur02/FormatPage5_Excel_crop.png Graphic file (type png)

<use ./images/tableur02/FormatPage5_Excel_crop.png>
Package pdftex.def Info: ./images/tableur02/FormatPage5_Excel_crop.png used on 
input line 142.
(pdftex.def)             Requested size: 843.14793pt x 140.52464pt.

<./images/tableur02/FormatPage5a_Excel_crop.png, id=314, 843.15pt x 140.525pt>
File: ./images/tableur02/FormatPage5a_Excel_crop.png Graphic file (type png)

<use ./images/tableur02/FormatPage5a_Excel_crop.png>
Package pdftex.def Info: ./images/tableur02/FormatPage5a_Excel_crop.png used on
 input line 149.
(pdftex.def)             Requested size: 843.14793pt x 140.52464pt.

<./images/tableur02/FormatPage5b_Excel_crop.png, id=315, 714.67pt x 523.9575pt>
File: ./images/tableur02/FormatPage5b_Excel_crop.png Graphic file (type png)
<use ./images/tableur02/FormatPage5b_Excel_crop.png>
Package pdftex.def Info: ./images/tableur02/FormatPage5b_Excel_crop.png used on
 input line 153.
(pdftex.def)             Requested size: 714.66824pt x 523.95622pt.

Underfull \vbox (badness 1406) has occurred while \output is active []

 [6 <./images/generales/portraitPaysage.pdf> <./images/tableur02/FormatPage4_Ex
cel_crop.png> <./images/tableur02/FormatPage5_Excel_crop.png> <./images/tableur
02/FormatPage5a_Excel_crop.png>]
<./images/tableur02/FormatPage6_Excel_crop.png, id=338, 687.56876pt x 349.305pt
>
File: ./images/tableur02/FormatPage6_Excel_crop.png Graphic file (type png)
 <use ./images/tableur02/FormatPage6_Excel_crop.png>
Package pdftex.def Info: ./images/tableur02/FormatPage6_Excel_crop.png used on 
input line 158.
(pdftex.def)             Requested size: 687.56708pt x 349.30414pt.
 [7 <./images/tableur02/FormatPage5b_Excel_crop.png> <./images/tableur02/Format
Page6_Excel_crop.png>]
<./images/tableur02/graphiqueObtenu1_Excel_crop.png, id=345, 557.08125pt x 291.
0875pt>
File: ./images/tableur02/graphiqueObtenu1_Excel_crop.png Graphic file (type png
)
 <use ./images/tableur02/graphiqueObtenu1_Excel_crop.png>
Package pdftex.def Info: ./images/tableur02/graphiqueObtenu1_Excel_crop.png use
d on input line 170.
(pdftex.def)             Requested size: 557.0799pt x 291.08678pt.

<./images/tableur02/ajoutCourbeTendance1_Excel_crop.png, id=346, 642.4pt x 309.
155pt>
File: ./images/tableur02/ajoutCourbeTendance1_Excel_crop.png Graphic file (type
 png)
 <use ./images/tableur02/ajoutCourbeTendance1_Excel_crop.png>
Package pdftex.def Info: ./images/tableur02/ajoutCourbeTendance1_Excel_crop.png
 used on input line 175.
(pdftex.def)             Requested size: 642.39844pt x 309.15424pt.

<./images/tableur02/ajoutCourbeTendance2_Excel_crop.png, id=347, 897.3525pt x 6
14.295pt>
File: ./images/tableur02/ajoutCourbeTendance2_Excel_crop.png Graphic file (type
 png)
 <use ./images/tableur02/ajoutCourbeTendance2_Excel_crop.png>
Package pdftex.def Info: ./images/tableur02/ajoutCourbeTendance2_Excel_crop.png
 used on input line 179.
(pdftex.def)             Requested size: 897.3503pt x 614.29349pt.
 [8 <./images/tableur02/graphiqueObtenu1_Excel_crop.png> <./images/tableur02/aj
outCourbeTendance1_Excel_crop.png> <./images/tableur02/ajoutCourbeTendance2_Exc
el_crop.png>]
<./images/tableur02/InsererDiagramme4_Excel_crop.png, id=352, 352.31625pt x 213
.79875pt>
File: ./images/tableur02/InsererDiagramme4_Excel_crop.png Graphic file (type pn
g)
 <use ./images/tableur02/InsererDiagramme4_Excel_crop.png>
Package pdftex.def Info: ./images/tableur02/InsererDiagramme4_Excel_crop.png us
ed on input line 186.
(pdftex.def)             Requested size: 352.31538pt x 213.79822pt.

<./images/tableur02/InsererDiagramme1_Excel_crop.png, id=353, 757.83125pt x 473
.77pt>
File: ./images/tableur02/InsererDiagramme1_Excel_crop.png Graphic file (type pn
g)
 <use ./images/tableur02/InsererDiagramme1_Excel_crop.png>
Package pdftex.def Info: ./images/tableur02/InsererDiagramme1_Excel_crop.png us
ed on input line 190.
(pdftex.def)             Requested size: 757.8294pt x 473.76884pt.
 [9 <./images/tableur02/InsererDiagramme4_Excel_crop.png> <./images/tableur02/I
nsererDiagramme1_Excel_crop.png>] [10]
<./images/tableur02/schemaElecR.pdf, id=363, 189.70876pt x 185.8945pt>
File: ./images/tableur02/schemaElecR.pdf Graphic file (type pdf)

<use ./images/tableur02/schemaElecR.pdf>
Package pdftex.def Info: ./images/tableur02/schemaElecR.pdf used on input line 
234.
(pdftex.def)             Requested size: 189.70828pt x 185.89403pt.

Overfull \hbox (6.0pt too wide) in paragraph at lines 234--235
[][][][][][][]
 []

[11 <./images/tableur02/schemaElecR.pdf>]
Overfull \hbox (6.0pt too wide) in paragraph at lines 252--253
[][][][][][][]
 []

<./images/generales/clavierCmdS.png, id=390, 196.5744pt x 72.63135pt>
File: ./images/generales/clavierCmdS.png Graphic file (type png)

<use ./images/generales/clavierCmdS.png>
Package pdftex.def Info: ./images/generales/clavierCmdS.png used on input line 
259.
(pdftex.def)             Requested size: 196.57391pt x 72.63116pt.

Overfull \hbox (6.79999pt too wide) in paragraph at lines 259--259
[] 
 []


Underfull \hbox (badness 10000) in paragraph at lines 309--309

 []

<./images/tableur02/ActiviteMaths1.png, id=392, 886.31125pt x 145.54375pt>
File: ./images/tableur02/ActiviteMaths1.png Graphic file (type png)

<use ./images/tableur02/ActiviteMaths1.png>
Package pdftex.def Info: ./images/tableur02/ActiviteMaths1.png used on input li
ne 309.
(pdftex.def)             Requested size: 886.30908pt x 145.54338pt.

Overfull \hbox (6.0pt too wide) in paragraph at lines 309--310
[][][][][][][]
 []

[12 <./images/generales/clavierCmdS.png>] [13 <./images/tableur02/ActiviteMaths
1.png>]
<./images/tableur02/ActiviteMaths2.png, id=415, 871.255pt x 138.5175pt>
File: ./images/tableur02/ActiviteMaths2.png Graphic file (type png)

<use ./images/tableur02/ActiviteMaths2.png>
Package pdftex.def Info: ./images/tableur02/ActiviteMaths2.png used on input li
ne 333.
(pdftex.def)             Requested size: 871.25288pt x 138.51715pt.


LaTeX Warning: Hyper reference `MoodleRendreDevoir' on page 14 undefined on inp
ut line 333.


LaTeX Warning: Reference `MoodleRendreDevoir' on page 14 undefined on input lin
e 333.


Overfull \hbox (6.0pt too wide) in paragraph at lines 333--334
[][][][][][][]
 []

<./images/tableur02/hemicercle.pdf, id=417, 161.403pt x 84.7165pt>
File: ./images/tableur02/hemicercle.pdf Graphic file (type pdf)

<use ./images/tableur02/hemicercle.pdf>
Package pdftex.def Info: ./images/tableur02/hemicercle.pdf used on input line 3
37.
(pdftex.def)             Requested size: 161.4026pt x 84.7163pt.

Overfull \hbox (6.79999pt too wide) in paragraph at lines 341--341
[] 
 []

[14 <./images/tableur02/ActiviteMaths2.png> <./images/tableur02/hemicercle.pdf>
]
Underfull \hbox (badness 10000) in paragraph at lines 378--378

 []

<./images/tableur02/cartePopulation.png, id=434, 1806.75pt x 1101.11375pt>
File: ./images/tableur02/cartePopulation.png Graphic file (type png)

<use ./images/tableur02/cartePopulation.png>
Package pdftex.def Info: ./images/tableur02/cartePopulation.png used on input l
ine 378.
(pdftex.def)             Requested size: 1806.7456pt x 1101.11108pt.

Overfull \hbox (6.0pt too wide) in paragraph at lines 378--379
[][][][][][][]
 []


LaTeX Warning: Hyper reference `MoodleRendreDevoir' on page 15 undefined on inp
ut line 388.


LaTeX Warning: Reference `MoodleRendreDevoir' on page 15 undefined on input lin
e 388.


Overfull \hbox (6.0pt too wide) in paragraph at lines 388--389
[][][][][][][]
 []


Underfull \vbox (badness 10000) has occurred while \output is active []

 [15 <./images/tableur02/cartePopulation.png>]
File: ./images/generales/clavierCmdS.png Graphic file (type png)
 <use ./images/generales/clavierCmdS.png>
Package pdftex.def Info: ./images/generales/clavierCmdS.png used on input line 
396.
(pdftex.def)             Requested size: 196.57391pt x 72.63116pt.

Overfull \hbox (6.79999pt too wide) in paragraph at lines 396--396
[] 
 []

) (./sources/texte02/texte02.tex [16]
Chapitre 2.
File: ./images/chapitreVinci5e.png Graphic file (type png)
<use ./images/chapitreVinci5e.png>
Package pdftex.def Info: ./images/chapitreVinci5e.png used on input line 1.
(pdftex.def)             Requested size: 597.50787pt x 284.322pt.

Underfull \hbox (badness 10000) in paragraph at lines 3--4

 []

[17

]

LaTeX Warning: Hyper reference `MoodleRendreDevoir' on page 18 undefined on inp
ut line 76.


LaTeX Warning: Reference `MoodleRendreDevoir' on page 18 undefined on input lin
e 76.


Overfull \hbox (6.0pt too wide) in paragraph at lines 76--77
[][][][][][][]
 []

File: ./images/generales/clavierCmdS.png Graphic file (type png)
<use ./images/generales/clavierCmdS.png>
Package pdftex.def Info: ./images/generales/clavierCmdS.png used on input line 
86.
(pdftex.def)             Requested size: 196.57391pt x 72.63116pt.

Overfull \hbox (6.79999pt too wide) in paragraph at lines 86--86
[] 
 []

[18]
<./sources/texte02/ExtraitChansonRoland5eFormate.pdf, id=475, 597.23125pt x 845
.1575pt>
File: ./sources/texte02/ExtraitChansonRoland5eFormate.pdf Graphic file (type pd
f)
 <use ./sources/texte02/ExtraitChansonRoland5eFormate.pdf>
Package pdftex.def Info: ./sources/texte02/ExtraitChansonRoland5eFormate.pdf us
ed on input line 96.
(pdftex.def)             Requested size: 341.43307pt x 483.17624pt.
 [19 <./sources/texte02/ExtraitChansonRoland5eFormate.pdf>]

LaTeX Warning: Hyper reference `Texte5eOutils' on page 20 undefined on input li
ne 130.


LaTeX Warning: Reference `Texte5eOutils' on page 20 undefined on input line 130
.


Underfull \hbox (badness 1622) in paragraph at lines 130--130
[]\T1/lmr/m/n/12 Sur la page Wi-ki-p-dia an-glaise de William Sha-kes-peare []
$\T1/lmtt/m/n/12 https : / / en .
 []


LaTeX Warning: Hyper reference `MoodleRendreDevoir' on page 20 undefined on inp
ut line 130.


LaTeX Warning: Reference `MoodleRendreDevoir' on page 20 undefined on input lin
e 130.


Overfull \hbox (6.0pt too wide) in paragraph at lines 130--131
[][][][][][][]
 []

File: ./images/generales/clavierCmdS.png Graphic file (type png)
<use ./images/generales/clavierCmdS.png>
Package pdftex.def Info: ./images/generales/clavierCmdS.png used on input line 
140.
(pdftex.def)             Requested size: 196.57391pt x 72.63116pt.

Overfull \hbox (6.79999pt too wide) in paragraph at lines 140--140
[] 
 []


Underfull \vbox (badness 10000) has occurred while \output is active []

 [20]
[21]
<./sources/texte02/Shakespeare_MuchAdo_Formate.pdf, id=530, 597.23125pt x 845.1
575pt>
File: ./sources/texte02/Shakespeare_MuchAdo_Formate.pdf Graphic file (type pdf)

 <use ./sources/texte02/Shakespeare_MuchAdo_Formate.pdf>
Package pdftex.def Info: ./sources/texte02/Shakespeare_MuchAdo_Formate.pdf used
 on input line 149.
(pdftex.def)             Requested size: 341.43307pt x 483.17624pt.
 [22 <./sources/texte02/Shakespeare_MuchAdo_Formate.pdf>]

LaTeX Warning: Hyper reference `Texte5eOutils' on page 23 undefined on input li
ne 185.


LaTeX Warning: Reference `Texte5eOutils' on page 23 undefined on input line 185
.


LaTeX Warning: Hyper reference `MoodleRendreDevoir' on page 23 undefined on inp
ut line 185.


LaTeX Warning: Reference `MoodleRendreDevoir' on page 23 undefined on input lin
e 185.


Overfull \hbox (6.0pt too wide) in paragraph at lines 185--186
[][][][][][][]
 []

File: ./images/generales/clavierCmdS.png Graphic file (type png)
<use ./images/generales/clavierCmdS.png>
Package pdftex.def Info: ./images/generales/clavierCmdS.png used on input line 
192.
(pdftex.def)             Requested size: 196.57391pt x 72.63116pt.

Overfull \hbox (6.79999pt too wide) in paragraph at lines 192--192
[] 
 []


Underfull \vbox (badness 10000) has occurred while \output is active []

 [23]
[24] <./sources/texte02/MiticHistoire5e.pdf, id=585, 597.23125pt x 845.1575pt>
File: ./sources/texte02/MiticHistoire5e.pdf Graphic file (type pdf)

<use ./sources/texte02/MiticHistoire5e.pdf>
Package pdftex.def Info: ./sources/texte02/MiticHistoire5e.pdf used on input li
ne 201.
(pdftex.def)             Requested size: 341.43307pt x 483.17624pt.
 [25 <./sources/texte02/MiticHistoire5e.pdf>]
<./images/texte02/InsererTableauFini.png, id=622, 839.135pt x 116.435pt>
File: ./images/texte02/InsererTableauFini.png Graphic file (type png)

<use ./images/texte02/InsererTableauFini.png>
Package pdftex.def Info: ./images/texte02/InsererTableauFini.png used on input 
line 238.
(pdftex.def)             Requested size: 839.13293pt x 116.43471pt.

<./images/texte02/InsererTableauIcone.png, id=623, 42.1575pt x 31.11626pt>
File: ./images/texte02/InsererTableauIcone.png Graphic file (type png)

<use ./images/texte02/InsererTableauIcone.png>
Package pdftex.def Info: ./images/texte02/InsererTableauIcone.png used on input
 line 241.
(pdftex.def)             Requested size: 17.07182pt x 12.60057pt.

<./images/texte02/InsererTableau1.png, id=624, 811.03pt x 265.99374pt>
File: ./images/texte02/InsererTableau1.png Graphic file (type png)

<use ./images/texte02/InsererTableau1.png>
Package pdftex.def Info: ./images/texte02/InsererTableau1.png used on input lin
e 246.
(pdftex.def)             Requested size: 811.02802pt x 265.99309pt.

<./images/texte02/InsererTableau2bis.png, id=625, 275.0275pt x 191.71625pt>
File: ./images/texte02/InsererTableau2bis.png Graphic file (type png)

<use ./images/texte02/InsererTableau2bis.png>
Package pdftex.def Info: ./images/texte02/InsererTableau2bis.png used on input 
line 246.
(pdftex.def)             Requested size: 275.02682pt x 191.71577pt.

<./images/texte02/InsererTableau2.png, id=626, 348.30125pt x 386.44376pt>
File: ./images/texte02/InsererTableau2.png Graphic file (type png)

<use ./images/texte02/InsererTableau2.png>
Package pdftex.def Info: ./images/texte02/InsererTableau2.png used on input lin
e 252.
(pdftex.def)             Requested size: 348.3004pt x 386.44281pt.

Underfull \vbox (badness 3138) has occurred while \output is active []

 [26 <./images/texte02/InsererTableauFini.png> <./images/texte02/InsererTableau
Icone.png> <./images/texte02/InsererTableau1.png> <./images/texte02/InsererTabl
eau2bis.png>] <./images/texte02/InsererTableauVide.png, id=635, 835.12pt x 114.
4275pt>
File: ./images/texte02/InsererTableauVide.png Graphic file (type png)

<use ./images/texte02/InsererTableauVide.png>
Package pdftex.def Info: ./images/texte02/InsererTableauVide.png used on input 
line 256.
(pdftex.def)             Requested size: 835.11795pt x 114.42722pt.

<./images/texte02/InsererTableauSelection.png, id=636, 816.04875pt x 108.405pt>
File: ./images/texte02/InsererTableauSelection.png Graphic file (type png)
<use ./images/texte02/InsererTableauSelection.png>
Package pdftex.def Info: ./images/texte02/InsererTableauSelection.png used on i
nput line 260.
(pdftex.def)             Requested size: 816.04677pt x 108.40472pt.

<./images/texte02/InsererTableauFusion.png, id=637, 644.4075pt x 372.39125pt>
File: ./images/texte02/InsererTableauFusion.png Graphic file (type png)

<use ./images/texte02/InsererTableauFusion.png>
Package pdftex.def Info: ./images/texte02/InsererTableauFusion.png used on inpu
t line 265.
(pdftex.def)             Requested size: 644.40593pt x 372.39034pt.

<./images/texte02/InsererTableauFusionSouris.png, id=638, 383.4325pt x 420.5712
4pt>
File: ./images/texte02/InsererTableauFusionSouris.png Graphic file (type png)
 <use ./images/texte02/InsererTableauFusionSouris.png>
Package pdftex.def Info: ./images/texte02/InsererTableauFusionSouris.png used o
n input line 265.
(pdftex.def)             Requested size: 383.43156pt x 420.57022pt.
 [27 <./images/texte02/InsererTableau2.png> <./images/texte02/InsererTableauVid
e.png> <./images/texte02/InsererTableauSelection.png> <./images/texte02/Inserer
TableauFusion.png> <./images/texte02/InsererTableauFusionSouris.png>]
File: ./images/texte02/InsererTableauFini.png Graphic file (type png)

<use ./images/texte02/InsererTableauFini.png>
Package pdftex.def Info: ./images/texte02/InsererTableauFini.png used on input 
line 272.
(pdftex.def)             Requested size: 839.13293pt x 116.43471pt.

<./images/texte02/InsererTableauCentrage.png, id=648, 622.325pt x 287.0725pt>
File: ./images/texte02/InsererTableauCentrage.png Graphic file (type png)

<use ./images/texte02/InsererTableauCentrage.png>
Package pdftex.def Info: ./images/texte02/InsererTableauCentrage.png used on in
put line 283.
(pdftex.def)             Requested size: 622.32347pt x 287.0718pt.

<./images/texte02/iconeTableauCentrage.png, id=649, 31.11626pt x 31.11626pt>
File: ./images/texte02/iconeTableauCentrage.png Graphic file (type png)

<use ./images/texte02/iconeTableauCentrage.png>
Package pdftex.def Info: ./images/texte02/iconeTableauCentrage.png used on inpu
t line 285.
(pdftex.def)             Requested size: 17.07182pt x 17.07219pt.

<./images/texte02/InsererTableauSupprimer.png, id=650, 675.52374pt x 201.75375p
t>
File: ./images/texte02/InsererTableauSupprimer.png Graphic file (type png)
 <use ./images/texte02/InsererTableauSupprimer.png>
Package pdftex.def Info: ./images/texte02/InsererTableauSupprimer.png used on i
nput line 292.
(pdftex.def)             Requested size: 675.5221pt x 201.75325pt.

<./images/texte02/listePuces01.png, id=651, 880.28876pt x 441.65pt>
File: ./images/texte02/listePuces01.png Graphic file (type png)

<use ./images/texte02/listePuces01.png>
Package pdftex.def Info: ./images/texte02/listePuces01.png used on input line 3
04.
(pdftex.def)             Requested size: 880.2866pt x 441.64891pt.
 [28 <./images/texte02/InsererTableauCentrage.png> <./images/texte02/iconeTable
auCentrage.png> <./images/texte02/InsererTableauSupprimer.png>]
<./images/texte02/listePucesIcone.png, id=659, 40.15pt x 33.12375pt>
File: ./images/texte02/listePucesIcone.png Graphic file (type png)

<use ./images/texte02/listePucesIcone.png>
Package pdftex.def Info: ./images/texte02/listePucesIcone.png used on input lin
e 306.
(pdftex.def)             Requested size: 17.07182pt x 14.08472pt.

<./images/texte02/listePuces02.png, id=660, 804.00375pt x 348.30125pt>
File: ./images/texte02/listePuces02.png Graphic file (type png)

<use ./images/texte02/listePuces02.png>
Package pdftex.def Info: ./images/texte02/listePuces02.png used on input line 3
08.
(pdftex.def)             Requested size: 804.0018pt x 348.3004pt.

<./images/texte02/listePuces03.png, id=661, 494.84875pt x 266.9975pt>
File: ./images/texte02/listePuces03.png Graphic file (type png)

<use ./images/texte02/listePuces03.png>
Package pdftex.def Info: ./images/texte02/listePuces03.png used on input line 3
12.
(pdftex.def)             Requested size: 494.84755pt x 266.99683pt.
File: ./images/texte02/listePucesIcone.png Graphic file (type png)

<use ./images/texte02/listePucesIcone.png>
Package pdftex.def Info: ./images/texte02/listePucesIcone.png used on input lin
e 317.
(pdftex.def)             Requested size: 17.07182pt x 14.08472pt.

<./images/generales/clavierDelete.png, id=662, 100.81665pt x 77.3289pt>
File: ./images/generales/clavierDelete.png Graphic file (type png)

<use ./images/generales/clavierDelete.png>
Package pdftex.def Info: ./images/generales/clavierDelete.png used on input lin
e 320.
(pdftex.def)             Requested size: 100.81639pt x 77.3287pt.
 [29 <./images/texte02/listePuces01.png> <./images/texte02/listePucesIcone.png>
 <./images/texte02/listePuces02.png> <./images/texte02/listePuces03.png>]
<./images/texte02/Hyperlien1.png, id=671, 671.50874pt x 388.45125pt>
File: ./images/texte02/Hyperlien1.png Graphic file (type png)

<use ./images/texte02/Hyperlien1.png>
Package pdftex.def Info: ./images/texte02/Hyperlien1.png used on input line 332
.
(pdftex.def)             Requested size: 671.50711pt x 388.45029pt.

<./images/texte02/Hyperlien2.png, id=673, 831.105pt x 474.77374pt>
File: ./images/texte02/Hyperlien2.png Graphic file (type png)

<use ./images/texte02/Hyperlien2.png>
Package pdftex.def Info: ./images/texte02/Hyperlien2.png used on input line 336
.
(pdftex.def)             Requested size: 831.10297pt x 474.77258pt.

Underfull \vbox (badness 10000) has occurred while \output is active []

 [30 <./images/generales/clavierDelete.png> <./images/texte02/Hyperlien1.png>]
<./images/texte02/Hyperlien3.png, id=681, 285.065pt x 97.36375pt>
File: ./images/texte02/Hyperlien3.png Graphic file (type png)

<use ./images/texte02/Hyperlien3.png>
Package pdftex.def Info: ./images/texte02/Hyperlien3.png used on input line 340
.
(pdftex.def)             Requested size: 285.0643pt x 97.3635pt.

<./images/texte02/InsererNoteBasPage1.png, id=683, 605.26125pt x 498.86375pt>
File: ./images/texte02/InsererNoteBasPage1.png Graphic file (type png)

<use ./images/texte02/InsererNoteBasPage1.png>
Package pdftex.def Info: ./images/texte02/InsererNoteBasPage1.png used on input
 line 351.
(pdftex.def)             Requested size: 605.25975pt x 498.86253pt.
 [31 <./images/texte02/Hyperlien2.png> <./images/texte02/Hyperlien3.png> <./ima
ges/texte02/InsererNoteBasPage1.png>]
<./images/texte02/InsererNoteBasPage2.png, id=693, 1135.24126pt x 439.6425pt>
File: ./images/texte02/InsererNoteBasPage2.png Graphic file (type png)

<use ./images/texte02/InsererNoteBasPage2.png>
Package pdftex.def Info: ./images/texte02/InsererNoteBasPage2.png used on input
 line 355.
(pdftex.def)             Requested size: 1135.23848pt x 439.64142pt.

<./images/texte02/Correction0.png, id=694, 827.09pt x 327.2225pt>
File: ./images/texte02/Correction0.png Graphic file (type png)

<use ./images/texte02/Correction0.png>
Package pdftex.def Info: ./images/texte02/Correction0.png used on input line 36
6.
(pdftex.def)             Requested size: 827.08797pt x 327.2217pt.

<./images/texte02/Correction1.png, id=695, 372.39125pt x 169.63374pt>
File: ./images/texte02/Correction1.png Graphic file (type png)

<use ./images/texte02/Correction1.png>
Package pdftex.def Info: ./images/texte02/Correction1.png used on input line 37
0.
(pdftex.def)             Requested size: 372.39034pt x 169.63332pt.

<./images/texte02/Correction2.png, id=696, 363.3575pt x 205.76875pt>
File: ./images/texte02/Correction2.png Graphic file (type png)

<use ./images/texte02/Correction2.png>
Package pdftex.def Info: ./images/texte02/Correction2.png used on input line 37
4.
(pdftex.def)             Requested size: 363.3566pt x 205.76823pt.
 [32 <./images/texte02/InsererNoteBasPage2.png> <./images/texte02/Correction0.p
ng> <./images/texte02/Correction1.png>]
<./images/texte02/iconeInsererImage.png, id=704, 31.11626pt x 31.11626pt>
File: ./images/texte02/iconeInsererImage.png Graphic file (type png)

<use ./images/texte02/iconeInsererImage.png>
Package pdftex.def Info: ./images/texte02/iconeInsererImage.png used on input l
ine 383.
(pdftex.def)             Requested size: 17.07182pt x 17.07219pt.

<./images/texte02/InsererImage1.png, id=705, 579.16376pt x 187.70125pt>
File: ./images/texte02/InsererImage1.png Graphic file (type png)

<use ./images/texte02/InsererImage1.png>
Package pdftex.def Info: ./images/texte02/InsererImage1.png used on input line 
386.
(pdftex.def)             Requested size: 579.16234pt x 187.70079pt.

<./images/texte02/InsererImage2.png, id=706, 660.4675pt x 281.05pt>
File: ./images/texte02/InsererImage2.png Graphic file (type png)

<use ./images/texte02/InsererImage2.png>
Package pdftex.def Info: ./images/texte02/InsererImage2.png used on input line 
386.
(pdftex.def)             Requested size: 660.46588pt x 281.0493pt.

<./images/texte02/pointeurMain.png, id=707, 166.37157pt x 197.98969pt>
File: ./images/texte02/pointeurMain.png Graphic file (type png)

<use ./images/texte02/pointeurMain.png>
Package pdftex.def Info: ./images/texte02/pointeurMain.png used on input line 3
88.
(pdftex.def)             Requested size: 8.5359pt x 10.15685pt.

<./images/texte02/iconeAncre.png, id=708, 22.0825pt x 22.0825pt>
File: ./images/texte02/iconeAncre.png Graphic file (type png)

<use ./images/texte02/iconeAncre.png>
Package pdftex.def Info: ./images/texte02/iconeAncre.png used on input line 388
.
(pdftex.def)             Requested size: 11.38092pt x 11.38086pt.

<./images/texte02/InsererImage5.png, id=709, 669.50125pt x 542.025pt>
File: ./images/texte02/InsererImage5.png Graphic file (type png)

<use ./images/texte02/InsererImage5.png>
Package pdftex.def Info: ./images/texte02/InsererImage5.png used on input line 
400.
(pdftex.def)             Requested size: 669.49962pt x 542.02367pt.

Underfull \vbox (badness 1158) has occurred while \output is active []

 [33 <./images/texte02/Correction2.png> <./images/texte02/iconeInsererImage.png
> <./images/texte02/InsererImage1.png> <./images/texte02/InsererImage2.png> <./
images/texte02/pointeurMain.png> <./images/texte02/iconeAncre.png>]
<./images/texte02/InsererImage6.png, id=720, 672.5125pt x 542.025pt>
File: ./images/texte02/InsererImage6.png Graphic file (type png)

<use ./images/texte02/InsererImage6.png>
Package pdftex.def Info: ./images/texte02/InsererImage6.png used on input line 
404.
(pdftex.def)             Requested size: 672.51085pt x 542.02367pt.
 [34 <./images/texte02/InsererImage5.png> <./images/texte02/InsererImage6.png>]

<./images/texte02/InsererImage7.png, id=727, 838.13126pt x 188.705pt>
File: ./images/texte02/InsererImage7.png Graphic file (type png)

<use ./images/texte02/InsererImage7.png>
Package pdftex.def Info: ./images/texte02/InsererImage7.png used on input line 
408.
(pdftex.def)             Requested size: 838.12921pt x 188.70453pt.

<./images/texte02/InsererImage3.png, id=728, 749.80125pt x 421.575pt>
File: ./images/texte02/InsererImage3.png Graphic file (type png)

<use ./images/texte02/InsererImage3.png>
Package pdftex.def Info: ./images/texte02/InsererImage3.png used on input line 
416.
(pdftex.def)             Requested size: 749.79942pt x 421.57396pt.
)
No file nouveau_livret_MITIC_5e_v11.ind.
[35 <./images/texte02/InsererImage7.png> <./images/texte02/InsererImage3.png>]
Package atveryend Info: Empty hook `BeforeClearDocument' on input line 49.
Package atveryend Info: Empty hook `AfterLastShipout' on input line 49.

(./nouveau_livret_MITIC_5e_v11.aux)
Package atveryend Info: Executing hook `AtVeryEndDocument' on input line 49.
Package atveryend Info: Executing hook `AtEndAfterFileList' on input line 49.


Package rerunfilecheck Warning: File `nouveau_livret_MITIC_5e_v11.out' has chan
ged.
(rerunfilecheck)                Rerun to get outlines right
(rerunfilecheck)                or use package `bookmark'.

Package rerunfilecheck Info: Checksums for `nouveau_livret_MITIC_5e_v11.out':
(rerunfilecheck)             Before: 16256CE94EEA808649077C5F8EAE8813;2004
(rerunfilecheck)             After:  CE2936B9A7E728B5F299E144FC797B44;2018.

LaTeX Warning: There were undefined references.


LaTeX Warning: Label(s) may have changed. Rerun to get cross-references right.

Package atveryend Info: Empty hook `AtVeryVeryEnd' on input line 49.
 ) 
Here is how much of TeX's memory you used:
 18465 strings out of 493014
 344169 string characters out of 6133351
 407149 words of memory out of 5000000
 21374 multiletter control sequences out of 15000+600000
 122799 words of font info for 73 fonts, out of 8000000 for 9000
 1141 hyphenation exceptions out of 8191
 62i,13n,56p,834b,1075s stack positions out of 5000i,500n,10000p,200000b,80000s
{/usr/local/texlive/2016/texmf-dist/fonts/enc/dvips/lm/lm-ec.enc}{/usr/local/
texlive/2016/texmf-dist/fonts/enc/dvips/lm/lm-rm.enc}{/usr/local/texlive/2016/t
exmf-dist/fonts/enc/dvips/lm/lm-mathit.enc}{/usr/local/texlive/2016/texmf-dist/
fonts/enc/dvips/lm/lm-mathsy.enc}</usr/local/texlive/2016/texmf-dist/fonts/type
1/public/lm/lmbx10.pfb></usr/local/texlive/2016/texmf-dist/fonts/type1/public/l
m/lmbx12.pfb></usr/local/texlive/2016/texmf-dist/fonts/type1/public/lm/lmbxo10.
pfb></usr/local/texlive/2016/texmf-dist/fonts/type1/public/lm/lmmi12.pfb></usr/
local/texlive/2016/texmf-dist/fonts/type1/public/lm/lmr10.pfb></usr/local/texli
ve/2016/texmf-dist/fonts/type1/public/lm/lmr12.pfb></usr/local/texlive/2016/tex
mf-dist/fonts/type1/public/lm/lmr17.pfb></usr/local/texlive/2016/texmf-dist/fon
ts/type1/public/lm/lmr7.pfb></usr/local/texlive/2016/texmf-dist/fonts/type1/pub
lic/lm/lmr8.pfb></usr/local/texlive/2016/texmf-dist/fonts/type1/public/lm/lmri1
0.pfb></usr/local/texlive/2016/texmf-dist/fonts/type1/public/lm/lmri12.pfb></us
r/local/texlive/2016/texmf-dist/fonts/type1/public/lm/lmri7.pfb></usr/local/tex
live/2016/texmf-dist/fonts/type1/public/lm/lmri8.pfb></usr/local/texlive/2016/t
exmf-dist/fonts/type1/public/lm/lmro12.pfb></usr/local/texlive/2016/texmf-dist/
fonts/type1/public/lm/lmro8.pfb></usr/local/texlive/2016/texmf-dist/fonts/type1
/public/lm/lmsy10.pfb></usr/local/texlive/2016/texmf-dist/fonts/type1/public/lm
/lmtt10.pfb></usr/local/texlive/2016/texmf-dist/fonts/type1/public/lm/lmtt12.pf
b></usr/local/texlive/2016/texmf-dist/fonts/type1/public/lm/lmtti10.pfb>
Output written on nouveau_livret_MITIC_5e_v11.pdf (47 pages, 8365071 bytes).
PDF statistics:
 831 PDF objects out of 1000 (max. 8388607)
 590 compressed objects within 6 object streams
 144 named destinations out of 1000 (max. 500000)
 535 words of extra memory for PDF output out of 10000 (max. 10000000)

